#
# A fatal error has been detected by the Java Runtime Environment:
#
#  SIGBUS (0xa) at pc=0x0000000110af14f0, pid=3054, tid=29199
#
# JRE version: OpenJDK Runtime Environment (16.0.2+7) (build 16.0.2+7)
# Java VM: OpenJDK 64-Bit Server VM (16.0.2+7, mixed mode, tiered, compressed oops, compressed class ptrs, g1 gc, bsd-aarch64)
# Problematic frame:
# v  ~StubRoutines::SafeFetchN
#
# No core dump will be written. Core dumps have been disabled. To enable core dumping, try "ulimit -c unlimited" before starting Java again
#
# If you would like to submit a bug report, please visit:
#   https://bell-sw.com/support
# The crash happened outside the Java Virtual Machine in native code.
# See problematic frame for where to report the bug.
#

---------------  S U M M A R Y ------------

Command Line: -javaagent:/Applications/IntelliJ IDEA CE.app/Contents/lib/idea_rt.jar=49550:/Applications/IntelliJ IDEA CE.app/Contents/bin -Dfile.encoding=UTF-8 sample.Main

Host: MacBookPro17,1 arm64 1 MHz, 8 cores, 16G, Darwin 21.1.0, macOS 12.0.1 (21A559)
Time: Tue Nov 30 18:32:54 2021 EST elapsed time: 0.232892 seconds (0d 0h 0m 0s)

---------------  T H R E A D  ---------------

Current thread (0x000000014781ba00):  JavaThread "InvokeLaterDispatcher" daemon [_thread_in_native, id=29199, stack(0x000000016db10000,0x000000016dd13000)]

Stack: [0x000000016db10000,0x000000016dd13000],  sp=0x000000016dd127c0,  free space=2057k
Native frames: (J=compiled Java code, A=aot compiled Java code, j=interpreted, Vv=VM code, C=native code)
v  ~StubRoutines::SafeFetchN
V  [libjvm.dylib+0x789a7c]  _ZN10OopStorage7releaseEPKP7oopDesc+0x20
V  [libjvm.dylib+0x49b370]  jni_DeleteGlobalRef+0xf0
C  [libglass.dylib+0xa7f4]  -[GlassRunnable dealloc]+0x34
C  [Foundation+0x85e0c]  -[_NSThreadPerformInfo dealloc]+0x30
C  [Foundation+0x525e8]  -[NSObject(NSThreadPerformAdditions) performSelectorOnMainThread:withObject:waitUntilDone:]+0x88
C  0x2372800110af9c6c
j  com.sun.glass.ui.mac.MacApplication.submitForLaterInvocation(Ljava/lang/Runnable;)V+2 javafx.graphics@16.0.2
j  com.sun.glass.ui.InvokeLaterDispatcher.run()V+82 javafx.graphics@16.0.2
v  ~StubRoutines::call_stub
V  [libjvm.dylib+0x442094]  _ZN9JavaCalls11call_helperEP9JavaValueRK12methodHandleP17JavaCallArgumentsP6Thread+0x3a8
V  [libjvm.dylib+0x441094]  _ZN9JavaCalls12call_virtualEP9JavaValueP5KlassP6SymbolS5_P17JavaCallArgumentsP6Thread+0x11c
V  [libjvm.dylib+0x441160]  _ZN9JavaCalls12call_virtualEP9JavaValue6HandleP5KlassP6SymbolS6_P6Thread+0x64
V  [libjvm.dylib+0x4fb03c]  _ZL12thread_entryP10JavaThreadP6Thread+0xc4
V  [libjvm.dylib+0x94d8d8]  _ZN10JavaThread17thread_main_innerEv+0xb0
V  [libjvm.dylib+0x94b45c]  _ZN6Thread8call_runEv+0x8c
V  [libjvm.dylib+0x790a6c]  _ZL19thread_native_entryP6Thread+0x16c
C  [libsystem_pthread.dylib+0x74ec]  _pthread_start+0x94

Java frames: (J=compiled Java code, j=interpreted, Vv=VM code)
j  com.sun.glass.ui.mac.MacApplication._submitForLaterInvocation(Ljava/lang/Runnable;)V+0 javafx.graphics@16.0.2
j  com.sun.glass.ui.mac.MacApplication.submitForLaterInvocation(Ljava/lang/Runnable;)V+2 javafx.graphics@16.0.2
j  com.sun.glass.ui.InvokeLaterDispatcher.run()V+82 javafx.graphics@16.0.2
v  ~StubRoutines::call_stub

siginfo: si_signo: 10 (SIGBUS), si_code: 1 (BUS_ADRALN), si_addr: 0x0000000110af14f0

Register to memory mapping:

 x0=0x0000000136f04148 points into unknown readable memory: 0x0000000000000000 | 00 00 00 00 00 00 00 00
 x1=0x0 is NULL
 x2=0x0 is NULL
 x3=0x0 is NULL
 x4=0x00000000000130a8 is an unknown value
 x5=0x0 is NULL
 x6=0x0 is NULL
 x7=0x0 is NULL
 x8=0x0000000110af14ec is at begin+0 in a stub
StubRoutines::SafeFetchN [0x0000000110af14ec, 0x0000000110af14f8] (12 bytes)
 x9=0x0 is NULL
x10=0x2010000030300000 is an unknown value
x11=0x0000000000000007 is an unknown value
x12=0x0 is NULL
x13=0x0000600001276a70 points into unknown readable memory: 0x0000000000000000 | 00 00 00 00 00 00 00 00
x14=0x0000000000000001 is an unknown value
x15=0x0000000105f25f90: OBJC_CLASS_$_GlassRunnable+0 in /Library/Java/JavaVirtualMachines/liberica-jdk-16-full.jdk/Contents/Home/lib/libglass.dylib at 0x0000000105ee0000
x16=0x00000001c8934340: pthread_getspecific+0 in /usr/lib/system/libsystem_pthread.dylib at 0x00000001c8932000
x17=0x00006000032504e0 points into unknown readable memory: 0x0000000000000000 | 00 00 00 00 00 00 00 00
x18=0x0 is NULL
x19=0x000060000176ca10 points into unknown readable memory: 0x0000600003e5fa10 | 10 fa e5 03 00 60 00 00
x20=0x0000000136f03f40 points into unknown readable memory: 0x35bf37fd00eb2477 | 77 24 eb 00 fd 37 bf 35
x21=0x0000000136f04148 points into unknown readable memory: 0x0000000000000000 | 00 00 00 00 00 00 00 00
x22=0x000000014781ba00 is a thread
x23=0x0000000000000001 is an unknown value
x24=0x0000000136f04100 is a global jni handle
x25=0x0000000106b29938: _ZN12StubRoutines17_safefetchN_entryE+0 in /Library/Java/JavaVirtualMachines/liberica-jdk-16-full.jdk/Contents/Home/lib/server/libjvm.dylib at 0x0000000105f6c000
x26=0x0000000141830000 is pointing into metadata
x27=0x0 is NULL
x28=0x000000014781ba00 is a thread


Registers:
 x0=0x0000000136f04148  x1=0x0000000000000000  x2=0x0000000000000000  x3=0x0000000000000000
 x4=0x00000000000130a8  x5=0x0000000000000000  x6=0x0000000000000000  x7=0x0000000000000000
 x8=0x0000000110af14ec  x9=0x0000000000000000 x10=0x2010000030300000 x11=0x0000000000000007
x12=0x0000000000000000 x13=0x0000600001276a70 x14=0x0000000000000001 x15=0x0000000105f25f90
x16=0x00000001c8934340 x17=0x00006000032504e0 x18=0x0000000000000000 x19=0x000060000176ca10
x20=0x0000000136f03f40 x21=0x0000000136f04148 x22=0x000000014781ba00 x23=0x0000000000000001
x24=0x0000000136f04100 x25=0x0000000106b29938 x26=0x0000000141830000 x27=0x0000000000000000
x28=0x000000014781ba00  fp=0x000000016dd12800  lr=0x00000001066f4a24  sp=0x000000016dd127c0
pc=0x0000000110af14f0 cpsr=0x0000000060001000
Top of Stack: (sp=0x000000016dd127c0)
0x000000016dd127c0:   0000000141830000 0000000000000001
0x000000016dd127d0:   000000016dd129c8 0000000147817800
0x000000016dd127e0:   0000000147817b08 0000000136f04138
0x000000016dd127f0:   0000000136f04138 000060000176ca10
0x000000016dd12800:   000000016dd12840 00000001066f5a7c
0x000000016dd12810:   0000000147817800 0000000136f04138
0x000000016dd12820:   0000000147817b08 0000000136f04138
0x000000016dd12830:   0000000147817800 0000000000000001
0x000000016dd12840:   000000016dd12880 0000000106407370
0x000000016dd12850:   000000016dd129c8 0000600003e345e0
0x000000016dd12860:   0000600003e345d0 0000000212b619f4
0x000000016dd12870:   0000000000000000 0000600003e345d0
0x000000016dd12880:   000000016dd128b0 0000000105eea7f4
0x000000016dd12890:   7e7f68c667e1005f 0000000000000000
0x000000016dd128a0:   0000000000000000 000060000297c700
0x000000016dd128b0:   000000016dd128f0 00000001c98fce0c
0x000000016dd128c0:   000000016dd129c8 0000600003e345e0
0x000000016dd128d0:   0000600003e345d0 7e7f68c667e1005f
0x000000016dd128e0:   0000000000000000 0000000000000000
0x000000016dd128f0:   000000016dd12930 397a8001c98c95e8
0x000000016dd12900:   000000016dd129c8 0000000110af8a00
0x000000016dd12910:   0000000000000000 0000000106b31198
0x000000016dd12920:   000000016dd12940 0000000110af7970
0x000000016dd12930:   000000016dd129a0 2372800110af9c6c
0x000000016dd12940:   000000016dd12940 000000013419a065
0x000000016dd12950:   000000016dd12950 0000000000000000
0x000000016dd12960:   000000016dd129c8 0000000141830000
0x000000016dd12970:   00000006cfb62838 0000000000000000
0x000000016dd12980:   0000000000000000 0000000141803830
0x000000016dd12990:   0000000000000000 000000016dd129a0
0x000000016dd129a0:   000000016dd12a20 0000000110af5fc8
0x000000016dd129b0:   0000000000000000 0000000000000000 

Instructions: (pc=0x0000000110af14f0)
0x0000000110af13f0:   f2a0d5e9 f2c00029 6d425935 1e640886
0x0000000110af1400:   0c402d31 1e6408c7 1f5654d0 1e6c1017
0x0000000110af1410:   1f5050d0 1f504cd0 1f5048d0 1e650af6
0x0000000110af1420:   1f50d8f6 1f5694d6 1f5158f6 1e762880
0x0000000110af1430:   36000501 1e614000 14000026 2e251ca5
0x0000000110af1440:   d28e3009 f2a0d5e9 f2c00029 6d425d36
0x0000000110af1450:   1e600806 0c402d32 1f5758c7 1e6c101a
0x0000000110af1460:   1f4754c7 1e650805 1f4750c7 d2866668
0x0000000110af1470:   f2a7fa68 1f474cc7 1e6608c0 1f4748c7
0x0000000110af1480:   1e6e1019 eb08007f 540000ac 1f479400
0x0000000110af1490:   1f460340 1e603b20 1400000e d2a7fd29
0x0000000110af14a0:   eb09007f 540000ac 51480069 d3607d29
0x0000000110af14b0:   9e670121 14000002 1e6a5001 1f679417
0x0000000110af14c0:   1f668742 1e613b23 1e773857 1e773860
0x0000000110af14d0:   a8c17ff3 910003bf a8c17bfd d65f03c0
0x0000000110af14e0:   b9400001 aa0103e0 d65f03c0 f9400001
0x0000000110af14f0:   aa0103e0 d65f03c0 00000000 00000000
0x0000000110af1500:   00000000 00000000 00000000 00000000
0x0000000110af1510:   00000000 00000000 00000000 00000000
0x0000000110af1520:   00000000 00000000 00000000 00000000
0x0000000110af1530:   00000000 00000000 00000000 00000000
0x0000000110af1540:   00000000 00000000 00000000 00000000
0x0000000110af1550:   00000000 00000000 00000000 00000000
0x0000000110af1560:   00000000 00000000 00000000 00000000
0x0000000110af1570:   00000000 00000000 00000000 00000000
0x0000000110af1580:   00000000 00000000 00000000 00000000
0x0000000110af1590:   00000000 00000000 00000000 00000000
0x0000000110af15a0:   00000000 00000000 00000000 00000000
0x0000000110af15b0:   00000000 00000000 00000000 00000000
0x0000000110af15c0:   00000000 00000000 00000000 00000000
0x0000000110af15d0:   00000000 00000000 00000000 00000000
0x0000000110af15e0:   00000000 00000000 00000000 00000000 


Stack slot to memory mapping:
stack at sp + 0 slots: 0x0000000141830000 is pointing into metadata
stack at sp + 1 slots: 0x0000000000000001 is an unknown value
stack at sp + 2 slots: 0x000000016dd129c8 is pointing into the stack for thread: 0x000000014781ba00
stack at sp + 3 slots: 0x0000000147817800 is a thread
stack at sp + 4 slots: 0x0000000147817b08 points into unknown readable memory: 0x0000000106ae5e00 | 00 5e ae 06 01 00 00 00
stack at sp + 5 slots: 0x0000000136f04138 is a global jni handle
stack at sp + 6 slots: 0x0000000136f04138 is a global jni handle
stack at sp + 7 slots: 0x000060000176ca10 points into unknown readable memory: 0x0000600003e5fa10 | 10 fa e5 03 00 60 00 00

StubRoutines::SafeFetchN [0x0000000110af14ec, 0x0000000110af14f8] (12 bytes)
[MachCode]
  0x0000000110af14ec: 0100 40f9 | e003 01aa | c003 5fd6 
[/MachCode]

---------------  P R O C E S S  ---------------

Threads class SMR info:
_java_thread_list=0x0000600003c35ac0, length=16, elements={
0x0000000137810a00, 0x000000014780e600, 0x000000013791a000, 0x0000000148008e00,
0x000000013791c600, 0x0000000134808200, 0x000000014800c000, 0x000000013791a600,
0x0000000148014600, 0x000000014781aa00, 0x0000000148084c00, 0x0000000148085200,
0x000000014001ba00, 0x000000014781ba00, 0x0000000147817800, 0x0000000137aae800
}

Java Threads: ( => current thread )
  0x0000000137810a00 JavaThread "main" [_thread_blocked, id=10243, stack(0x000000016b07c000,0x000000016b27f000)]
  0x000000014780e600 JavaThread "Reference Handler" daemon [_thread_blocked, id=13827, stack(0x000000016bed0000,0x000000016c0d3000)]
  0x000000013791a000 JavaThread "Finalizer" daemon [_thread_blocked, id=14339, stack(0x000000016c0dc000,0x000000016c2df000)]
  0x0000000148008e00 JavaThread "Signal Dispatcher" daemon [_thread_blocked, id=23043, stack(0x000000016c48c000,0x000000016c68f000)]
  0x000000013791c600 JavaThread "Service Thread" daemon [_thread_blocked, id=42755, stack(0x000000016c698000,0x000000016c89b000)]
  0x0000000134808200 JavaThread "Monitor Deflation Thread" daemon [_thread_blocked, id=42243, stack(0x000000016c8a4000,0x000000016caa7000)]
  0x000000014800c000 JavaThread "C2 CompilerThread0" daemon [_thread_in_native, id=41731, stack(0x000000016cab0000,0x000000016ccb3000)]
  0x000000013791a600 JavaThread "C1 CompilerThread0" daemon [_thread_blocked, id=41219, stack(0x000000016ccbc000,0x000000016cebf000)]
  0x0000000148014600 JavaThread "Sweeper thread" daemon [_thread_blocked, id=40707, stack(0x000000016cec8000,0x000000016d0cb000)]
  0x000000014781aa00 JavaThread "Common-Cleaner" daemon [_thread_blocked, id=23299, stack(0x000000016d0d4000,0x000000016d2d7000)]
  0x0000000148084c00 JavaThread "Monitor Ctrl-Break" daemon [_thread_in_native, id=40195, stack(0x000000016d2e0000,0x000000016d4e3000)]
  0x0000000148085200 JavaThread "Notification Thread" daemon [_thread_blocked, id=39939, stack(0x000000016d4ec000,0x000000016d6ef000)]
  0x000000014001ba00 JavaThread "QuantumRenderer-0" daemon [_thread_blocked, id=39683, stack(0x000000016d904000,0x000000016db07000)]
=>0x000000014781ba00 JavaThread "InvokeLaterDispatcher" daemon [_thread_in_native, id=29199, stack(0x000000016db10000,0x000000016dd13000)]
  0x0000000147817800 JavaThread "JavaFX Application Thread" [_thread_in_vm, id=259, stack(0x000000016a7f4000,0x000000016aff0000)]
  0x0000000137aae800 JavaThread "JavaFX-Launcher" [_thread_blocked, id=77591, stack(0x000000016de34000,0x000000016e037000)]

Other Threads:
  0x0000000137616ad0 VMThread "VM Thread" [stack: 0x000000016bcc4000,0x000000016bec7000] [id=16387]
  0x000000014760aed0 WatcherThread [stack: 0x000000016d6f8000,0x000000016d8fb000] [id=24323]
  0x0000000137606da0 GCTaskThread "GC Thread#0" [stack: 0x000000016b288000,0x000000016b48b000] [id=11523]
  0x0000000137607280 ConcurrentGCThread "G1 Main Marker" [stack: 0x000000016b494000,0x000000016b697000] [id=11779]
  0x0000000137607b60 ConcurrentGCThread "G1 Conc#0" [stack: 0x000000016b6a0000,0x000000016b8a3000] [id=18179]
  0x0000000137612a30 ConcurrentGCThread "G1 Refine#0" [stack: 0x000000016b8ac000,0x000000016baaf000] [id=17667]
  0x0000000137613330 ConcurrentGCThread "G1 Service" [stack: 0x000000016bab8000,0x000000016bcbb000] [id=12547]

Threads with active compile tasks:
C2 CompilerThread0      239  577       4       jdk.internal.org.objectweb.asm.SymbolTable::addConstantUtf8 (98 bytes)

VM state: not at safepoint (normal execution)

VM Mutex/Monitor currently owned by a thread: None

Heap address: 0x00000006c0000000, size: 4096 MB, Compressed Oops mode: Zero based, Oop shift amount: 3

Compressed class space mapped at: 0x0000000300000000-0x0000000340000000, reserved size: 1073741824
Narrow klass base: 0x0000000000000000, Narrow klass shift: 3, Narrow klass range: 0x340000000

GC Precious Log:
 CPUs: 8 total, 8 available
 Memory: 16384M
 Large Page Support: Disabled
 NUMA Support: Disabled
 Compressed Oops: Enabled (Zero based)
 Heap Region Size: 2M
 Heap Min Capacity: 8M
 Heap Initial Capacity: 256M
 Heap Max Capacity: 4G
 Pre-touch: Disabled
 Parallel Workers: 8
 Concurrent Workers: 2
 Concurrent Refinement Workers: 8
 Periodic GC: Disabled

Heap:
 garbage-first heap   total 262144K, used 6144K [0x00000006c0000000, 0x00000007c0000000)
  region size 2048K, 4 young (8192K), 0 survivors (0K)
 Metaspace       used 10078K, committed 10304K, reserved 1064960K
  class space    used 949K, committed 1024K, reserved 1048576K

Heap Regions: E=young(eden), S=young(survivor), O=old, HS=humongous(starts), HC=humongous(continues), CS=collection set, F=free, OA=open archive, CA=closed archive, TAMS=top-at-mark-start (previous, next)
|   0|0x00000006c0000000, 0x00000006c0000000, 0x00000006c0200000|  0%| F|  |TAMS 0x00000006c0000000, 0x00000006c0000000| Untracked 
|   1|0x00000006c0200000, 0x00000006c0200000, 0x00000006c0400000|  0%| F|  |TAMS 0x00000006c0200000, 0x00000006c0200000| Untracked 
|   2|0x00000006c0400000, 0x00000006c0400000, 0x00000006c0600000|  0%| F|  |TAMS 0x00000006c0400000, 0x00000006c0400000| Untracked 
|   3|0x00000006c0600000, 0x00000006c0600000, 0x00000006c0800000|  0%| F|  |TAMS 0x00000006c0600000, 0x00000006c0600000| Untracked 
|   4|0x00000006c0800000, 0x00000006c0800000, 0x00000006c0a00000|  0%| F|  |TAMS 0x00000006c0800000, 0x00000006c0800000| Untracked 
|   5|0x00000006c0a00000, 0x00000006c0a00000, 0x00000006c0c00000|  0%| F|  |TAMS 0x00000006c0a00000, 0x00000006c0a00000| Untracked 
|   6|0x00000006c0c00000, 0x00000006c0c00000, 0x00000006c0e00000|  0%| F|  |TAMS 0x00000006c0c00000, 0x00000006c0c00000| Untracked 
|   7|0x00000006c0e00000, 0x00000006c0e00000, 0x00000006c1000000|  0%| F|  |TAMS 0x00000006c0e00000, 0x00000006c0e00000| Untracked 
|   8|0x00000006c1000000, 0x00000006c1000000, 0x00000006c1200000|  0%| F|  |TAMS 0x00000006c1000000, 0x00000006c1000000| Untracked 
|   9|0x00000006c1200000, 0x00000006c1200000, 0x00000006c1400000|  0%| F|  |TAMS 0x00000006c1200000, 0x00000006c1200000| Untracked 
|  10|0x00000006c1400000, 0x00000006c1400000, 0x00000006c1600000|  0%| F|  |TAMS 0x00000006c1400000, 0x00000006c1400000| Untracked 
|  11|0x00000006c1600000, 0x00000006c1600000, 0x00000006c1800000|  0%| F|  |TAMS 0x00000006c1600000, 0x00000006c1600000| Untracked 
|  12|0x00000006c1800000, 0x00000006c1800000, 0x00000006c1a00000|  0%| F|  |TAMS 0x00000006c1800000, 0x00000006c1800000| Untracked 
|  13|0x00000006c1a00000, 0x00000006c1a00000, 0x00000006c1c00000|  0%| F|  |TAMS 0x00000006c1a00000, 0x00000006c1a00000| Untracked 
|  14|0x00000006c1c00000, 0x00000006c1c00000, 0x00000006c1e00000|  0%| F|  |TAMS 0x00000006c1c00000, 0x00000006c1c00000| Untracked 
|  15|0x00000006c1e00000, 0x00000006c1e00000, 0x00000006c2000000|  0%| F|  |TAMS 0x00000006c1e00000, 0x00000006c1e00000| Untracked 
|  16|0x00000006c2000000, 0x00000006c2000000, 0x00000006c2200000|  0%| F|  |TAMS 0x00000006c2000000, 0x00000006c2000000| Untracked 
|  17|0x00000006c2200000, 0x00000006c2200000, 0x00000006c2400000|  0%| F|  |TAMS 0x00000006c2200000, 0x00000006c2200000| Untracked 
|  18|0x00000006c2400000, 0x00000006c2400000, 0x00000006c2600000|  0%| F|  |TAMS 0x00000006c2400000, 0x00000006c2400000| Untracked 
|  19|0x00000006c2600000, 0x00000006c2600000, 0x00000006c2800000|  0%| F|  |TAMS 0x00000006c2600000, 0x00000006c2600000| Untracked 
|  20|0x00000006c2800000, 0x00000006c2800000, 0x00000006c2a00000|  0%| F|  |TAMS 0x00000006c2800000, 0x00000006c2800000| Untracked 
|  21|0x00000006c2a00000, 0x00000006c2a00000, 0x00000006c2c00000|  0%| F|  |TAMS 0x00000006c2a00000, 0x00000006c2a00000| Untracked 
|  22|0x00000006c2c00000, 0x00000006c2c00000, 0x00000006c2e00000|  0%| F|  |TAMS 0x00000006c2c00000, 0x00000006c2c00000| Untracked 
|  23|0x00000006c2e00000, 0x00000006c2e00000, 0x00000006c3000000|  0%| F|  |TAMS 0x00000006c2e00000, 0x00000006c2e00000| Untracked 
|  24|0x00000006c3000000, 0x00000006c3000000, 0x00000006c3200000|  0%| F|  |TAMS 0x00000006c3000000, 0x00000006c3000000| Untracked 
|  25|0x00000006c3200000, 0x00000006c3200000, 0x00000006c3400000|  0%| F|  |TAMS 0x00000006c3200000, 0x00000006c3200000| Untracked 
|  26|0x00000006c3400000, 0x00000006c3400000, 0x00000006c3600000|  0%| F|  |TAMS 0x00000006c3400000, 0x00000006c3400000| Untracked 
|  27|0x00000006c3600000, 0x00000006c3600000, 0x00000006c3800000|  0%| F|  |TAMS 0x00000006c3600000, 0x00000006c3600000| Untracked 
|  28|0x00000006c3800000, 0x00000006c3800000, 0x00000006c3a00000|  0%| F|  |TAMS 0x00000006c3800000, 0x00000006c3800000| Untracked 
|  29|0x00000006c3a00000, 0x00000006c3a00000, 0x00000006c3c00000|  0%| F|  |TAMS 0x00000006c3a00000, 0x00000006c3a00000| Untracked 
|  30|0x00000006c3c00000, 0x00000006c3c00000, 0x00000006c3e00000|  0%| F|  |TAMS 0x00000006c3c00000, 0x00000006c3c00000| Untracked 
|  31|0x00000006c3e00000, 0x00000006c3e00000, 0x00000006c4000000|  0%| F|  |TAMS 0x00000006c3e00000, 0x00000006c3e00000| Untracked 
|  32|0x00000006c4000000, 0x00000006c4000000, 0x00000006c4200000|  0%| F|  |TAMS 0x00000006c4000000, 0x00000006c4000000| Untracked 
|  33|0x00000006c4200000, 0x00000006c4200000, 0x00000006c4400000|  0%| F|  |TAMS 0x00000006c4200000, 0x00000006c4200000| Untracked 
|  34|0x00000006c4400000, 0x00000006c4400000, 0x00000006c4600000|  0%| F|  |TAMS 0x00000006c4400000, 0x00000006c4400000| Untracked 
|  35|0x00000006c4600000, 0x00000006c4600000, 0x00000006c4800000|  0%| F|  |TAMS 0x00000006c4600000, 0x00000006c4600000| Untracked 
|  36|0x00000006c4800000, 0x00000006c4800000, 0x00000006c4a00000|  0%| F|  |TAMS 0x00000006c4800000, 0x00000006c4800000| Untracked 
|  37|0x00000006c4a00000, 0x00000006c4a00000, 0x00000006c4c00000|  0%| F|  |TAMS 0x00000006c4a00000, 0x00000006c4a00000| Untracked 
|  38|0x00000006c4c00000, 0x00000006c4c00000, 0x00000006c4e00000|  0%| F|  |TAMS 0x00000006c4c00000, 0x00000006c4c00000| Untracked 
|  39|0x00000006c4e00000, 0x00000006c4e00000, 0x00000006c5000000|  0%| F|  |TAMS 0x00000006c4e00000, 0x00000006c4e00000| Untracked 
|  40|0x00000006c5000000, 0x00000006c5000000, 0x00000006c5200000|  0%| F|  |TAMS 0x00000006c5000000, 0x00000006c5000000| Untracked 
|  41|0x00000006c5200000, 0x00000006c5200000, 0x00000006c5400000|  0%| F|  |TAMS 0x00000006c5200000, 0x00000006c5200000| Untracked 
|  42|0x00000006c5400000, 0x00000006c5400000, 0x00000006c5600000|  0%| F|  |TAMS 0x00000006c5400000, 0x00000006c5400000| Untracked 
|  43|0x00000006c5600000, 0x00000006c5600000, 0x00000006c5800000|  0%| F|  |TAMS 0x00000006c5600000, 0x00000006c5600000| Untracked 
|  44|0x00000006c5800000, 0x00000006c5800000, 0x00000006c5a00000|  0%| F|  |TAMS 0x00000006c5800000, 0x00000006c5800000| Untracked 
|  45|0x00000006c5a00000, 0x00000006c5a00000, 0x00000006c5c00000|  0%| F|  |TAMS 0x00000006c5a00000, 0x00000006c5a00000| Untracked 
|  46|0x00000006c5c00000, 0x00000006c5c00000, 0x00000006c5e00000|  0%| F|  |TAMS 0x00000006c5c00000, 0x00000006c5c00000| Untracked 
|  47|0x00000006c5e00000, 0x00000006c5e00000, 0x00000006c6000000|  0%| F|  |TAMS 0x00000006c5e00000, 0x00000006c5e00000| Untracked 
|  48|0x00000006c6000000, 0x00000006c6000000, 0x00000006c6200000|  0%| F|  |TAMS 0x00000006c6000000, 0x00000006c6000000| Untracked 
|  49|0x00000006c6200000, 0x00000006c6200000, 0x00000006c6400000|  0%| F|  |TAMS 0x00000006c6200000, 0x00000006c6200000| Untracked 
|  50|0x00000006c6400000, 0x00000006c6400000, 0x00000006c6600000|  0%| F|  |TAMS 0x00000006c6400000, 0x00000006c6400000| Untracked 
|  51|0x00000006c6600000, 0x00000006c6600000, 0x00000006c6800000|  0%| F|  |TAMS 0x00000006c6600000, 0x00000006c6600000| Untracked 
|  52|0x00000006c6800000, 0x00000006c6800000, 0x00000006c6a00000|  0%| F|  |TAMS 0x00000006c6800000, 0x00000006c6800000| Untracked 
|  53|0x00000006c6a00000, 0x00000006c6a00000, 0x00000006c6c00000|  0%| F|  |TAMS 0x00000006c6a00000, 0x00000006c6a00000| Untracked 
|  54|0x00000006c6c00000, 0x00000006c6c00000, 0x00000006c6e00000|  0%| F|  |TAMS 0x00000006c6c00000, 0x00000006c6c00000| Untracked 
|  55|0x00000006c6e00000, 0x00000006c6e00000, 0x00000006c7000000|  0%| F|  |TAMS 0x00000006c6e00000, 0x00000006c6e00000| Untracked 
|  56|0x00000006c7000000, 0x00000006c7000000, 0x00000006c7200000|  0%| F|  |TAMS 0x00000006c7000000, 0x00000006c7000000| Untracked 
|  57|0x00000006c7200000, 0x00000006c7200000, 0x00000006c7400000|  0%| F|  |TAMS 0x00000006c7200000, 0x00000006c7200000| Untracked 
|  58|0x00000006c7400000, 0x00000006c7400000, 0x00000006c7600000|  0%| F|  |TAMS 0x00000006c7400000, 0x00000006c7400000| Untracked 
|  59|0x00000006c7600000, 0x00000006c7600000, 0x00000006c7800000|  0%| F|  |TAMS 0x00000006c7600000, 0x00000006c7600000| Untracked 
|  60|0x00000006c7800000, 0x00000006c7800000, 0x00000006c7a00000|  0%| F|  |TAMS 0x00000006c7800000, 0x00000006c7800000| Untracked 
|  61|0x00000006c7a00000, 0x00000006c7a00000, 0x00000006c7c00000|  0%| F|  |TAMS 0x00000006c7a00000, 0x00000006c7a00000| Untracked 
|  62|0x00000006c7c00000, 0x00000006c7c00000, 0x00000006c7e00000|  0%| F|  |TAMS 0x00000006c7c00000, 0x00000006c7c00000| Untracked 
|  63|0x00000006c7e00000, 0x00000006c7e00000, 0x00000006c8000000|  0%| F|  |TAMS 0x00000006c7e00000, 0x00000006c7e00000| Untracked 
|  64|0x00000006c8000000, 0x00000006c8000000, 0x00000006c8200000|  0%| F|  |TAMS 0x00000006c8000000, 0x00000006c8000000| Untracked 
|  65|0x00000006c8200000, 0x00000006c8200000, 0x00000006c8400000|  0%| F|  |TAMS 0x00000006c8200000, 0x00000006c8200000| Untracked 
|  66|0x00000006c8400000, 0x00000006c8400000, 0x00000006c8600000|  0%| F|  |TAMS 0x00000006c8400000, 0x00000006c8400000| Untracked 
|  67|0x00000006c8600000, 0x00000006c8600000, 0x00000006c8800000|  0%| F|  |TAMS 0x00000006c8600000, 0x00000006c8600000| Untracked 
|  68|0x00000006c8800000, 0x00000006c8800000, 0x00000006c8a00000|  0%| F|  |TAMS 0x00000006c8800000, 0x00000006c8800000| Untracked 
|  69|0x00000006c8a00000, 0x00000006c8a00000, 0x00000006c8c00000|  0%| F|  |TAMS 0x00000006c8a00000, 0x00000006c8a00000| Untracked 
|  70|0x00000006c8c00000, 0x00000006c8c00000, 0x00000006c8e00000|  0%| F|  |TAMS 0x00000006c8c00000, 0x00000006c8c00000| Untracked 
|  71|0x00000006c8e00000, 0x00000006c8e00000, 0x00000006c9000000|  0%| F|  |TAMS 0x00000006c8e00000, 0x00000006c8e00000| Untracked 
|  72|0x00000006c9000000, 0x00000006c9000000, 0x00000006c9200000|  0%| F|  |TAMS 0x00000006c9000000, 0x00000006c9000000| Untracked 
|  73|0x00000006c9200000, 0x00000006c9200000, 0x00000006c9400000|  0%| F|  |TAMS 0x00000006c9200000, 0x00000006c9200000| Untracked 
|  74|0x00000006c9400000, 0x00000006c9400000, 0x00000006c9600000|  0%| F|  |TAMS 0x00000006c9400000, 0x00000006c9400000| Untracked 
|  75|0x00000006c9600000, 0x00000006c9600000, 0x00000006c9800000|  0%| F|  |TAMS 0x00000006c9600000, 0x00000006c9600000| Untracked 
|  76|0x00000006c9800000, 0x00000006c9800000, 0x00000006c9a00000|  0%| F|  |TAMS 0x00000006c9800000, 0x00000006c9800000| Untracked 
|  77|0x00000006c9a00000, 0x00000006c9a00000, 0x00000006c9c00000|  0%| F|  |TAMS 0x00000006c9a00000, 0x00000006c9a00000| Untracked 
|  78|0x00000006c9c00000, 0x00000006c9c00000, 0x00000006c9e00000|  0%| F|  |TAMS 0x00000006c9c00000, 0x00000006c9c00000| Untracked 
|  79|0x00000006c9e00000, 0x00000006c9e00000, 0x00000006ca000000|  0%| F|  |TAMS 0x00000006c9e00000, 0x00000006c9e00000| Untracked 
|  80|0x00000006ca000000, 0x00000006ca000000, 0x00000006ca200000|  0%| F|  |TAMS 0x00000006ca000000, 0x00000006ca000000| Untracked 
|  81|0x00000006ca200000, 0x00000006ca200000, 0x00000006ca400000|  0%| F|  |TAMS 0x00000006ca200000, 0x00000006ca200000| Untracked 
|  82|0x00000006ca400000, 0x00000006ca400000, 0x00000006ca600000|  0%| F|  |TAMS 0x00000006ca400000, 0x00000006ca400000| Untracked 
|  83|0x00000006ca600000, 0x00000006ca600000, 0x00000006ca800000|  0%| F|  |TAMS 0x00000006ca600000, 0x00000006ca600000| Untracked 
|  84|0x00000006ca800000, 0x00000006ca800000, 0x00000006caa00000|  0%| F|  |TAMS 0x00000006ca800000, 0x00000006ca800000| Untracked 
|  85|0x00000006caa00000, 0x00000006caa00000, 0x00000006cac00000|  0%| F|  |TAMS 0x00000006caa00000, 0x00000006caa00000| Untracked 
|  86|0x00000006cac00000, 0x00000006cac00000, 0x00000006cae00000|  0%| F|  |TAMS 0x00000006cac00000, 0x00000006cac00000| Untracked 
|  87|0x00000006cae00000, 0x00000006cae00000, 0x00000006cb000000|  0%| F|  |TAMS 0x00000006cae00000, 0x00000006cae00000| Untracked 
|  88|0x00000006cb000000, 0x00000006cb000000, 0x00000006cb200000|  0%| F|  |TAMS 0x00000006cb000000, 0x00000006cb000000| Untracked 
|  89|0x00000006cb200000, 0x00000006cb200000, 0x00000006cb400000|  0%| F|  |TAMS 0x00000006cb200000, 0x00000006cb200000| Untracked 
|  90|0x00000006cb400000, 0x00000006cb400000, 0x00000006cb600000|  0%| F|  |TAMS 0x00000006cb400000, 0x00000006cb400000| Untracked 
|  91|0x00000006cb600000, 0x00000006cb600000, 0x00000006cb800000|  0%| F|  |TAMS 0x00000006cb600000, 0x00000006cb600000| Untracked 
|  92|0x00000006cb800000, 0x00000006cb800000, 0x00000006cba00000|  0%| F|  |TAMS 0x00000006cb800000, 0x00000006cb800000| Untracked 
|  93|0x00000006cba00000, 0x00000006cba00000, 0x00000006cbc00000|  0%| F|  |TAMS 0x00000006cba00000, 0x00000006cba00000| Untracked 
|  94|0x00000006cbc00000, 0x00000006cbc00000, 0x00000006cbe00000|  0%| F|  |TAMS 0x00000006cbc00000, 0x00000006cbc00000| Untracked 
|  95|0x00000006cbe00000, 0x00000006cbe00000, 0x00000006cc000000|  0%| F|  |TAMS 0x00000006cbe00000, 0x00000006cbe00000| Untracked 
|  96|0x00000006cc000000, 0x00000006cc000000, 0x00000006cc200000|  0%| F|  |TAMS 0x00000006cc000000, 0x00000006cc000000| Untracked 
|  97|0x00000006cc200000, 0x00000006cc200000, 0x00000006cc400000|  0%| F|  |TAMS 0x00000006cc200000, 0x00000006cc200000| Untracked 
|  98|0x00000006cc400000, 0x00000006cc400000, 0x00000006cc600000|  0%| F|  |TAMS 0x00000006cc400000, 0x00000006cc400000| Untracked 
|  99|0x00000006cc600000, 0x00000006cc600000, 0x00000006cc800000|  0%| F|  |TAMS 0x00000006cc600000, 0x00000006cc600000| Untracked 
| 100|0x00000006cc800000, 0x00000006cc800000, 0x00000006cca00000|  0%| F|  |TAMS 0x00000006cc800000, 0x00000006cc800000| Untracked 
| 101|0x00000006cca00000, 0x00000006cca00000, 0x00000006ccc00000|  0%| F|  |TAMS 0x00000006cca00000, 0x00000006cca00000| Untracked 
| 102|0x00000006ccc00000, 0x00000006ccc00000, 0x00000006cce00000|  0%| F|  |TAMS 0x00000006ccc00000, 0x00000006ccc00000| Untracked 
| 103|0x00000006cce00000, 0x00000006cce00000, 0x00000006cd000000|  0%| F|  |TAMS 0x00000006cce00000, 0x00000006cce00000| Untracked 
| 104|0x00000006cd000000, 0x00000006cd000000, 0x00000006cd200000|  0%| F|  |TAMS 0x00000006cd000000, 0x00000006cd000000| Untracked 
| 105|0x00000006cd200000, 0x00000006cd200000, 0x00000006cd400000|  0%| F|  |TAMS 0x00000006cd200000, 0x00000006cd200000| Untracked 
| 106|0x00000006cd400000, 0x00000006cd400000, 0x00000006cd600000|  0%| F|  |TAMS 0x00000006cd400000, 0x00000006cd400000| Untracked 
| 107|0x00000006cd600000, 0x00000006cd600000, 0x00000006cd800000|  0%| F|  |TAMS 0x00000006cd600000, 0x00000006cd600000| Untracked 
| 108|0x00000006cd800000, 0x00000006cd800000, 0x00000006cda00000|  0%| F|  |TAMS 0x00000006cd800000, 0x00000006cd800000| Untracked 
| 109|0x00000006cda00000, 0x00000006cda00000, 0x00000006cdc00000|  0%| F|  |TAMS 0x00000006cda00000, 0x00000006cda00000| Untracked 
| 110|0x00000006cdc00000, 0x00000006cdc00000, 0x00000006cde00000|  0%| F|  |TAMS 0x00000006cdc00000, 0x00000006cdc00000| Untracked 
| 111|0x00000006cde00000, 0x00000006cde00000, 0x00000006ce000000|  0%| F|  |TAMS 0x00000006cde00000, 0x00000006cde00000| Untracked 
| 112|0x00000006ce000000, 0x00000006ce000000, 0x00000006ce200000|  0%| F|  |TAMS 0x00000006ce000000, 0x00000006ce000000| Untracked 
| 113|0x00000006ce200000, 0x00000006ce200000, 0x00000006ce400000|  0%| F|  |TAMS 0x00000006ce200000, 0x00000006ce200000| Untracked 
| 114|0x00000006ce400000, 0x00000006ce400000, 0x00000006ce600000|  0%| F|  |TAMS 0x00000006ce400000, 0x00000006ce400000| Untracked 
| 115|0x00000006ce600000, 0x00000006ce600000, 0x00000006ce800000|  0%| F|  |TAMS 0x00000006ce600000, 0x00000006ce600000| Untracked 
| 116|0x00000006ce800000, 0x00000006ce800000, 0x00000006cea00000|  0%| F|  |TAMS 0x00000006ce800000, 0x00000006ce800000| Untracked 
| 117|0x00000006cea00000, 0x00000006cea00000, 0x00000006cec00000|  0%| F|  |TAMS 0x00000006cea00000, 0x00000006cea00000| Untracked 
| 118|0x00000006cec00000, 0x00000006cec00000, 0x00000006cee00000|  0%| F|  |TAMS 0x00000006cec00000, 0x00000006cec00000| Untracked 
| 119|0x00000006cee00000, 0x00000006cee00000, 0x00000006cf000000|  0%| F|  |TAMS 0x00000006cee00000, 0x00000006cee00000| Untracked 
| 120|0x00000006cf000000, 0x00000006cf000000, 0x00000006cf200000|  0%| F|  |TAMS 0x00000006cf000000, 0x00000006cf000000| Untracked 
| 121|0x00000006cf200000, 0x00000006cf200000, 0x00000006cf400000|  0%| F|  |TAMS 0x00000006cf200000, 0x00000006cf200000| Untracked 
| 122|0x00000006cf400000, 0x00000006cf400000, 0x00000006cf600000|  0%| F|  |TAMS 0x00000006cf400000, 0x00000006cf400000| Untracked 
| 123|0x00000006cf600000, 0x00000006cf600000, 0x00000006cf800000|  0%| F|  |TAMS 0x00000006cf600000, 0x00000006cf600000| Untracked 
| 124|0x00000006cf800000, 0x00000006cfa00000, 0x00000006cfa00000|100%| E|  |TAMS 0x00000006cf800000, 0x00000006cf800000| Complete 
| 125|0x00000006cfa00000, 0x00000006cfc00000, 0x00000006cfc00000|100%| E|CS|TAMS 0x00000006cfa00000, 0x00000006cfa00000| Complete 
| 126|0x00000006cfc00000, 0x00000006cfe00000, 0x00000006cfe00000|100%| E|CS|TAMS 0x00000006cfc00000, 0x00000006cfc00000| Complete 
| 127|0x00000006cfe00000, 0x00000006d0000000, 0x00000006d0000000|100%| E|CS|TAMS 0x00000006cfe00000, 0x00000006cfe00000| Complete 

Card table byte_map: [0x000000011faf0000,0x00000001202f0000] _byte_map_base: 0x000000011c4f0000

Marking Bits (Prev, Next): (CMBitMap*) 0x0000000127808210, (CMBitMap*) 0x0000000127808250
 Prev Bits: [0x0000000120af0000, 0x0000000124af0000)
 Next Bits: [0x0000000130000000, 0x0000000134000000)

Polling page: 0x0000000104e94000

Metaspace:

Usage:
  Non-class:      8.92 MB used.
      Class:    949.16 KB used.
       Both:      9.84 MB used.

Virtual space:
  Non-class space:       16.00 MB reserved,       9.06 MB ( 57%) committed,  2 nodes.
      Class space:        1.00 GB reserved,       1.00 MB ( <1%) committed,  1 nodes.
              Both:        1.02 GB reserved,      10.06 MB ( <1%) committed. 

Chunk freelists:
   Non-Class:  2.11 MB
       Class:  2.94 MB
        Both:  5.05 MB

MaxMetaspaceSize: 17179869184.00 GB
CompressedClassSpaceSize: 1.00 GB
 - commit_granule_bytes: 65536.
 - commit_granule_words: 8192.
 - virtual_space_node_default_size: 1048576.
 - enlarge_chunks_in_place: 1.
 - new_chunks_are_fully_committed: 0.
 - uncommit_free_chunks: 1.
 - use_allocation_guard: 0.
 - handle_deallocations: 1.


Internal statistics:

num_allocs_failed_limit: 0.
num_arena_births: 208.
num_arena_deaths: 0.
num_vsnodes_births: 3.
num_vsnodes_deaths: 0.
num_space_committed: 161.
num_space_uncommitted: 0.
num_chunks_returned_to_freelist: 0.
num_chunks_taken_from_freelist: 332.
num_chunk_merges: 0.
num_chunk_splits: 223.
num_chunks_enlarged: 153.
num_purges: 0.

CodeHeap 'non-profiled nmethods': size=120032Kb used=185Kb max_used=185Kb free=119846Kb
 bounds [0x00000001185b8000, 0x0000000118828000, 0x000000011faf0000]
CodeHeap 'profiled nmethods': size=120016Kb used=920Kb max_used=920Kb free=119095Kb
 bounds [0x0000000111084000, 0x00000001112f4000, 0x00000001185b8000]
CodeHeap 'non-nmethods': size=5712Kb used=1154Kb max_used=1183Kb free=4557Kb
 bounds [0x0000000110af0000, 0x0000000110d60000, 0x0000000111084000]
 total_blobs=1066 nmethods=587 adapters=396
 compilation: enabled
              stopped_count=0, restarted_count=0
 full_count=0

Compilation events (20 events):
Event: 0.225 Thread 0x000000013791a600  569       3       jdk.internal.org.objectweb.asm.MethodWriter::endCurrentBasicBlockWithNoSuccessor (94 bytes)
Event: 0.225 Thread 0x000000013791a600 nmethod 569 0x000000011115dd90 code [0x000000011115dfc0, 0x000000011115e698]
Event: 0.225 Thread 0x000000013791a600  566       3       java.lang.reflect.Modifier::isPrivate (12 bytes)
Event: 0.225 Thread 0x000000013791a600 nmethod 566 0x000000011115e910 code [0x000000011115eac0, 0x000000011115ec28]
Event: 0.225 Thread 0x000000013791a600  567       1       java.lang.invoke.DirectMethodHandle::internalMemberName (5 bytes)
Event: 0.225 Thread 0x000000013791a600 nmethod 567 0x00000001185e4b10 code [0x00000001185e4c80, 0x00000001185e4d68]
Event: 0.228 Thread 0x000000013791a600  570       3       java.lang.invoke.MethodHandles$Lookup::checkAccess (232 bytes)
Event: 0.229 Thread 0x000000013791a600 nmethod 570 0x000000011115ec90 code [0x000000011115f1c0, 0x0000000111160ba8]
Event: 0.229 Thread 0x000000013791a600  571       3       java.util.Collections$UnmodifiableCollection$1::next (10 bytes)
Event: 0.229 Thread 0x000000013791a600 nmethod 571 0x0000000111161410 code [0x00000001111615c0, 0x00000001111617d8]
Event: 0.229 Thread 0x000000013791a600  572       3       java.util.Collections$UnmodifiableCollection$1::hasNext (10 bytes)
Event: 0.229 Thread 0x000000013791a600 nmethod 572 0x0000000111161890 code [0x0000000111161a40, 0x0000000111161c98]
Event: 0.229 Thread 0x000000014800c000  574       4       jdk.internal.org.objectweb.asm.SymbolTable$Entry::<init> (17 bytes)
Event: 0.230 Thread 0x000000013791a600  576       3       java.lang.StringBuilder::append (8 bytes)
Event: 0.230 Thread 0x000000013791a600 nmethod 576 0x0000000111161d90 code [0x0000000111161f40, 0x00000001111620d8]
Event: 0.230 Thread 0x000000013791a600  575       3       java.lang.Class::descriptorString (160 bytes)
Event: 0.231 Thread 0x000000014800c000 nmethod 574 0x00000001185e6310 code [0x00000001185e6480, 0x00000001185e66e0]
Event: 0.231 Thread 0x000000014800c000  577       4       jdk.internal.org.objectweb.asm.SymbolTable::addConstantUtf8 (98 bytes)
Event: 0.231 Thread 0x000000013791a600 nmethod 575 0x0000000111162190 code [0x0000000111162840, 0x00000001111646b8]
Event: 0.231 Thread 0x000000013791a600  587       3       jdk.internal.org.objectweb.asm.Type::getReturnTypeOffset (64 bytes)

GC Heap History (0 events):
No events

Deoptimization events (4 events):
Event: 0.109 Thread 0x0000000137810a00 DEOPT PACKING pc=0x000000011109c284 sp=0x000000016b27c300
Event: 0.109 Thread 0x0000000137810a00 DEOPT UNPACKING pc=0x0000000110b29bfc sp=0x000000016b27c030 mode 0
Event: 0.112 Thread 0x000000014001ba00 DEOPT PACKING pc=0x000000011108db64 sp=0x000000016db05060
Event: 0.112 Thread 0x000000014001ba00 DEOPT UNPACKING pc=0x0000000110b29bfc sp=0x000000016db04df0 mode 0

Classes unloaded (0 events):
No events

Classes redefined (0 events):
No events

Internal exceptions (20 events):
Event: 0.104 Thread 0x0000000137810a00 Exception <a 'java/lang/NoSuchMethodError'{0x00000006cfa0c138}: 'java.lang.Object java.lang.invoke.DirectMethodHandle$Holder.invokeStatic(java.lang.Object, long)'> (0x00000006cfa0c138) 
thrown [src/hotspot/share/interpreter/linkResolver.cpp, line 790]
Event: 0.105 Thread 0x0000000137810a00 Exception <a 'java/lang/NoSuchMethodError'{0x00000006cfa1d3a0}: 'java.lang.Object java.lang.invoke.DirectMethodHandle$Holder.invokeSpecial(java.lang.Object, java.lang.Object, long)'> (0x00000006cfa1d3a0) 
thrown [src/hotspot/share/interpreter/linkResolver.cpp, line 790]
Event: 0.107 Thread 0x0000000137810a00 Exception <a 'java/lang/NoSuchMethodError'{0x00000006cfa3d390}: 'java.lang.Object java.lang.invoke.DirectMethodHandle$Holder.invokeStatic(java.lang.Object, java.lang.Object, java.lang.Object, java.lang.Object, long)'> (0x00000006cfa3d390) 
thrown [src/hotspot/share/interpreter/linkResolver.cpp, line 790]
Event: 0.109 Thread 0x0000000137810a00 Exception <a 'java/lang/NoSuchMethodError'{0x00000006cfa5e998}: 'void java.lang.invoke.DirectMethodHandle$Holder.invokeStatic(java.lang.Object, java.lang.Object, java.lang.Object)'> (0x00000006cfa5e998) 
thrown [src/hotspot/share/interpreter/linkResolver.cpp, line 790]
Event: 0.113 Thread 0x000000014001ba00 Exception <a 'java/lang/NoSuchMethodError'{0x00000006cfab1720}: 'java.lang.Object java.lang.invoke.DirectMethodHandle$Holder.invokeStatic(java.lang.Object, java.lang.Object, java.lang.Object, java.lang.Object, java.lang.Object, java.lang.Object, java.lang.Object, java.lang.Object)'> (0x00000006cfab1720) 
thrown [src/hotspot/share/interpreter/linkResolver.cpp, line 790]
Event: 0.114 Thread 0x000000014001ba00 Exception <a 'java/lang/NoSuchMethodError'{0x00000006cfacd8e0}: 'java.lang.Object java.lang.invoke.DirectMethodHandle$Holder.invokeStatic(java.lang.Object, java.lang.Object, java.lang.Object, java.lang.Object, java.lang.Object, java.lang.Object, java.lang.Object, java.lang.Object, java.lang.Object)'> (0x00000006cfacd8e0) 
thrown [src/hotspot/share/interpreter/linkResolver.cpp, line 790]
Event: 0.114 Thread 0x000000014001ba00 Exception <a 'java/lang/NoSuchMethodError'{0x00000006cfaec5a8}: 'java.lang.Object java.lang.invoke.DirectMethodHandle$Holder.invokeStatic(java.lang.Object, java.lang.Object, java.lang.Object, java.lang.Object, java.lang.Object, java.lang.Object, java.lang.Object, java.lang.Object, java.lang.Object, java.lang.Object)'> (0x00000006cfaec5a8) 
thrown [src/hotspot/share/interpreter/linkResolver.cpp, line 790]
Event: 0.144 Thread 0x0000000137810a00 Exception <a 'java/lang/NoSuchMethodError'{0x00000006cfa67650}: 'int java.lang.invoke.DirectMethodHandle$Holder.invokeStaticInit(java.lang.Object, java.lang.Object, java.lang.Object)'> (0x00000006cfa67650) 
thrown [src/hotspot/share/interpreter/linkResolver.cpp, line 790]
Event: 0.145 Thread 0x0000000137810a00 Exception <a 'java/lang/NoSuchMethodError'{0x00000006cfb552a0}: 'void java.lang.invoke.DirectMethodHandle$Holder.invokeSpecial(java.lang.Object, java.lang.Object)'> (0x00000006cfb552a0) 
thrown [src/hotspot/share/interpreter/linkResolver.cpp, line 790]
Event: 0.208 Thread 0x0000000147817800 Exception <a 'java/lang/NoSuchMethodError'{0x00000006cf80b548}: 'void java.lang.invoke.DirectMethodHandle$Holder.invokeStatic(java.lang.Object)'> (0x00000006cf80b548) 
thrown [src/hotspot/share/interpreter/linkResolver.cpp, line 790]
Event: 0.221 Thread 0x0000000147817800 Exception <a 'java/lang/NoSuchMethodError'{0x00000006cf82c298}: 'void java.lang.invoke.DirectMethodHandle$Holder.invokeStaticInit(java.lang.Object)'> (0x00000006cf82c298) 
thrown [src/hotspot/share/interpreter/linkResolver.cpp, line 790]
Event: 0.222 Thread 0x0000000147817800 Exception <a 'java/lang/NoSuchMethodError'{0x00000006cf834088}: 'java.lang.Object java.lang.invoke.DirectMethodHandle$Holder.invokeStaticInit(java.lang.Object, java.lang.Object)'> (0x00000006cf834088) 
thrown [src/hotspot/share/interpreter/linkResolver.cpp, line 790]
Event: 0.223 Thread 0x0000000137810a00 Exception <a 'java/lang/NoSuchMethodError'{0x00000006cfb838e8}: 'java.lang.Object java.lang.invoke.DirectMethodHandle$Holder.newInvokeSpecial(java.lang.Object, java.lang.Object, java.lang.Object, java.lang.Object, java.lang.Object, java.lang.Object)'> (0x00000006cfb838e8) 
thrown [src/hotspot/share/interpreter/linkResolver.cpp, line 790]
Event: 0.223 Thread 0x0000000137810a00 Exception <a 'java/lang/NoSuchMethodError'{0x00000006cfb87f00}: 'java.lang.Object java.lang.invoke.Invokers$Holder.linkToTargetMethod(java.lang.Object, java.lang.Object, java.lang.Object, java.lang.Object, java.lang.Object, java.lang.Object)'> (0x00000006cfb87f00) 
thrown [src/hotspot/share/interpreter/linkResolver.cpp, line 790]
Event: 0.230 Thread 0x0000000137810a00 Exception <a 'java/lang/NoSuchMethodError'{0x00000006cfb9db08}: 'java.lang.Object java.lang.invoke.DirectMethodHandle$Holder.newInvokeSpecial(java.lang.Object, java.lang.Object, java.lang.Object, java.lang.Object, java.lang.Object)'> (0x00000006cfb9db08) 
thrown [src/hotspot/share/interpreter/linkResolver.cpp, line 790]
Event: 0.230 Thread 0x0000000137810a00 Exception <a 'java/lang/NoSuchMethodError'{0x00000006cfba1b60}: 'java.lang.Object java.lang.invoke.DirectMethodHandle$Holder.invokeSpecial(java.lang.Object, java.lang.Object, java.lang.Object, java.lang.Object, java.lang.Object, java.lang.Object)'> (0x00000006cfba1b60) 
thrown [src/hotspot/share/interpreter/linkResolver.cpp, line 790]
Event: 0.230 Thread 0x0000000137810a00 Exception <a 'java/lang/NoSuchMethodError'{0x00000006cfba55c8}: 'java.lang.Object java.lang.invoke.Invokers$Holder.linkToTargetMethod(java.lang.Object, java.lang.Object, java.lang.Object, java.lang.Object, java.lang.Object)'> (0x00000006cfba55c8) 
thrown [src/hotspot/share/interpreter/linkResolver.cpp, line 790]
Event: 0.231 Thread 0x0000000137aae800 Exception <a 'java/lang/NoSuchMethodError'{0x00000006cf965448}: 'java.lang.Object java.lang.invoke.DirectMethodHandle$Holder.newInvokeSpecial(java.lang.Object, java.lang.Object, java.lang.Object, java.lang.Object)'> (0x00000006cf965448) 
thrown [src/hotspot/share/interpreter/linkResolver.cpp, line 790]
Event: 0.231 Thread 0x0000000137aae800 Exception <a 'java/lang/NoSuchMethodError'{0x00000006cf9690e0}: 'java.lang.Object java.lang.invoke.DirectMethodHandle$Holder.invokeSpecial(java.lang.Object, java.lang.Object, java.lang.Object, java.lang.Object, java.lang.Object)'> (0x00000006cf9690e0) 
thrown [src/hotspot/share/interpreter/linkResolver.cpp, line 790]
Event: 0.231 Thread 0x0000000137aae800 Exception <a 'java/lang/NoSuchMethodError'{0x00000006cf96c7a8}: 'java.lang.Object java.lang.invoke.Invokers$Holder.linkToTargetMethod(java.lang.Object, java.lang.Object, java.lang.Object, java.lang.Object)'> (0x00000006cf96c7a8) 
thrown [src/hotspot/share/interpreter/linkResolver.cpp, line 790]

Events (20 events):
Event: 0.209 loading class java/util/concurrent/CancellationException
Event: 0.209 loading class java/util/concurrent/CancellationException done
Event: 0.209 loading class java/util/concurrent/ExecutionException
Event: 0.209 loading class java/util/concurrent/ExecutionException done
Event: 0.209 loading class java/util/concurrent/FutureTask$WaitNode
Event: 0.209 loading class java/util/concurrent/FutureTask$WaitNode done
Event: 0.209 loading class java/util/concurrent/Executors$RunnableAdapter
Event: 0.209 loading class java/util/concurrent/Executors$RunnableAdapter done
Event: 0.218 loading class java/lang/IndexOutOfBoundsException
Event: 0.218 loading class java/lang/IndexOutOfBoundsException done
Event: 0.218 loading class java/util/NoSuchElementException
Event: 0.218 loading class java/util/NoSuchElementException done
Event: 0.221 loading class java/util/AbstractList$Itr
Event: 0.221 loading class java/util/AbstractList$Itr done
Event: 0.222 loading class java/lang/NumberFormatException
Event: 0.222 loading class java/lang/NumberFormatException done
Event: 0.229 loading class java/lang/StackTraceElement$HashedModules
Event: 0.229 loading class java/lang/StackTraceElement$HashedModules done
Event: 0.230 Thread 0x0000000137aae800 Thread added: 0x0000000137aae800
Event: 0.230 Protecting memory [0x000000016de34000,0x000000016de40000] with protection modes 0


Dynamic libraries:
0x0000000104e44000 	/Library/Java/JavaVirtualMachines/liberica-jdk-16-full.jdk/Contents/Home/lib/libjli.dylib
0x00000001d331e000 	/usr/lib/libz.1.dylib
0x00000001d33ce000 	/usr/lib/libSystem.B.dylib
0x00000001d33c8000 	/usr/lib/system/libcache.dylib
0x00000001d3386000 	/usr/lib/system/libcommonCrypto.dylib
0x00000001d33af000 	/usr/lib/system/libcompiler_rt.dylib
0x00000001d33a6000 	/usr/lib/system/libcopyfile.dylib
0x00000001c86d2000 	/usr/lib/system/libcorecrypto.dylib
0x00000001c8777000 	/usr/lib/system/libdispatch.dylib
0x00000001c893f000 	/usr/lib/system/libdyld.dylib
0x00000001d33be000 	/usr/lib/system/libkeymgr.dylib
0x00000001d3368000 	/usr/lib/system/libmacho.dylib
0x00000001d2a74000 	/usr/lib/system/libquarantine.dylib
0x00000001d33bb000 	/usr/lib/system/libremovefile.dylib
0x00000001cdac1000 	/usr/lib/system/libsystem_asl.dylib
0x00000001c867c000 	/usr/lib/system/libsystem_blocks.dylib
0x00000001c87fd000 	/usr/lib/system/libsystem_c.dylib
0x00000001d33b3000 	/usr/lib/system/libsystem_collections.dylib
0x00000001d1ed1000 	/usr/lib/system/libsystem_configuration.dylib
0x00000001d1157000 	/usr/lib/system/libsystem_containermanager.dylib
0x00000001d30d2000 	/usr/lib/system/libsystem_coreservices.dylib
0x00000001cb064000 	/usr/lib/system/libsystem_darwin.dylib
0x00000001d33bf000 	/usr/lib/system/libsystem_dnssd.dylib
0x00000001c87fa000 	/usr/lib/system/libsystem_featureflags.dylib
0x00000001c8954000 	/usr/lib/system/libsystem_info.dylib
0x00000001d3330000 	/usr/lib/system/libsystem_m.dylib
0x00000001c874c000 	/usr/lib/system/libsystem_malloc.dylib
0x00000001cda52000 	/usr/lib/system/libsystem_networkextension.dylib
0x00000001cb4b7000 	/usr/lib/system/libsystem_notify.dylib
0x00000001d959b000 	/usr/lib/system/libsystem_product_info_filter.dylib
0x00000001d1ed6000 	/usr/lib/system/libsystem_sandbox.dylib
0x00000001d33b8000 	/usr/lib/system/libsystem_secinit.dylib
0x00000001c88fc000 	/usr/lib/system/libsystem_kernel.dylib
0x00000001c894c000 	/usr/lib/system/libsystem_platform.dylib
0x00000001c8932000 	/usr/lib/system/libsystem_pthread.dylib
0x00000001cf1f7000 	/usr/lib/system/libsystem_symptoms.dylib
0x00000001c86b8000 	/usr/lib/system/libsystem_trace.dylib
0x00000001d3393000 	/usr/lib/system/libunwind.dylib
0x00000001c867e000 	/usr/lib/system/libxpc.dylib
0x00000001c88e2000 	/usr/lib/libc++abi.dylib
0x00000001c87be000 	/usr/lib/libobjc.A.dylib
0x00000001d339e000 	/usr/lib/liboah.dylib
0x00000001c887e000 	/usr/lib/libc++.1.dylib
0x00000001def78000 	/System/Library/Frameworks/Cocoa.framework/Versions/A/Cocoa
0x00000001cb516000 	/System/Library/Frameworks/AppKit.framework/Versions/C/AppKit
0x00000001cea38000 	/System/Library/Frameworks/CoreData.framework/Versions/A/CoreData
0x00000001c9877000 	/System/Library/Frameworks/Foundation.framework/Versions/C/Foundation
0x00000001cc3c8000 	/System/Library/PrivateFrameworks/UIFoundation.framework/Versions/A/UIFoundation
0x00000001d9295000 	/System/Library/PrivateFrameworks/RemoteViewServices.framework/Versions/A/RemoteViewServices
0x00000001d1890000 	/System/Library/PrivateFrameworks/XCTTargetBootstrap.framework/Versions/A/XCTTargetBootstrap
0x00000001d50d0000 	/System/Library/PrivateFrameworks/InternationalSupport.framework/Versions/A/InternationalSupport
0x00000001d5159000 	/System/Library/PrivateFrameworks/UserActivity.framework/Versions/A/UserActivity
0x00000001d45fb000 	/usr/lib/libspindump.dylib
0x00000001cc638000 	/System/Library/Frameworks/UniformTypeIdentifiers.framework/Versions/A/UniformTypeIdentifiers
0x00000001cfe1e000 	/usr/lib/libapp_launch_measurement.dylib
0x00000001cf39b000 	/System/Library/PrivateFrameworks/CoreAnalytics.framework/Versions/A/CoreAnalytics
0x00000001cfe21000 	/System/Library/PrivateFrameworks/CoreAutoLayout.framework/Versions/A/CoreAutoLayout
0x00000001d1194000 	/System/Library/Frameworks/Metal.framework/Versions/A/Metal
0x00000001d1ee1000 	/usr/lib/liblangid.dylib
0x00000001d1894000 	/System/Library/PrivateFrameworks/CoreSVG.framework/Versions/A/CoreSVG
0x00000001cdaf5000 	/System/Library/PrivateFrameworks/SkyLight.framework/Versions/A/SkyLight
0x00000001cdebd000 	/System/Library/Frameworks/CoreGraphics.framework/Versions/A/CoreGraphics
0x00000001d990e000 	/System/Library/Frameworks/Accelerate.framework/Versions/A/Accelerate
0x00000001d4070000 	/System/Library/PrivateFrameworks/IconServices.framework/Versions/A/IconServices
0x00000001d1176000 	/System/Library/Frameworks/IOSurface.framework/Versions/A/IOSurface
0x00000001cf3cb000 	/usr/lib/libDiagnosticMessagesClient.dylib
0x00000001dcd46000 	/System/Library/Frameworks/ApplicationServices.framework/Versions/A/ApplicationServices
0x00000001d1878000 	/System/Library/PrivateFrameworks/DFRFoundation.framework/Versions/A/DFRFoundation
0x00000001cadb9000 	/usr/lib/libicucore.A.dylib
0x00000001d5ecd000 	/System/Library/Frameworks/AudioToolbox.framework/Versions/A/AudioToolbox
0x00000001d50dc000 	/System/Library/PrivateFrameworks/DataDetectorsCore.framework/Versions/A/DataDetectorsCore
0x00000001eb0f8000 	/System/Library/PrivateFrameworks/TextInput.framework/Versions/A/TextInput
0x00000001cda6c000 	/usr/lib/libMobileGestalt.dylib
0x00000001d1548000 	/System/Library/Frameworks/Carbon.framework/Versions/A/Frameworks/HIToolbox.framework/Versions/A/HIToolbox
0x00000001cf828000 	/System/Library/Frameworks/QuartzCore.framework/Versions/A/QuartzCore
0x00000001caa36000 	/System/Library/Frameworks/Security.framework/Versions/A/Security
0x00000001d92d5000 	/System/Library/Frameworks/Carbon.framework/Versions/A/Frameworks/SpeechRecognition.framework/Versions/A/SpeechRecognition
0x00000001cfb75000 	/System/Library/PrivateFrameworks/CoreUI.framework/Versions/A/CoreUI
0x00000001ca309000 	/System/Library/Frameworks/CoreAudio.framework/Versions/A/CoreAudio
0x00000001cf4bb000 	/System/Library/Frameworks/DiskArbitration.framework/Versions/A/DiskArbitration
0x00000001d49e3000 	/System/Library/PrivateFrameworks/MultitouchSupport.framework/Versions/A/MultitouchSupport
0x00000001cda6a000 	/usr/lib/libenergytrace.dylib
0x00000001cb3e2000 	/System/Library/Frameworks/IOKit.framework/Versions/A/IOKit
0x00000001d96bc000 	/System/Library/Frameworks/CoreServices.framework/Versions/A/CoreServices
0x00000001cfdae000 	/System/Library/PrivateFrameworks/PerformanceAnalysis.framework/Versions/A/PerformanceAnalysis
0x000000022991d000 	/System/Library/Frameworks/OpenGL.framework/Versions/A/OpenGL
0x00000001d2994000 	/System/Library/PrivateFrameworks/MobileKeyBag.framework/Versions/A/MobileKeyBag
0x00000001ce4cd000 	/System/Library/Frameworks/ColorSync.framework/Versions/A/ColorSync
0x00000001c8980000 	/System/Library/Frameworks/CoreFoundation.framework/Versions/A/CoreFoundation
0x00000001d1b15000 	/System/Library/Frameworks/CoreImage.framework/Versions/A/CoreImage
0x00000001ca12c000 	/System/Library/Frameworks/CoreText.framework/Versions/A/CoreText
0x00000001d18c4000 	/System/Library/Frameworks/ImageIO.framework/Versions/A/ImageIO
0x00000001d33d4000 	/System/Library/PrivateFrameworks/SoftLinking.framework/Versions/A/SoftLinking
0x00000001cfe6b000 	/usr/lib/libxml2.2.dylib
0x00000001d366c000 	/usr/lib/libcompression.dylib
0x00000001d5029000 	/System/Library/PrivateFrameworks/TextureIO.framework/Versions/A/TextureIO
0x00000001d3d8a000 	/usr/lib/libate.dylib
0x00000001d3c52000 	/usr/lib/liblzma.5.dylib
0x00000001c9568000 	/System/Library/Frameworks/SystemConfiguration.framework/Versions/A/SystemConfiguration
0x00000001d33d0000 	/usr/lib/libfakelink.dylib
0x00000001cd59a000 	/System/Library/Frameworks/CFNetwork.framework/Versions/A/CFNetwork
0x00000001d3517000 	/usr/lib/libarchive.2.dylib
0x00000001d1edd000 	/System/Library/PrivateFrameworks/AppleSystemInfo.framework/Versions/A/AppleSystemInfo
0x00000001d2a9e000 	/usr/lib/libbsm.0.dylib
0x00000001ccad7000 	/usr/lib/libnetwork.dylib
0x00000001d336e000 	/usr/lib/system/libkxld.dylib
0x00000001d26b6000 	/System/Library/PrivateFrameworks/IOMobileFramebuffer.framework/Versions/A/IOMobileFramebuffer
0x0000000245248000 	/usr/lib/libCoreEntitlements.dylib
0x00000001d30b4000 	/System/Library/PrivateFrameworks/AppleFSCompression.framework/Versions/A/AppleFSCompression
0x00000001d2a87000 	/usr/lib/libcoretls.dylib
0x00000001d3c6b000 	/usr/lib/libcoretls_cfhelpers.dylib
0x00000001d3667000 	/usr/lib/libpam.2.dylib
0x00000001cee1f000 	/usr/lib/libsqlite3.dylib
0x00000001d3cd3000 	/usr/lib/libxar.1.dylib
0x00000001d30c5000 	/usr/lib/libbz2.1.0.dylib
0x00000001d33d5000 	/usr/lib/libpcap.A.dylib
0x00000001cf1ee000 	/usr/lib/libdns_services.dylib
0x00000001d363a000 	/usr/lib/libapple_nghttp2.dylib
0x00000001d3412000 	/usr/lib/libiconv.2.dylib
0x00000001d3367000 	/usr/lib/libcharset.1.dylib
0x00000001cfdea000 	/System/Library/Frameworks/CoreServices.framework/Versions/A/Frameworks/FSEvents.framework/Versions/A/FSEvents
0x00000001cb06f000 	/System/Library/Frameworks/CoreServices.framework/Versions/A/Frameworks/CarbonCore.framework/Versions/A/CarbonCore
0x00000001cf41e000 	/System/Library/Frameworks/CoreServices.framework/Versions/A/Frameworks/Metadata.framework/Versions/A/Metadata
0x00000001d30d8000 	/System/Library/Frameworks/CoreServices.framework/Versions/A/Frameworks/OSServices.framework/Versions/A/OSServices
0x00000001d359c000 	/System/Library/Frameworks/CoreServices.framework/Versions/A/Frameworks/SearchKit.framework/Versions/A/SearchKit
0x00000001cf17c000 	/System/Library/Frameworks/CoreServices.framework/Versions/A/Frameworks/AE.framework/Versions/A/AE
0x00000001c8ec4000 	/System/Library/Frameworks/CoreServices.framework/Versions/A/Frameworks/LaunchServices.framework/Versions/A/LaunchServices
0x00000001d3bfb000 	/System/Library/Frameworks/CoreServices.framework/Versions/A/Frameworks/DictionaryServices.framework/Versions/A/DictionaryServices
0x00000001cfdf7000 	/System/Library/Frameworks/CoreServices.framework/Versions/A/Frameworks/SharedFileList.framework/Versions/A/SharedFileList
0x00000001d2a77000 	/usr/lib/libCheckFix.dylib
0x00000001cdad9000 	/System/Library/PrivateFrameworks/TCC.framework/Versions/A/TCC
0x00000001d1ee3000 	/System/Library/PrivateFrameworks/CoreNLP.framework/Versions/A/CoreNLP
0x00000001cf3ce000 	/System/Library/PrivateFrameworks/MetadataUtilities.framework/Versions/A/MetadataUtilities
0x00000001c9621000 	/usr/lib/libmecabra.dylib
0x00000001d2aaf000 	/usr/lib/libmecab.dylib
0x00000001c95ed000 	/usr/lib/libCRFSuite.dylib
0x00000001d2b0d000 	/usr/lib/libgermantok.dylib
0x00000001d3613000 	/usr/lib/libThaiTokenizer.dylib
0x00000001cf4c3000 	/System/Library/Frameworks/Accelerate.framework/Versions/A/Frameworks/vImage.framework/Versions/A/vImage
0x00000001d9693000 	/System/Library/Frameworks/Accelerate.framework/Versions/A/Frameworks/vecLib.framework/Versions/A/vecLib
0x00000001d3d17000 	/System/Library/Frameworks/Accelerate.framework/Versions/A/Frameworks/vecLib.framework/Versions/A/libvMisc.dylib
0x00000001d25c0000 	/System/Library/Frameworks/Accelerate.framework/Versions/A/Frameworks/vecLib.framework/Versions/A/libvDSP.dylib
0x00000001c9247000 	/System/Library/Frameworks/Accelerate.framework/Versions/A/Frameworks/vecLib.framework/Versions/A/libBLAS.dylib
0x00000001d373b000 	/System/Library/Frameworks/Accelerate.framework/Versions/A/Frameworks/vecLib.framework/Versions/A/libLAPACK.dylib
0x00000001d2b10000 	/System/Library/Frameworks/Accelerate.framework/Versions/A/Frameworks/vecLib.framework/Versions/A/libLinearAlgebra.dylib
0x00000001d3652000 	/System/Library/Frameworks/Accelerate.framework/Versions/A/Frameworks/vecLib.framework/Versions/A/libSparseBLAS.dylib
0x00000001d3736000 	/System/Library/Frameworks/Accelerate.framework/Versions/A/Frameworks/vecLib.framework/Versions/A/libQuadrature.dylib
0x00000001d1fda000 	/System/Library/Frameworks/Accelerate.framework/Versions/A/Frameworks/vecLib.framework/Versions/A/libBNNS.dylib
0x00000001c9505000 	/System/Library/Frameworks/Accelerate.framework/Versions/A/Frameworks/vecLib.framework/Versions/A/libSparse.dylib
0x00000001d1fd2000 	/System/Library/PrivateFrameworks/LinguisticData.framework/Versions/A/LinguisticData
0x00000001c94bb000 	/System/Library/PrivateFrameworks/Lexicon.framework/Versions/A/Lexicon
0x00000001d3d0f000 	/usr/lib/libChineseTokenizer.dylib
0x00000001c9c65000 	/System/Library/PrivateFrameworks/LanguageModeling.framework/Versions/A/LanguageModeling
0x00000001d3615000 	/System/Library/PrivateFrameworks/AppleSauce.framework/Versions/A/AppleSauce
0x00000001d26a3000 	/System/Library/PrivateFrameworks/CoreEmoji.framework/Versions/A/CoreEmoji
0x00000001d3505000 	/usr/lib/libcmph.dylib
0x00000001cfdca000 	/System/Library/Frameworks/OpenDirectory.framework/Versions/A/Frameworks/CFOpenDirectory.framework/Versions/A/CFOpenDirectory
0x00000001cfdba000 	/System/Library/Frameworks/OpenDirectory.framework/Versions/A/OpenDirectory
0x00000001d3c6d000 	/System/Library/PrivateFrameworks/APFS.framework/Versions/A/APFS
0x00000001d29cf000 	/System/Library/Frameworks/SecurityFoundation.framework/Versions/A/SecurityFoundation
0x00000001d3ce1000 	/usr/lib/libutil.dylib
0x00000001cb3a4000 	/System/Library/PrivateFrameworks/CoreServicesStore.framework/Versions/A/CoreServicesStore
0x00000001d3ce5000 	/usr/lib/libxslt.1.dylib
0x00000001d2a63000 	/System/Library/PrivateFrameworks/BackgroundTaskManagement.framework/Versions/A/BackgroundTaskManagement
0x00000001d4f4a000 	/System/Library/Frameworks/ImageIO.framework/Versions/A/Resources/libRadiance.dylib
0x00000001d4f53000 	/System/Library/Frameworks/ImageIO.framework/Versions/A/Resources/libJPEG.dylib
0x00000001d4ea5000 	/System/Library/Frameworks/ImageIO.framework/Versions/A/Resources/libPng.dylib
0x00000001d4ec7000 	/System/Library/Frameworks/ImageIO.framework/Versions/A/Resources/libTIFF.dylib
0x00000001d4fae000 	/System/Library/Frameworks/ImageIO.framework/Versions/A/Resources/libGIF.dylib
0x00000001d48f3000 	/System/Library/Frameworks/ImageIO.framework/Versions/A/Resources/libJP2.dylib
0x00000001d4036000 	/usr/lib/libexpat.1.dylib
0x00000001d48ae000 	/System/Library/PrivateFrameworks/AppleJPEG.framework/Versions/A/AppleJPEG
0x00000001d1407000 	/System/Library/PrivateFrameworks/FontServices.framework/libFontParser.dylib
0x00000001cf121000 	/System/Library/PrivateFrameworks/RunningBoardServices.framework/Versions/A/RunningBoardServices
0x00000001df5e3000 	/System/Library/PrivateFrameworks/IOSurfaceAccelerator.framework/Versions/A/IOSurfaceAccelerator
0x00000001d49df000 	/System/Library/PrivateFrameworks/WatchdogClient.framework/Versions/A/WatchdogClient
0x00000001c9d69000 	/System/Library/Frameworks/CoreDisplay.framework/Versions/A/CoreDisplay
0x00000001d12f6000 	/System/Library/Frameworks/CoreMedia.framework/Versions/A/CoreMedia
0x00000001d118a000 	/System/Library/PrivateFrameworks/IOAccelerator.framework/Versions/A/IOAccelerator
0x00000001cff58000 	/System/Library/Frameworks/CoreVideo.framework/Versions/A/CoreVideo
0x00000001d3665000 	/System/Library/Frameworks/MetalPerformanceShaders.framework/Versions/A/MetalPerformanceShaders
0x00000001d4a1c000 	/System/Library/Frameworks/VideoToolbox.framework/Versions/A/VideoToolbox
0x00000001cf065000 	/System/Library/PrivateFrameworks/BaseBoard.framework/Versions/A/BaseBoard
0x00000001cee04000 	/System/Library/PrivateFrameworks/ProtocolBuffer.framework/Versions/A/ProtocolBuffer
0x00000001d4f45000 	/System/Library/PrivateFrameworks/GPUWrangler.framework/Versions/A/GPUWrangler
0x00000001d4f24000 	/System/Library/PrivateFrameworks/IOPresentment.framework/Versions/A/IOPresentment
0x00000001d4f4d000 	/System/Library/PrivateFrameworks/DSExternalDisplay.framework/Versions/A/DSExternalDisplay
0x0000000229910000 	/System/Library/Frameworks/OpenGL.framework/Versions/A/Libraries/libCoreFSCache.dylib
0x000000023302a000 	/System/Library/PrivateFrameworks/GPUCompiler.framework/Versions/31001/Libraries/libGPUCompilerUtils.dylib
0x00000001d4fb3000 	/System/Library/PrivateFrameworks/CMCaptureCore.framework/Versions/A/CMCaptureCore
0x00000001d45e9000 	/System/Library/PrivateFrameworks/AppServerSupport.framework/Versions/A/AppServerSupport
0x00000001d6788000 	/System/Library/PrivateFrameworks/perfdata.framework/Versions/A/perfdata
0x00000001c9e89000 	/System/Library/PrivateFrameworks/AudioToolboxCore.framework/Versions/A/AudioToolboxCore
0x00000001d12ce000 	/System/Library/PrivateFrameworks/caulk.framework/Versions/A/caulk
0x00000001d607d000 	/usr/lib/libAudioStatistics.dylib
0x00000001e7896000 	/System/Library/PrivateFrameworks/SystemPolicy.framework/Versions/A/SystemPolicy
0x00000001d62dd000 	/usr/lib/libSMC.dylib
0x00000001dee5a000 	/System/Library/Frameworks/CoreMIDI.framework/Versions/A/CoreMIDI
0x00000001d4e73000 	/usr/lib/libAudioToolboxUtility.dylib
0x00000001e3d3c000 	/System/Library/PrivateFrameworks/OSAServicesClient.framework/Versions/A/OSAServicesClient
0x00000001d6795000 	/usr/lib/libperfcheck.dylib
0x00000001e8399000 	/usr/lib/libmis.dylib
0x0000000229971000 	/System/Library/Frameworks/OpenGL.framework/Versions/A/Libraries/libGLU.dylib
0x0000000229930000 	/System/Library/Frameworks/OpenGL.framework/Versions/A/Libraries/libGFXShared.dylib
0x0000000229b1a000 	/System/Library/Frameworks/OpenGL.framework/Versions/A/Libraries/libGL.dylib
0x0000000229939000 	/System/Library/Frameworks/OpenGL.framework/Versions/A/Libraries/libGLImage.dylib
0x000000022992d000 	/System/Library/Frameworks/OpenGL.framework/Versions/A/Libraries/libCVMSPluginSupport.dylib
0x0000000229917000 	/System/Library/Frameworks/OpenGL.framework/Versions/A/Libraries/libCoreVMClient.dylib
0x00000001d1e5f000 	/System/Library/Frameworks/MetalPerformanceShaders.framework/Versions/A/Frameworks/MPSCore.framework/Versions/A/MPSCore
0x00000001d3027000 	/System/Library/Frameworks/MetalPerformanceShaders.framework/Versions/A/Frameworks/MPSImage.framework/Versions/A/MPSImage
0x00000001d2b25000 	/System/Library/Frameworks/MetalPerformanceShaders.framework/Versions/A/Frameworks/MPSNeuralNetwork.framework/Versions/A/MPSNeuralNetwork
0x00000001d2f62000 	/System/Library/Frameworks/MetalPerformanceShaders.framework/Versions/A/Frameworks/MPSMatrix.framework/Versions/A/MPSMatrix
0x00000001d2d3d000 	/System/Library/Frameworks/MetalPerformanceShaders.framework/Versions/A/Frameworks/MPSRayIntersector.framework/Versions/A/MPSRayIntersector
0x00000001d2f93000 	/System/Library/Frameworks/MetalPerformanceShaders.framework/Versions/A/Frameworks/MPSNDArray.framework/Versions/A/MPSNDArray
0x000000022b62c000 	/System/Library/Frameworks/MetalPerformanceShaders.framework/Versions/A/Frameworks/MPSFunctions.framework/Versions/A/MPSFunctions
0x00000001c9125000 	/System/Library/PrivateFrameworks/MetalTools.framework/Versions/A/MetalTools
0x00000001d1edb000 	/System/Library/PrivateFrameworks/AggregateDictionary.framework/Versions/A/AggregateDictionary
0x00000001d3e1c000 	/usr/lib/libIOReport.dylib
0x00000001dde48000 	/System/Library/PrivateFrameworks/ASEProcessing.framework/Versions/A/ASEProcessing
0x00000001d418e000 	/System/Library/PrivateFrameworks/FaceCore.framework/Versions/A/FaceCore
0x00000001d4180000 	/System/Library/PrivateFrameworks/GraphVisualizer.framework/Versions/A/GraphVisualizer
0x0000000232f41000 	/System/Library/PrivateFrameworks/FontServices.framework/Versions/A/FontServices
0x00000001d45a3000 	/System/Library/PrivateFrameworks/OTSVG.framework/Versions/A/OTSVG
0x00000001cfb26000 	/System/Library/Frameworks/ApplicationServices.framework/Versions/A/Frameworks/ATS.framework/Versions/A/Resources/libFontRegistry.dylib
0x00000001d45f2000 	/System/Library/PrivateFrameworks/FontServices.framework/libhvf.dylib
0x0000000232f42000 	/System/Library/PrivateFrameworks/FontServices.framework/libXTFontStaticRegistryData.dylib
0x0000000229cbc000 	/System/Library/Frameworks/OpenCL.framework/Versions/A/OpenCL
0x00000001d3fea000 	/System/Library/PrivateFrameworks/AppleVA.framework/Versions/A/AppleVA
0x00000001d60a5000 	/System/Library/Frameworks/ApplicationServices.framework/Versions/A/Frameworks/ATS.framework/Versions/A/ATS
0x00000001ce5ca000 	/System/Library/Frameworks/ApplicationServices.framework/Versions/A/Frameworks/HIServices.framework/Versions/A/HIServices
0x00000001d4fbd000 	/System/Library/Frameworks/ApplicationServices.framework/Versions/A/Frameworks/PrintCore.framework/Versions/A/PrintCore
0x00000001d6430000 	/System/Library/Frameworks/ApplicationServices.framework/Versions/A/Frameworks/QD.framework/Versions/A/QD
0x00000001d6428000 	/System/Library/Frameworks/ApplicationServices.framework/Versions/A/Frameworks/ColorSyncLegacy.framework/Versions/A/ColorSyncLegacy
0x00000001d6091000 	/System/Library/Frameworks/ApplicationServices.framework/Versions/A/Frameworks/SpeechSynthesis.framework/Versions/A/SpeechSynthesis
0x00000001d4f7e000 	/System/Library/Frameworks/ApplicationServices.framework/Versions/A/Frameworks/ATSUI.framework/Versions/A/ATSUI
0x00000001d63bd000 	/usr/lib/libcups.2.dylib
0x00000001d67a3000 	/System/Library/Frameworks/Kerberos.framework/Versions/A/Kerberos
0x00000001d67b4000 	/System/Library/Frameworks/GSS.framework/Versions/A/GSS
0x00000001d6114000 	/usr/lib/libresolv.9.dylib
0x00000001d4600000 	/System/Library/PrivateFrameworks/Heimdal.framework/Versions/A/Heimdal
0x00000001dd0bc000 	/System/Library/Frameworks/Kerberos.framework/Versions/A/Libraries/libHeimdalProxy.dylib
0x00000001cf200000 	/System/Library/Frameworks/Network.framework/Versions/A/Network
0x00000001d4051000 	/usr/lib/libheimdal-asn1.dylib
0x00000001d67fa000 	/System/Library/PrivateFrameworks/CommonAuth.framework/Versions/A/CommonAuth
0x00000001d600b000 	/System/Library/PrivateFrameworks/AudioSession.framework/Versions/A/AudioSession
0x00000001d40e2000 	/System/Library/PrivateFrameworks/MediaExperience.framework/Versions/A/MediaExperience
0x00000001d5e93000 	/System/Library/PrivateFrameworks/AudioSession.framework/libSessionUtility.dylib
0x00000001d643c000 	/System/Library/PrivateFrameworks/AudioResourceArbitration.framework/Versions/A/AudioResourceArbitration
0x00000001d405a000 	/System/Library/PrivateFrameworks/IconFoundation.framework/Versions/A/IconFoundation
0x00000001d92c1000 	/System/Library/PrivateFrameworks/SpeechRecognitionCore.framework/Versions/A/SpeechRecognitionCore
0x0000000105f6c000 	/Library/Java/JavaVirtualMachines/liberica-jdk-16-full.jdk/Contents/Home/lib/server/libjvm.dylib
0x0000000105054000 	/Library/Java/JavaVirtualMachines/liberica-jdk-16-full.jdk/Contents/Home/lib/libjimage.dylib
0x0000000105080000 	/Library/Java/JavaVirtualMachines/liberica-jdk-16-full.jdk/Contents/Home/lib/libinstrument.dylib
0x00000001050cc000 	/Library/Java/JavaVirtualMachines/liberica-jdk-16-full.jdk/Contents/Home/lib/libjava.dylib
0x00000001050b4000 	/Library/Java/JavaVirtualMachines/liberica-jdk-16-full.jdk/Contents/Home/lib/libzip.dylib
0x0000000105ba0000 	/Library/Java/JavaVirtualMachines/liberica-jdk-16-full.jdk/Contents/Home/lib/libnio.dylib
0x0000000105be4000 	/Library/Java/JavaVirtualMachines/liberica-jdk-16-full.jdk/Contents/Home/lib/libnet.dylib
0x0000000105b80000 	/Library/Java/JavaVirtualMachines/liberica-jdk-16-full.jdk/Contents/Home/lib/libextnet.dylib
0x0000000105c08000 	/Library/Java/JavaVirtualMachines/liberica-jdk-16-full.jdk/Contents/Home/lib/libprism_es2.dylib
0x00000001cb367000 	/System/Library/PrivateFrameworks/CoreServicesInternal.framework/Versions/A/CoreServicesInternal
0x0000000229b24000 	/System/Library/Frameworks/OpenGL.framework/Versions/A/Resources/GLEngine.bundle/GLEngine
0x00000002299ab000 	/System/Library/Frameworks/OpenGL.framework/Versions/A/Libraries/libGLProgrammability.dylib
0x0000000126af0000 	/System/Library/Extensions/AppleMetalOpenGLRenderer.bundle/Contents/MacOS/AppleMetalOpenGLRenderer
0x0000000229c93000 	/System/Library/Frameworks/OpenGL.framework/Versions/A/Resources/GLRendererFloat.bundle/GLRendererFloat
0x0000000229d34000 	/System/Library/Extensions/AGXMetal13_3.bundle/Contents/MacOS/AGXMetal13_3
0x00000001e83b5000 	/System/Library/PrivateFrameworks/GPURawCounter.framework/Versions/A/GPURawCounter
0x00000001e2e8a000 	/System/Library/PrivateFrameworks/IOGPU.framework/Versions/A/IOGPU
0x0000000105ee0000 	/Library/Java/JavaVirtualMachines/liberica-jdk-16-full.jdk/Contents/Home/lib/libglass.dylib
0x00000001da761000 	/System/Library/Frameworks/FileProvider.framework/Versions/A/FileProvider
0x00000001cefcd000 	/System/Library/Frameworks/Accounts.framework/Versions/A/Accounts
0x00000001da8e1000 	/System/Library/PrivateFrameworks/GenerationalStorage.framework/Versions/A/GenerationalStorage
0x00000001db491000 	/System/Library/PrivateFrameworks/CoreSymbolication.framework/Versions/A/CoreSymbolication
0x00000001da501000 	/System/Library/PrivateFrameworks/SymptomDiagnosticReporter.framework/Versions/A/SymptomDiagnosticReporter
0x00000001cc64c000 	/System/Library/PrivateFrameworks/DesktopServicesPriv.framework/Versions/A/DesktopServicesPriv
0x00000001cb4c6000 	/usr/lib/libsandbox.1.dylib
0x00000001cffe4000 	/System/Library/PrivateFrameworks/UserManagement.framework/Versions/A/UserManagement
0x00000001db452000 	/System/Library/PrivateFrameworks/DebugSymbols.framework/Versions/A/DebugSymbols
0x00000001d641b000 	/System/Library/PrivateFrameworks/NetAuth.framework/Versions/A/NetAuth
0x00000001d7319000 	/System/Library/PrivateFrameworks/Sharing.framework/Versions/A/Sharing
0x00000001cffb4000 	/System/Library/PrivateFrameworks/login.framework/Versions/A/Frameworks/loginsupport.framework/Versions/A/loginsupport
0x00000001dc602000 	/System/Library/PrivateFrameworks/Apple80211.framework/Versions/A/Apple80211
0x00000001d310b000 	/System/Library/PrivateFrameworks/AuthKit.framework/Versions/A/AuthKit
0x00000001d27a2000 	/System/Library/PrivateFrameworks/CoreUtils.framework/Versions/A/CoreUtils
0x00000001d26c2000 	/System/Library/Frameworks/CoreWLAN.framework/Versions/A/CoreWLAN
0x00000001d7482000 	/System/Library/Frameworks/IOBluetooth.framework/Versions/A/IOBluetooth
0x00000001dc662000 	/System/Library/PrivateFrameworks/CoreWiFi.framework/Versions/A/CoreWiFi
0x00000001db039000 	/System/Library/PrivateFrameworks/FrontBoardServices.framework/Versions/A/FrontBoardServices
0x00000001db0d1000 	/System/Library/PrivateFrameworks/BoardServices.framework/Versions/A/BoardServices
0x00000001d29bd000 	/System/Library/PrivateFrameworks/AssertionServices.framework/Versions/A/AssertionServices
0x00000001dc7d0000 	/System/Library/PrivateFrameworks/BackBoardServices.framework/Versions/A/BackBoardServices
0x00000001d688d000 	/System/Library/PrivateFrameworks/CorePhoneNumbers.framework/Versions/A/CorePhoneNumbers
0x00000001da631000 	/System/Library/PrivateFrameworks/DiskManagement.framework/Versions/A/DiskManagement
0x00000001da534000 	/System/Library/PrivateFrameworks/AppleIDAuthSupport.framework/Versions/A/AppleIDAuthSupport
0x000000022d8c5000 	/System/Library/PrivateFrameworks/AAAFoundation.framework/Versions/A/AAAFoundation
0x00000001d686c000 	/System/Library/PrivateFrameworks/KeychainCircle.framework/Versions/A/KeychainCircle
0x00000001da5fd000 	/System/Library/PrivateFrameworks/MediaKit.framework/Versions/A/MediaKit
0x00000001da541000 	/System/Library/Frameworks/DiscRecording.framework/Versions/A/DiscRecording
0x00000001d3f66000 	/usr/lib/libCoreStorage.dylib
0x00000001dcaca000 	/usr/lib/libcsfde.dylib
0x00000001d7557000 	/System/Library/PrivateFrameworks/ProtectedCloudStorage.framework/Versions/A/ProtectedCloudStorage
0x00000001dcac2000 	/System/Library/PrivateFrameworks/EFILogin.framework/Versions/A/EFILogin
0x00000001da908000 	/System/Library/PrivateFrameworks/OctagonTrust.framework/Versions/A/OctagonTrust
0x00000002321ac000 	/System/Library/PrivateFrameworks/CoreUtilsExtras.framework/Versions/A/CoreUtilsExtras
0x00000001da473000 	/System/Library/Frameworks/CoreBluetooth.framework/Versions/A/CoreBluetooth
0x00000001dd141000 	/System/Library/Frameworks/AudioUnit.framework/Versions/A/AudioUnit
0x00000001d3f5e000 	/usr/lib/libMatch.1.dylib
0x00000001ec61c000 	/System/Library/Frameworks/Accelerate.framework/Versions/A/Frameworks/vImage.framework/Versions/A/Libraries/libCGInterfaces.dylib
0x00000001377e0000 	/usr/lib/libobjc-trampolines.dylib
0x00000001cfcb2000 	/System/Library/PrivateFrameworks/ViewBridge.framework/Versions/A/ViewBridge
0x00000001d46ae000 	/System/Library/PrivateFrameworks/login.framework/Versions/A/login
0x00000001d3e25000 	/System/Library/PrivateFrameworks/CrashReporterSupport.framework/Versions/A/CrashReporterSupport
0x00000001f3f2b000 	/System/Library/PrivateFrameworks/OSAnalytics.framework/Versions/A/OSAnalytics
0x00000001ff07a000 	/System/Library/PrivateFrameworks/Symbolication.framework/Versions/A/Symbolication
0x00000001e8376000 	/System/Library/PrivateFrameworks/MallocStackLogging.framework/Versions/A/MallocStackLogging


VM Arguments:
jvm_args: -javaagent:/Applications/IntelliJ IDEA CE.app/Contents/lib/idea_rt.jar=49550:/Applications/IntelliJ IDEA CE.app/Contents/bin -Dfile.encoding=UTF-8 
java_command: sample.Main
java_class_path (initial): /Users/franzlleshaj/IdeaProjects/chess/out/production/chess
Launcher Type: SUN_STANDARD

[Global flags]
     intx CICompilerCount                          = 4                                         {product} {ergonomic}
     uint ConcGCThreads                            = 2                                         {product} {ergonomic}
     uint G1ConcRefinementThreads                  = 8                                         {product} {ergonomic}
   size_t G1HeapRegionSize                         = 2097152                                   {product} {ergonomic}
    uintx GCDrainStackTargetSize                   = 64                                        {product} {ergonomic}
   size_t InitialHeapSize                          = 268435456                                 {product} {ergonomic}
   size_t MarkStackSize                            = 4194304                                   {product} {ergonomic}
   size_t MaxHeapSize                              = 4294967296                                {product} {ergonomic}
   size_t MaxNewSize                               = 2575302656                                {product} {ergonomic}
   size_t MinHeapDeltaBytes                        = 2097152                                   {product} {ergonomic}
   size_t MinHeapSize                              = 8388608                                   {product} {ergonomic}
    uintx NonNMethodCodeHeapSize                   = 5839564                                {pd product} {ergonomic}
    uintx NonProfiledCodeHeapSize                  = 122909338                              {pd product} {ergonomic}
    uintx ProfiledCodeHeapSize                     = 122909338                              {pd product} {ergonomic}
    uintx ReservedCodeCacheSize                    = 251658240                              {pd product} {ergonomic}
     bool SegmentedCodeCache                       = true                                      {product} {ergonomic}
   size_t SoftMaxHeapSize                          = 4294967296                             {manageable} {ergonomic}
     bool UseCompressedClassPointers               = true                           {product lp64_product} {ergonomic}
     bool UseCompressedOops                        = true                           {product lp64_product} {ergonomic}
     bool UseG1GC                                  = true                                      {product} {ergonomic}
     bool UseNUMA                                  = false                                     {product} {ergonomic}
     bool UseNUMAInterleaving                      = false                                     {product} {ergonomic}

Logging:
Log output configuration:
 #0: stdout all=warning uptime,level,tags
 #1: stderr all=off uptime,level,tags

Environment Variables:
PATH=/Users/franzlleshaj/miniforge3/condabin:/opt/homebrew/bin:/opt/homebrew/sbin:/usr/local/bin:/usr/bin:/bin:/usr/sbin:/sbin:/Users/franzlleshaj/.local/bin
SHELL=/bin/zsh
LC_CTYPE=en_US.UTF-8

Signal Handlers:
SIGSEGV: [libjvm.dylib+0x9bfc08], sa_mask[0]=11100110000111110111111111111111, sa_flags=SA_ONSTACK|SA_RESTART|SA_SIGINFO
SIGBUS: [libjvm.dylib+0x9bfc08], sa_mask[0]=11100110000111110111111111111111, sa_flags=SA_RESTART|SA_SIGINFO
SIGFPE: [libjvm.dylib+0x9bfc08], sa_mask[0]=11100110000111110111111111111111, sa_flags=SA_RESTART|SA_SIGINFO
SIGPIPE: [libjvm.dylib+0x8a7170], sa_mask[0]=11100110000111110111111111111111, sa_flags=SA_RESTART|SA_SIGINFO
SIGXFSZ: [libjvm.dylib+0x8a7170], sa_mask[0]=11100110000111110111111111111111, sa_flags=SA_RESTART|SA_SIGINFO
SIGILL: [libjvm.dylib+0x9bfc08], sa_mask[0]=11100110000111110111111111111111, sa_flags=SA_RESTART|SA_SIGINFO
SIGUSR2: [libjvm.dylib+0x8a7ba8], sa_mask[0]=00100000000000000000000000000000, sa_flags=SA_RESTART|SA_SIGINFO
SIGHUP: [libjvm.dylib+0x8a6220], sa_mask[0]=11100110000111110111111111111111, sa_flags=SA_RESTART|SA_SIGINFO
SIGINT: [libjvm.dylib+0x8a6220], sa_mask[0]=11100110000111110111111111111111, sa_flags=SA_RESTART|SA_SIGINFO
SIGTERM: [libjvm.dylib+0x8a6220], sa_mask[0]=11100110000111110111111111111111, sa_flags=SA_RESTART|SA_SIGINFO
SIGQUIT: [libjvm.dylib+0x8a6220], sa_mask[0]=11100110000111110111111111111111, sa_flags=SA_RESTART|SA_SIGINFO
SIGTRAP: [libjvm.dylib+0x9bfc08], sa_mask[0]=11100110000111110111111111111111, sa_flags=SA_RESTART|SA_SIGINFO


---------------  S Y S T E M  ---------------

OS:uname: Darwin 21.1.0 Darwin Kernel Version 21.1.0: Wed Oct 13 17:33:24 PDT 2021; root:xnu-8019.41.5~1/RELEASE_ARM64_T8101 arm64
OS uptime: 1 days 5:16 hours
rlimit (soft/hard): STACK 8176k/65520k , CORE 0k/infinity , NPROC 2666/4000 , NOFILE 10240/infinity , AS infinity/infinity , CPU infinity/infinity , DATA infinity/infinity , FSIZE infinity/infinity , MEMLOCK infinity/infinity , RSS infinity/infinity
load average: 2.14 2.10 1.99

CPU: total 8 (initial active 8) 0x61:0x0:0x1b588bb3:0, simd, crc, lse

Memory: 16k page, physical 16777216k(307392k free), swap 1048576k(1028096k free)

vm_info: OpenJDK 64-Bit Server VM (16.0.2+7) for bsd-aarch64 JRE (16.0.2+7), built on Jul 22 2021 03:27:58 by "bellsoft" with clang Apple LLVM 12.0.0 (clang-1200.0.32.28)

END.
