#
# A fatal error has been detected by the Java Runtime Environment:
#
#  SIGBUS (0xa) at pc=0x000000010c41d4f0, pid=3566, tid=34827
#
# JRE version: OpenJDK Runtime Environment (16.0.2+7) (build 16.0.2+7)
# Java VM: OpenJDK 64-Bit Server VM (16.0.2+7, mixed mode, tiered, compressed oops, compressed class ptrs, g1 gc, bsd-aarch64)
# Problematic frame:
# v  ~StubRoutines::SafeFetchN
#
# No core dump will be written. Core dumps have been disabled. To enable core dumping, try "ulimit -c unlimited" before starting Java again
#
# If you would like to submit a bug report, please visit:
#   https://bell-sw.com/support
# The crash happened outside the Java Virtual Machine in native code.
# See problematic frame for where to report the bug.
#

---------------  S U M M A R Y ------------

Command Line: -javaagent:/Applications/IntelliJ IDEA CE.app/Contents/lib/idea_rt.jar=49711:/Applications/IntelliJ IDEA CE.app/Contents/bin -Dfile.encoding=UTF-8 sample.Main

Host: MacBookPro17,1 arm64 1 MHz, 8 cores, 16G, Darwin 21.1.0, macOS 12.0.1 (21A559)
Time: Tue Nov 30 19:26:46 2021 EST elapsed time: 10.360367 seconds (0d 0h 0m 10s)

---------------  T H R E A D  ---------------

Current thread (0x00000001510d6000):  JavaThread "InvokeLaterDispatcher" daemon [_thread_in_native, id=34827, stack(0x0000000172144000,0x0000000172347000)]

Stack: [0x0000000172144000,0x0000000172347000],  sp=0x00000001723467c0,  free space=2057k
Native frames: (J=compiled Java code, A=aot compiled Java code, j=interpreted, Vv=VM code, C=native code)
v  ~StubRoutines::SafeFetchN
V  [libjvm.dylib+0x789a7c]  _ZN10OopStorage7releaseEPKP7oopDesc+0x20
V  [libjvm.dylib+0x49b370]  jni_DeleteGlobalRef+0xf0
C  [libglass.dylib+0xa7f4]  -[GlassRunnable dealloc]+0x34
C  [Foundation+0x85e0c]  -[_NSThreadPerformInfo dealloc]+0x30
C  [Foundation+0x525e8]  -[NSObject(NSThreadPerformAdditions) performSelectorOnMainThread:withObject:waitUntilDone:]+0x88
C  0x3c1e00010c425c6c
j  com.sun.glass.ui.mac.MacApplication.submitForLaterInvocation(Ljava/lang/Runnable;)V+2 javafx.graphics@16.0.2
j  com.sun.glass.ui.InvokeLaterDispatcher.run()V+82 javafx.graphics@16.0.2
v  ~StubRoutines::call_stub
V  [libjvm.dylib+0x442094]  _ZN9JavaCalls11call_helperEP9JavaValueRK12methodHandleP17JavaCallArgumentsP6Thread+0x3a8
V  [libjvm.dylib+0x441094]  _ZN9JavaCalls12call_virtualEP9JavaValueP5KlassP6SymbolS5_P17JavaCallArgumentsP6Thread+0x11c
V  [libjvm.dylib+0x441160]  _ZN9JavaCalls12call_virtualEP9JavaValue6HandleP5KlassP6SymbolS6_P6Thread+0x64
V  [libjvm.dylib+0x4fb03c]  _ZL12thread_entryP10JavaThreadP6Thread+0xc4
V  [libjvm.dylib+0x94d8d8]  _ZN10JavaThread17thread_main_innerEv+0xb0
V  [libjvm.dylib+0x94b45c]  _ZN6Thread8call_runEv+0x8c
V  [libjvm.dylib+0x790a6c]  _ZL19thread_native_entryP6Thread+0x16c
C  [libsystem_pthread.dylib+0x74ec]  _pthread_start+0x94

Java frames: (J=compiled Java code, j=interpreted, Vv=VM code)
j  com.sun.glass.ui.mac.MacApplication._submitForLaterInvocation(Ljava/lang/Runnable;)V+0 javafx.graphics@16.0.2
j  com.sun.glass.ui.mac.MacApplication.submitForLaterInvocation(Ljava/lang/Runnable;)V+2 javafx.graphics@16.0.2
j  com.sun.glass.ui.InvokeLaterDispatcher.run()V+82 javafx.graphics@16.0.2
v  ~StubRoutines::call_stub

siginfo: si_signo: 10 (SIGBUS), si_code: 1 (BUS_ADRALN), si_addr: 0x000000010c41d4f0

Register to memory mapping:

 x0=0x0000000140604608 is a global jni handle
 x1=0x0 is NULL
 x2=0x0 is NULL
 x3=0x0 is NULL
 x4=0x00000000000130a8 is an unknown value
 x5=0x0 is NULL
 x6=0x0 is NULL
 x7=0x0000000000000003 is an unknown value
 x8=0x000000010c41d4ec is at begin+0 in a stub
StubRoutines::SafeFetchN [0x000000010c41d4ec, 0x000000010c41d4f8] (12 bytes)
 x9=0x0 is NULL
x10=0x2010000030300000 is an unknown value
x11=0x0000000000000007 is an unknown value
x12=0x0 is NULL
x13=0x00006000027ad470 points into unknown readable memory: 0x00000000000003c0 | c0 03 00 00 00 00 00 00
x14=0x0000000000000001 is an unknown value
x15=0x0000000101849f90: OBJC_CLASS_$_GlassRunnable+0 in /Library/Java/JavaVirtualMachines/liberica-jdk-16-full.jdk/Contents/Home/lib/libglass.dylib at 0x0000000101804000
x16=0x00000001c8934340: pthread_getspecific+0 in /usr/lib/system/libsystem_pthread.dylib at 0x00000001c8932000
x17=0x00006000007ba4c0 points into unknown readable memory: 0x0000000000000000 | 00 00 00 00 00 00 00 00
x18=0x0 is NULL
x19=0x0000600002294310 points into unknown readable memory: 0x0000600000baa600 | 00 a6 ba 00 00 60 00 00
x20=0x0000000140604400 points into unknown readable memory: 0x0000002800000b7c | 7c 0b 00 00 28 00 00 00
x21=0x0000000140604608 is a global jni handle
x22=0x00000001510d6000 is a thread
x23=0x0000000000000001 is an unknown value
x24=0x00000001406045c0 is a global jni handle
x25=0x0000000102455938: _ZN12StubRoutines17_safefetchN_entryE+0 in /Library/Java/JavaVirtualMachines/liberica-jdk-16-full.jdk/Contents/Home/lib/server/libjvm.dylib at 0x0000000101898000
x26=0x0000000134034760 is pointing into metadata
x27=0x0 is NULL
x28=0x00000001510d6000 is a thread


Registers:
 x0=0x0000000140604608  x1=0x0000000000000000  x2=0x0000000000000000  x3=0x0000000000000000
 x4=0x00000000000130a8  x5=0x0000000000000000  x6=0x0000000000000000  x7=0x0000000000000003
 x8=0x000000010c41d4ec  x9=0x0000000000000000 x10=0x2010000030300000 x11=0x0000000000000007
x12=0x0000000000000000 x13=0x00006000027ad470 x14=0x0000000000000001 x15=0x0000000101849f90
x16=0x00000001c8934340 x17=0x00006000007ba4c0 x18=0x0000000000000000 x19=0x0000600002294310
x20=0x0000000140604400 x21=0x0000000140604608 x22=0x00000001510d6000 x23=0x0000000000000001
x24=0x00000001406045c0 x25=0x0000000102455938 x26=0x0000000134034760 x27=0x0000000000000000
x28=0x00000001510d6000  fp=0x0000000172346800  lr=0x0000000102020a24  sp=0x00000001723467c0
pc=0x000000010c41d4f0 cpsr=0x0000000060001000
Top of Stack: (sp=0x00000001723467c0)
0x00000001723467c0:   0000000134034760 0000000000000001
0x00000001723467d0:   00000001723469c8 00000001510d6e00
0x00000001723467e0:   00000001510d7108 00000001406045f8
0x00000001723467f0:   00000001406045f8 0000600002294310
0x0000000172346800:   0000000172346840 0000000102021a7c
0x0000000172346810:   00000001510d6e00 00000001406045f8
0x0000000172346820:   00000001510d7108 00000001406045f8
0x0000000172346830:   00000001510d6e00 0000000000000001
0x0000000172346840:   0000000172346880 0000000101d33370
0x0000000172346850:   00000001723469c8 0000600000a082a0
0x0000000172346860:   0000600000a082b0 0000000212b619f4
0x0000000172346870:   0000000000000000 0000600000a082b0
0x0000000172346880:   00000001723468b0 000000010180e7f4
0x0000000172346890:   d9e663e17e870003 0000000000000000
0x00000001723468a0:   0000000000000000 0000600001cbf680
0x00000001723468b0:   00000001723468f0 00000001c98fce0c
0x00000001723468c0:   00000001723469c8 0000600000a082a0
0x00000001723468d0:   0000600000a082b0 d9e663e17e870003
0x00000001723468e0:   0000000000000000 0000000000000000
0x00000001723468f0:   0000000172346930 b77c0001c98c95e8
0x0000000172346900:   00000001723469c8 000000010c424a00
0x0000000172346910:   0000000000000000 000000010245d198
0x0000000172346920:   0000000172346940 000000010c423970
0x0000000172346930:   00000001723469a0 3c1e00010c425c6c
0x0000000172346940:   00000001723469a8 0000000126efe6e0
0x0000000172346950:   0000000172346950 0000000000000000
0x0000000172346960:   00000001723469c8 0000000134034760
0x0000000172346970:   00000006c0a5c710 0000000000000000
0x0000000172346980:   0000000000000000 000000013400b930
0x0000000172346990:   0000000000000000 00000001723469a0
0x00000001723469a0:   0000000172346a20 000000010c421fc8
0x00000001723469b0:   0000000000000000 0000000000000000 

Instructions: (pc=0x000000010c41d4f0)
0x000000010c41d3f0:   f2a04849 f2c00029 6d425935 1e640886
0x000000010c41d400:   0c402d31 1e6408c7 1f5654d0 1e6c1017
0x000000010c41d410:   1f5050d0 1f504cd0 1f5048d0 1e650af6
0x000000010c41d420:   1f50d8f6 1f5694d6 1f5158f6 1e762880
0x000000010c41d430:   36000501 1e614000 14000026 2e251ca5
0x000000010c41d440:   d2863009 f2a04849 f2c00029 6d425d36
0x000000010c41d450:   1e600806 0c402d32 1f5758c7 1e6c101a
0x000000010c41d460:   1f4754c7 1e650805 1f4750c7 d2866668
0x000000010c41d470:   f2a7fa68 1f474cc7 1e6608c0 1f4748c7
0x000000010c41d480:   1e6e1019 eb08007f 540000ac 1f479400
0x000000010c41d490:   1f460340 1e603b20 1400000e d2a7fd29
0x000000010c41d4a0:   eb09007f 540000ac 51480069 d3607d29
0x000000010c41d4b0:   9e670121 14000002 1e6a5001 1f679417
0x000000010c41d4c0:   1f668742 1e613b23 1e773857 1e773860
0x000000010c41d4d0:   a8c17ff3 910003bf a8c17bfd d65f03c0
0x000000010c41d4e0:   b9400001 aa0103e0 d65f03c0 f9400001
0x000000010c41d4f0:   aa0103e0 d65f03c0 00000000 00000000
0x000000010c41d500:   00000000 00000000 00000000 00000000
0x000000010c41d510:   00000000 00000000 00000000 00000000
0x000000010c41d520:   00000000 00000000 00000000 00000000
0x000000010c41d530:   00000000 00000000 00000000 00000000
0x000000010c41d540:   00000000 00000000 00000000 00000000
0x000000010c41d550:   00000000 00000000 00000000 00000000
0x000000010c41d560:   00000000 00000000 00000000 00000000
0x000000010c41d570:   00000000 00000000 00000000 00000000
0x000000010c41d580:   00000000 00000000 00000000 00000000
0x000000010c41d590:   00000000 00000000 00000000 00000000
0x000000010c41d5a0:   00000000 00000000 00000000 00000000
0x000000010c41d5b0:   00000000 00000000 00000000 00000000
0x000000010c41d5c0:   00000000 00000000 00000000 00000000
0x000000010c41d5d0:   00000000 00000000 00000000 00000000
0x000000010c41d5e0:   00000000 00000000 00000000 00000000 


Stack slot to memory mapping:
stack at sp + 0 slots: 0x0000000134034760 is pointing into metadata
stack at sp + 1 slots: 0x0000000000000001 is an unknown value
stack at sp + 2 slots: 0x00000001723469c8 is pointing into the stack for thread: 0x00000001510d6000
stack at sp + 3 slots: 0x00000001510d6e00 is a thread
stack at sp + 4 slots: 0x00000001510d7108 points into unknown readable memory: 0x0000000102411e00 | 00 1e 41 02 01 00 00 00
stack at sp + 5 slots: 0x00000001406045f8 is a global jni handle
stack at sp + 6 slots: 0x00000001406045f8 is a global jni handle
stack at sp + 7 slots: 0x0000600002294310 points into unknown readable memory: 0x0000600000baa600 | 00 a6 ba 00 00 60 00 00

StubRoutines::SafeFetchN [0x000000010c41d4ec, 0x000000010c41d4f8] (12 bytes)
[MachCode]
  0x000000010c41d4ec: 0100 40f9 | e003 01aa | c003 5fd6 
[/MachCode]

---------------  P R O C E S S  ---------------

Threads class SMR info:
_java_thread_list=0x0000600000982f80, length=22, elements={
0x000000015080de00, 0x00000001508e7600, 0x0000000127808200, 0x00000001508ef200,
0x00000001508e8600, 0x00000001508ebe00, 0x00000001508ec400, 0x00000001508eca00,
0x0000000127008200, 0x00000001508f1200, 0x0000000140810400, 0x00000001508f3a00,
0x0000000131049e00, 0x00000001510d6000, 0x00000001510d6e00, 0x00000001510e8400,
0x000000014091c400, 0x0000000140a2bc00, 0x0000000140a2b200, 0x0000000140b41800,
0x000000015147a800, 0x00000001408b9c00
}

Java Threads: ( => current thread )
  0x000000015080de00 JavaThread "main" [_thread_blocked, id=5891, stack(0x000000016f73c000,0x000000016f93f000)]
  0x00000001508e7600 JavaThread "Reference Handler" daemon [_thread_blocked, id=15619, stack(0x0000000170590000,0x0000000170793000)]
  0x0000000127808200 JavaThread "Finalizer" daemon [_thread_blocked, id=16131, stack(0x000000017079c000,0x000000017099f000)]
  0x00000001508ef200 JavaThread "Signal Dispatcher" daemon [_thread_blocked, id=22275, stack(0x0000000170ac0000,0x0000000170cc3000)]
  0x00000001508e8600 JavaThread "Service Thread" daemon [_thread_blocked, id=42243, stack(0x0000000170ccc000,0x0000000170ecf000)]
  0x00000001508ebe00 JavaThread "Monitor Deflation Thread" daemon [_thread_blocked, id=22787, stack(0x0000000170ed8000,0x00000001710db000)]
  0x00000001508ec400 JavaThread "C2 CompilerThread0" daemon [_thread_blocked, id=23299, stack(0x00000001710e4000,0x00000001712e7000)]
  0x00000001508eca00 JavaThread "C1 CompilerThread0" daemon [_thread_blocked, id=23555, stack(0x00000001712f0000,0x00000001714f3000)]
  0x0000000127008200 JavaThread "Sweeper thread" daemon [_thread_blocked, id=24067, stack(0x00000001714fc000,0x00000001716ff000)]
  0x00000001508f1200 JavaThread "Common-Cleaner" daemon [_thread_blocked, id=24579, stack(0x0000000171708000,0x000000017190b000)]
  0x0000000140810400 JavaThread "Monitor Ctrl-Break" daemon [_thread_in_native, id=41731, stack(0x0000000171914000,0x0000000171b17000)]
  0x00000001508f3a00 JavaThread "Notification Thread" daemon [_thread_blocked, id=25091, stack(0x0000000171b20000,0x0000000171d23000)]
  0x0000000131049e00 JavaThread "QuantumRenderer-0" daemon [_thread_blocked, id=40707, stack(0x0000000171f38000,0x000000017213b000)]
=>0x00000001510d6000 JavaThread "InvokeLaterDispatcher" daemon [_thread_in_native, id=34827, stack(0x0000000172144000,0x0000000172347000)]
  0x00000001510d6e00 JavaThread "JavaFX Application Thread" [_thread_in_vm, id=259, stack(0x000000016eeb4000,0x000000016f6b0000)]
  0x00000001510e8400 JavaThread "JavaFX-Launcher" [_thread_blocked, id=54295, stack(0x0000000172674000,0x0000000172877000)]
  0x000000014091c400 JavaThread "JFXMedia Player EventQueueThread" daemon [_thread_blocked, id=57603, stack(0x0000000172880000,0x0000000172a83000)]
  0x0000000140a2bc00 JavaThread "Prism Font Disposer" daemon [_thread_blocked, id=89103, stack(0x0000000172cbc000,0x0000000172ebf000)]
  0x0000000140a2b200 JavaThread "Media Resource Disposer" daemon [_thread_blocked, id=97559, stack(0x0000000174758000,0x000000017495b000)]
  0x0000000140b41800 JavaThread "Timer-0" daemon [_thread_blocked, id=163847, stack(0x00000001749f0000,0x0000000174bf3000)]
  0x000000015147a800 JavaThread "Cleaner-0" daemon [_thread_blocked, id=163359, stack(0x0000000174bfc000,0x0000000174dff000)]
  0x00000001408b9c00 JavaThread "Attach Listener" daemon [_thread_blocked, id=52239, stack(0x0000000174e08000,0x000000017500b000)]

Other Threads:
  0x00000001407064b0 VMThread "VM Thread" [stack: 0x0000000170384000,0x0000000170587000] [id=17923]
  0x0000000130609230 WatcherThread [stack: 0x0000000171d2c000,0x0000000171f2f000] [id=40963]
  0x0000000150607430 GCTaskThread "GC Thread#0" [stack: 0x000000016f948000,0x000000016fb4b000] [id=12291]
  0x00000001507393f0 GCTaskThread "GC Thread#1" [stack: 0x0000000172ec8000,0x00000001730cb000] [id=173571]
  0x0000000140721730 GCTaskThread "GC Thread#2" [stack: 0x00000001730d4000,0x00000001732d7000] [id=89347]
  0x00000001507398d0 GCTaskThread "GC Thread#3" [stack: 0x00000001732e0000,0x00000001734e3000] [id=172803]
  0x0000000150655060 GCTaskThread "GC Thread#4" [stack: 0x00000001734ec000,0x00000001736ef000] [id=172291]
  0x0000000140721cb0 GCTaskThread "GC Thread#5" [stack: 0x00000001736f8000,0x00000001738fb000] [id=89859]
  0x000000014066b1a0 GCTaskThread "GC Thread#6" [stack: 0x0000000173904000,0x0000000173b07000] [id=90371]
  0x000000014066ba70 GCTaskThread "GC Thread#7" [stack: 0x0000000173b10000,0x0000000173d13000] [id=171779]
  0x0000000150607b40 ConcurrentGCThread "G1 Main Marker" [stack: 0x000000016fb54000,0x000000016fd57000] [id=12547]
  0x0000000150608420 ConcurrentGCThread "G1 Conc#0" [stack: 0x000000016fd60000,0x000000016ff63000] [id=12803]
  0x00000001507459e0 ConcurrentGCThread "G1 Conc#1" [stack: 0x000000017454c000,0x000000017474f000] [id=164375]
  0x00000001506132f0 ConcurrentGCThread "G1 Refine#0" [stack: 0x000000016ff6c000,0x000000017016f000] [id=13571]
  0x000000014066c340 ConcurrentGCThread "G1 Refine#1" [stack: 0x0000000173d1c000,0x0000000173f1f000] [id=171523]
  0x000000013060da00 ConcurrentGCThread "G1 Refine#2" [stack: 0x0000000173f28000,0x000000017412b000] [id=91395]
  0x0000000130807bb0 ConcurrentGCThread "G1 Refine#3" [stack: 0x0000000174134000,0x0000000174337000] [id=171011]
  0x00000001015065a0 ConcurrentGCThread "G1 Refine#4" [stack: 0x0000000174340000,0x0000000174543000] [id=92675]
  0x0000000150613bf0 ConcurrentGCThread "G1 Service" [stack: 0x0000000170178000,0x000000017037b000] [id=18435]

Threads with active compile tasks:

VM state: not at safepoint (normal execution)

VM Mutex/Monitor currently owned by a thread: None

Heap address: 0x00000006c0000000, size: 4096 MB, Compressed Oops mode: Zero based, Oop shift amount: 3

Compressed class space mapped at: 0x0000000300000000-0x0000000340000000, reserved size: 1073741824
Narrow klass base: 0x0000000000000000, Narrow klass shift: 3, Narrow klass range: 0x340000000

GC Precious Log:
 CPUs: 8 total, 8 available
 Memory: 16384M
 Large Page Support: Disabled
 NUMA Support: Disabled
 Compressed Oops: Enabled (Zero based)
 Heap Region Size: 2M
 Heap Min Capacity: 8M
 Heap Initial Capacity: 256M
 Heap Max Capacity: 4G
 Pre-touch: Disabled
 Parallel Workers: 8
 Concurrent Workers: 2
 Concurrent Refinement Workers: 8
 Periodic GC: Disabled

Heap:
 garbage-first heap   total 61440K, used 33098K [0x00000006c0000000, 0x00000007c0000000)
  region size 2048K, 6 young (12288K), 1 survivors (2048K)
 Metaspace       used 22973K, committed 23360K, reserved 1073152K
  class space    used 2635K, committed 2816K, reserved 1048576K

Heap Regions: E=young(eden), S=young(survivor), O=old, HS=humongous(starts), HC=humongous(continues), CS=collection set, F=free, OA=open archive, CA=closed archive, TAMS=top-at-mark-start (previous, next)
|   0|0x00000006c0000000, 0x00000006c0200000, 0x00000006c0200000|100%|HS|  |TAMS 0x00000006c0200000, 0x00000006c0000000| Complete 
|   1|0x00000006c0200000, 0x00000006c0400000, 0x00000006c0400000|100%|HC|  |TAMS 0x00000006c0400000, 0x00000006c0200000| Complete 
|   2|0x00000006c0400000, 0x00000006c0600000, 0x00000006c0600000|100%|HC|  |TAMS 0x00000006c0600000, 0x00000006c0400000| Complete 
|   3|0x00000006c0600000, 0x00000006c0800000, 0x00000006c0800000|100%|HC|  |TAMS 0x00000006c0800000, 0x00000006c0600000| Complete 
|   4|0x00000006c0800000, 0x00000006c0a00000, 0x00000006c0a00000|100%| O|  |TAMS 0x00000006c0a00000, 0x00000006c0800000| Untracked 
|   5|0x00000006c0a00000, 0x00000006c0c00000, 0x00000006c0c00000|100%| O|  |TAMS 0x00000006c0a1a400, 0x00000006c0a00000| Untracked 
|   6|0x00000006c0c00000, 0x00000006c0dd5e00, 0x00000006c0e00000| 91%| O|  |TAMS 0x00000006c0c00000, 0x00000006c0c00000| Untracked 
|   7|0x00000006c0e00000, 0x00000006c1000000, 0x00000006c1000000|100%|HS|  |TAMS 0x00000006c0e00000, 0x00000006c0e00000| Complete 
|   8|0x00000006c1000000, 0x00000006c1200000, 0x00000006c1200000|100%|HS|  |TAMS 0x00000006c1000000, 0x00000006c1000000| Complete 
|   9|0x00000006c1200000, 0x00000006c1400000, 0x00000006c1400000|100%|HC|  |TAMS 0x00000006c1200000, 0x00000006c1200000| Complete 
|  10|0x00000006c1400000, 0x00000006c1600000, 0x00000006c1600000|100%|HS|  |TAMS 0x00000006c1400000, 0x00000006c1400000| Complete 
|  11|0x00000006c1600000, 0x00000006c1800000, 0x00000006c1800000|100%|HC|  |TAMS 0x00000006c1600000, 0x00000006c1600000| Complete 
|  12|0x00000006c1800000, 0x00000006c1800000, 0x00000006c1a00000|  0%| F|  |TAMS 0x00000006c1800000, 0x00000006c1800000| Untracked 
|  13|0x00000006c1a00000, 0x00000006c1a00000, 0x00000006c1c00000|  0%| F|  |TAMS 0x00000006c1a00000, 0x00000006c1a00000| Untracked 
|  14|0x00000006c1c00000, 0x00000006c1c00000, 0x00000006c1e00000|  0%| F|  |TAMS 0x00000006c1c00000, 0x00000006c1c00000| Untracked 
|  15|0x00000006c1e00000, 0x00000006c1e00000, 0x00000006c2000000|  0%| F|  |TAMS 0x00000006c1e00000, 0x00000006c1e00000| Untracked 
|  16|0x00000006c2000000, 0x00000006c2000000, 0x00000006c2200000|  0%| F|  |TAMS 0x00000006c2000000, 0x00000006c2000000| Untracked 
|  17|0x00000006c2200000, 0x00000006c2200000, 0x00000006c2400000|  0%| F|  |TAMS 0x00000006c2200000, 0x00000006c2200000| Untracked 
|  18|0x00000006c2400000, 0x00000006c2400000, 0x00000006c2600000|  0%| F|  |TAMS 0x00000006c2400000, 0x00000006c2400000| Untracked 
|  19|0x00000006c2600000, 0x00000006c2600000, 0x00000006c2800000|  0%| F|  |TAMS 0x00000006c2600000, 0x00000006c2600000| Untracked 
|  20|0x00000006c2800000, 0x00000006c2800000, 0x00000006c2a00000|  0%| F|  |TAMS 0x00000006c2800000, 0x00000006c2800000| Untracked 
|  21|0x00000006c2a00000, 0x00000006c2a00000, 0x00000006c2c00000|  0%| F|  |TAMS 0x00000006c2a00000, 0x00000006c2a00000| Untracked 
|  22|0x00000006c2c00000, 0x00000006c2c00000, 0x00000006c2e00000|  0%| F|  |TAMS 0x00000006c2c00000, 0x00000006c2c00000| Untracked 
|  23|0x00000006c2e00000, 0x00000006c2e00000, 0x00000006c3000000|  0%| F|  |TAMS 0x00000006c2e00000, 0x00000006c2e00000| Untracked 
|  24|0x00000006c3000000, 0x00000006c311fab0, 0x00000006c3200000| 56%| E|  |TAMS 0x00000006c3000000, 0x00000006c3000000| Complete 
|  25|0x00000006c3200000, 0x00000006c3400000, 0x00000006c3400000|100%| E|CS|TAMS 0x00000006c3200000, 0x00000006c3200000| Complete 
|  26|0x00000006c3400000, 0x00000006c3600000, 0x00000006c3600000|100%| E|CS|TAMS 0x00000006c3400000, 0x00000006c3400000| Complete 
|  27|0x00000006c3600000, 0x00000006c3800000, 0x00000006c3800000|100%| E|CS|TAMS 0x00000006c3600000, 0x00000006c3600000| Complete 
| 126|0x00000006cfc00000, 0x00000006cfc7cdd0, 0x00000006cfe00000| 24%| S|CS|TAMS 0x00000006cfc00000, 0x00000006cfc00000| Complete 
| 127|0x00000006cfe00000, 0x00000006d0000000, 0x00000006d0000000|100%| E|CS|TAMS 0x00000006cfe00000, 0x00000006cfe00000| Complete 

Card table byte_map: [0x000000011b41c000,0x000000011bc1c000] _byte_map_base: 0x0000000117e1c000

Marking Bits (Prev, Next): (CMBitMap*) 0x0000000150837050, (CMBitMap*) 0x0000000150837010
 Prev Bits: [0x000000012041c000, 0x000000012441c000)
 Next Bits: [0x000000011c41c000, 0x000000012041c000)

Polling page: 0x0000000100980000

Metaspace:

Usage:
  Non-class:     19.86 MB used.
      Class:      2.57 MB used.
       Both:     22.43 MB used.

Virtual space:
  Non-class space:       24.00 MB reserved,      20.06 MB ( 84%) committed,  3 nodes.
      Class space:        1.00 GB reserved,       2.75 MB ( <1%) committed,  1 nodes.
              Both:        1.02 GB reserved,      22.81 MB (  2%) committed. 

Chunk freelists:
   Non-Class:  3.91 MB
       Class:  1.17 MB
        Both:  5.08 MB

MaxMetaspaceSize: 17179869184.00 GB
CompressedClassSpaceSize: 1.00 GB
 - commit_granule_bytes: 65536.
 - commit_granule_words: 8192.
 - virtual_space_node_default_size: 1048576.
 - enlarge_chunks_in_place: 1.
 - new_chunks_are_fully_committed: 0.
 - uncommit_free_chunks: 1.
 - use_allocation_guard: 0.
 - handle_deallocations: 1.


Internal statistics:

num_allocs_failed_limit: 3.
num_arena_births: 356.
num_arena_deaths: 0.
num_vsnodes_births: 4.
num_vsnodes_deaths: 0.
num_space_committed: 365.
num_space_uncommitted: 0.
num_chunks_returned_to_freelist: 3.
num_chunks_taken_from_freelist: 843.
num_chunk_merges: 3.
num_chunk_splits: 587.
num_chunks_enlarged: 437.
num_purges: 0.

CodeHeap 'non-profiled nmethods': size=120032Kb used=694Kb max_used=694Kb free=119337Kb
 bounds [0x0000000113ee4000, 0x0000000114154000, 0x000000011b41c000]
CodeHeap 'profiled nmethods': size=120016Kb used=3442Kb max_used=3442Kb free=116573Kb
 bounds [0x000000010c9b0000, 0x000000010cd10000, 0x0000000113ee4000]
CodeHeap 'non-nmethods': size=5712Kb used=1364Kb max_used=1397Kb free=4347Kb
 bounds [0x000000010c41c000, 0x000000010c68c000, 0x000000010c9b0000]
 total_blobs=2654 nmethods=1900 adapters=671
 compilation: enabled
              stopped_count=0, restarted_count=0
 full_count=0

Compilation events (20 events):
Event: 8.734 Thread 0x00000001508eca00 nmethod 1887 0x000000010cd07e90 code [0x000000010cd08040, 0x000000010cd083d8]
Event: 8.735 Thread 0x00000001508eca00 1888       3       javafx.scene.image.ImageView::getX (19 bytes)
Event: 8.735 Thread 0x00000001508eca00 nmethod 1888 0x000000010cd08510 code [0x000000010cd08700, 0x000000010cd08b58]
Event: 8.735 Thread 0x00000001508eca00 1889       3       javafx.scene.image.ImageView::getY (19 bytes)
Event: 8.735 Thread 0x00000001508eca00 nmethod 1889 0x000000010cd08c90 code [0x000000010cd08e80, 0x000000010cd092d8]
Event: 8.774 Thread 0x00000001508eca00 1890       3       javafx.scene.input.MouseEvent::copyFor (18 bytes)
Event: 8.775 Thread 0x00000001508eca00 nmethod 1890 0x000000010cd09410 code [0x000000010cd09600, 0x000000010cd09a88]
Event: 8.775 Thread 0x00000001508eca00 1891       3       javafx.scene.input.MouseEvent::recomputeCoordinatesToSource (34 bytes)
Event: 8.775 Thread 0x00000001508eca00 nmethod 1891 0x000000010cd09c10 code [0x000000010cd09dc0, 0x000000010cd09fd8]
Event: 8.814 Thread 0x00000001508eca00 1892       3       javafx.scene.input.PickResult::<init> (53 bytes)
Event: 8.814 Thread 0x00000001508ec400 1893       4       javafx.scene.Node::getParent (22 bytes)
Event: 8.815 Thread 0x00000001508eca00 nmethod 1892 0x000000010cd0a110 code [0x000000010cd0a340, 0x000000010cd0ab88]
Event: 8.817 Thread 0x00000001508ec400 nmethod 1893 0x0000000113f90f10 code [0x0000000113f910c0, 0x0000000113f91200]
Event: 8.857 Thread 0x00000001508eca00 1894       3       java.util.concurrent.locks.AbstractQueuedSynchronizer$ConditionObject::signal (34 bytes)
Event: 8.858 Thread 0x00000001508eca00 nmethod 1894 0x000000010cd0ad90 code [0x000000010cd0af80, 0x000000010cd0b338]
Event: 8.957 Thread 0x00000001508eca00 1896       3       java.util.concurrent.locks.AbstractQueuedSynchronizer$Node::getAndUnsetStatus (14 bytes)
Event: 8.958 Thread 0x00000001508eca00 nmethod 1896 0x000000010cd0b490 code [0x000000010cd0b680, 0x000000010cd0b998]
Event: 9.457 Thread 0x00000001508eca00 1898       3       jdk.internal.misc.Unsafe::putReferenceOpaque (9 bytes)
Event: 9.457 Thread 0x00000001508eca00 nmethod 1898 0x000000010cd0bb10 code [0x000000010cd0bcc0, 0x000000010cd0be68]
Event: 10.358 Thread 0x00000001508eca00 1899       3       java.util.concurrent.locks.AbstractQueuedSynchronizer$ConditionObject::canReacquire (28 bytes)

GC Heap History (4 events):
Event: 0.582 GC heap before
{Heap before GC invocations=0 (full 0):
 garbage-first heap   total 262144K, used 30720K [0x00000006c0000000, 0x00000007c0000000)
  region size 2048K, 11 young (22528K), 0 survivors (0K)
 Metaspace       used 20515K, committed 20864K, reserved 1073152K
  class space    used 2352K, committed 2496K, reserved 1048576K
}
Event: 0.586 GC heap after
{Heap after GC invocations=1 (full 0):
 garbage-first heap   total 262144K, used 14441K [0x00000006c0000000, 0x00000007c0000000)
  region size 2048K, 2 young (4096K), 2 survivors (4096K)
 Metaspace       used 20515K, committed 20864K, reserved 1073152K
  class space    used 2352K, committed 2496K, reserved 1048576K
}
Event: 0.636 GC heap before
{Heap before GC invocations=1 (full 0):
 garbage-first heap   total 262144K, used 14441K [0x00000006c0000000, 0x00000007c0000000)
  region size 2048K, 3 young (6144K), 2 survivors (4096K)
 Metaspace       used 20952K, committed 21248K, reserved 1073152K
  class space    used 2400K, committed 2560K, reserved 1048576K
}
Event: 0.638 GC heap after
{Heap after GC invocations=2 (full 0):
 garbage-first heap   total 262144K, used 14666K [0x00000006c0000000, 0x00000007c0000000)
  region size 2048K, 1 young (2048K), 1 survivors (2048K)
 Metaspace       used 20952K, committed 21248K, reserved 1073152K
  class space    used 2400K, committed 2560K, reserved 1048576K
}

Deoptimization events (20 events):
Event: 1.954 Thread 0x00000001510d6e00 DEOPT PACKING pc=0x000000010ccba1a4 sp=0x000000016f6a9160
Event: 1.954 Thread 0x00000001510d6e00 DEOPT UNPACKING pc=0x000000010c455bfc sp=0x000000016f6a8f00 mode 0
Event: 1.955 Thread 0x00000001510d6e00 Uncommon trap: trap_request=0xffffff45 fr.pc=0x0000000113f59a14 relative=0x00000000000000d4
Event: 1.955 Thread 0x00000001510d6e00 Uncommon trap: reason=unstable_if action=reinterpret pc=0x0000000113f59a14 method=java.util.HashMap.hash(Ljava/lang/Object;)I @ 1 c2
Event: 1.955 Thread 0x00000001510d6e00 DEOPT PACKING pc=0x0000000113f59a14 sp=0x000000016f6a9340
Event: 1.955 Thread 0x00000001510d6e00 DEOPT UNPACKING pc=0x000000010c455d9c sp=0x000000016f6a9270 mode 2
Event: 1.955 Thread 0x00000001510d6e00 Uncommon trap: trap_request=0xffffff45 fr.pc=0x0000000113f6e150 relative=0x0000000000000350
Event: 1.955 Thread 0x00000001510d6e00 Uncommon trap: reason=unstable_if action=reinterpret pc=0x0000000113f6e150 method=java.util.HashMap.hash(Ljava/lang/Object;)I @ 1 c2
Event: 1.955 Thread 0x00000001510d6e00 DEOPT PACKING pc=0x0000000113f6e150 sp=0x000000016f6a9340
Event: 1.955 Thread 0x00000001510d6e00 DEOPT UNPACKING pc=0x000000010c455d9c sp=0x000000016f6a91c0 mode 2
Event: 1.955 Thread 0x00000001510d6e00 Uncommon trap: trap_request=0xffffff45 fr.pc=0x0000000113f60544 relative=0x0000000000000344
Event: 1.955 Thread 0x00000001510d6e00 Uncommon trap: reason=unstable_if action=reinterpret pc=0x0000000113f60544 method=java.util.HashMap.hash(Ljava/lang/Object;)I @ 1 c2
Event: 1.955 Thread 0x00000001510d6e00 DEOPT PACKING pc=0x0000000113f60544 sp=0x000000016f6a92d0
Event: 1.955 Thread 0x00000001510d6e00 DEOPT UNPACKING pc=0x000000010c455d9c sp=0x000000016f6a91d0 mode 2
Event: 1.955 Thread 0x00000001510d6e00 Uncommon trap: trap_request=0xffffff45 fr.pc=0x0000000113f1e04c relative=0x000000000000008c
Event: 1.955 Thread 0x00000001510d6e00 Uncommon trap: reason=unstable_if action=reinterpret pc=0x0000000113f1e04c method=java.util.HashMap.hash(Ljava/lang/Object;)I @ 1 c2
Event: 1.955 Thread 0x00000001510d6e00 DEOPT PACKING pc=0x0000000113f1e04c sp=0x000000016f6a9230
Event: 1.955 Thread 0x00000001510d6e00 DEOPT UNPACKING pc=0x000000010c455d9c sp=0x000000016f6a91c0 mode 2
Event: 1.968 Thread 0x00000001510d6e00 DEOPT PACKING pc=0x000000010ca4e570 sp=0x000000016f6a8c10
Event: 1.968 Thread 0x00000001510d6e00 DEOPT UNPACKING pc=0x000000010c455bfc sp=0x000000016f6a8a30 mode 3

Classes unloaded (0 events):
No events

Classes redefined (0 events):
No events

Internal exceptions (20 events):
Event: 0.411 Thread 0x00000001510d6e00 Exception <a 'java/lang/NoSuchMethodError'{0x00000006cec12ae0}: 'java.lang.Object java.lang.invoke.Invokers$Holder.linkToTargetMethod(int, java.lang.Object, java.lang.Object)'> (0x00000006cec12ae0) 
thrown [src/hotspot/share/interpreter/linkResolver.cpp, line 790]
Event: 0.430 Thread 0x00000001510d6e00 Exception <a 'java/io/FileNotFoundException'{0x00000006cecfed90}> (0x00000006cecfed90) 
thrown [src/hotspot/share/prims/jni.cpp, line 579]
Event: 0.488 Thread 0x00000001510d6e00 Exception <a 'java/io/FileNotFoundException'{0x00000006cea6f400}> (0x00000006cea6f400) 
thrown [src/hotspot/share/prims/jni.cpp, line 579]
Event: 0.563 Thread 0x00000001510d6e00 Exception <a 'java/lang/NoSuchMethodError'{0x00000006ceb1b3f0}: 'java.lang.Object java.lang.invoke.Invokers$Holder.linkToTargetMethod(java.lang.Object, int, java.lang.Object)'> (0x00000006ceb1b3f0) 
thrown [src/hotspot/share/interpreter/linkResolver.cpp, line 790]
Event: 0.573 Thread 0x00000001510d6e00 Exception <a 'java/lang/NoSuchMethodError'{0x00000006ceb53a30}: 'java.lang.Object java.lang.invoke.DirectMethodHandle$Holder.invokeInterface(java.lang.Object, java.lang.Object, java.lang.Object)'> (0x00000006ceb53a30) 
thrown [src/hotspot/share/interpreter/linkResolver.cpp, line 790]
Event: 0.573 Thread 0x00000001510d6e00 Exception <a 'java/lang/IncompatibleClassChangeError'{0x00000006ceb57a60}: Found class java.lang.Object, but interface was expected> (0x00000006ceb57a60) 
thrown [src/hotspot/share/interpreter/linkResolver.cpp, line 857]
Event: 0.581 Thread 0x00000001510d6e00 Exception <a 'java/lang/NoSuchMethodError'{0x00000006cebd2698}: 'void java.lang.invoke.DirectMethodHandle$Holder.invokeVirtual(java.lang.Object, java.lang.Object, java.lang.Object)'> (0x00000006cebd2698) 
thrown [src/hotspot/share/interpreter/linkResolver.cpp, line 790]
Event: 0.604 Thread 0x00000001510d6e00 Exception <a 'java/lang/NoSuchMethodError'{0x00000006cfec1868}: 'java.lang.Object java.lang.invoke.DirectMethodHandle$Holder.newInvokeSpecial(java.lang.Object, java.lang.Object, int)'> (0x00000006cfec1868) 
thrown [src/hotspot/share/interpreter/linkResolver.cpp, line 790]
Event: 0.648 Thread 0x0000000131049e00 Exception <a 'java/lang/NoSuchMethodError'{0x00000006cff9eab8}: 'int java.lang.invoke.DirectMethodHandle$Holder.invokeStaticInit(java.lang.Object, java.lang.Object)'> (0x00000006cff9eab8) 
thrown [src/hotspot/share/interpreter/linkResolver.cpp, line 790]
Event: 0.672 Thread 0x0000000131049e00 Exception <a 'java/lang/NoSuchMethodError'{0x00000006c343b9d8}: 'java.lang.Object java.lang.invoke.DirectMethodHandle$Holder.invokeStatic(java.lang.Object, double)'> (0x00000006c343b9d8) 
thrown [src/hotspot/share/interpreter/linkResolver.cpp, line 790]
Event: 0.673 Thread 0x0000000131049e00 Exception <a 'java/lang/NoSuchMethodError'{0x00000006c343fd28}: 'java.lang.Object java.lang.invoke.DirectMethodHandle$Holder.invokeSpecial(java.lang.Object, java.lang.Object, double)'> (0x00000006c343fd28) 
thrown [src/hotspot/share/interpreter/linkResolver.cpp, line 790]
Event: 1.800 Thread 0x00000001510d6e00 Exception <a 'java/lang/NoSuchMethodError'{0x00000006cfe7d628}: 'long java.lang.invoke.DirectMethodHandle$Holder.invokeStatic(java.lang.Object, java.lang.Object, java.lang.Object)'> (0x00000006cfe7d628) 
thrown [src/hotspot/share/interpreter/linkResolver.cpp, line 790]
Event: 1.800 Thread 0x00000001510d6e00 Exception <a 'java/lang/NoSuchMethodError'{0x00000006cfe80c70}: 'long java.lang.invoke.DirectMethodHandle$Holder.invokeStaticInit(java.lang.Object, java.lang.Object, java.lang.Object)'> (0x00000006cfe80c70) 
thrown [src/hotspot/share/interpreter/linkResolver.cpp, line 790]
Event: 1.802 Thread 0x00000001510d6e00 Exception <a 'java/lang/NoSuchMethodError'{0x00000006cfe98b90}: 'java.lang.Object java.lang.invoke.DirectMethodHandle$Holder.newInvokeSpecial(java.lang.Object, java.lang.Object, long)'> (0x00000006cfe98b90) 
thrown [src/hotspot/share/interpreter/linkResolver.cpp, line 790]
Event: 1.802 Thread 0x00000001510d6e00 Exception <a 'java/lang/NoSuchMethodError'{0x00000006cfe9c528}: 'java.lang.Object java.lang.invoke.Invokers$Holder.linkToTargetMethod(java.lang.Object, long, java.lang.Object)'> (0x00000006cfe9c528) 
thrown [src/hotspot/share/interpreter/linkResolver.cpp, line 790]
Event: 1.901 Thread 0x00000001510d6e00 Exception <a 'java/io/FileNotFoundException'{0x00000006cfed9330}> (0x00000006cfed9330) 
thrown [src/hotspot/share/prims/jni.cpp, line 579]
Event: 1.955 Thread 0x00000001510d6e00 Implicit null exception at 0x0000000113f59978 to 0x0000000113f59a08
Event: 1.955 Thread 0x00000001510d6e00 Implicit null exception at 0x0000000113f6de54 to 0x0000000113f6e140
Event: 1.955 Thread 0x00000001510d6e00 Implicit null exception at 0x0000000113f60254 to 0x0000000113f60534
Event: 1.955 Thread 0x00000001510d6e00 Implicit null exception at 0x0000000113f1dfd4 to 0x0000000113f1e040

Events (20 events):
Event: 5.563 Protecting memory [0x0000000172c30000,0x0000000172c3c000] with protection modes 0
Event: 5.563 Thread 0x00000001338e4a00 Thread added: 0x00000001338e4a00
Event: 5.564 Protecting memory [0x0000000172c30000,0x0000000172c3c000] with protection modes 3
Event: 5.564 Thread 0x00000001338e4a00 Thread exited: 0x00000001338e4a00
Event: 5.564 Protecting memory [0x0000000172c30000,0x0000000172c3c000] with protection modes 0
Event: 5.564 Thread 0x00000001338e4a00 Thread added: 0x00000001338e4a00
Event: 5.564 Protecting memory [0x0000000172c30000,0x0000000172c3c000] with protection modes 3
Event: 5.564 Thread 0x00000001338e4a00 Thread exited: 0x00000001338e4a00
Event: 7.962 Executing  VM operation: Cleanup
Event: 7.962 Executing  VM operation: Cleanup done
Event: 8.245 Protecting memory [0x0000000172c30000,0x0000000172c3c000] with protection modes 0
Event: 8.245 Thread 0x000000012783aa00 Thread added: 0x000000012783aa00
Event: 8.246 Protecting memory [0x0000000172c30000,0x0000000172c3c000] with protection modes 3
Event: 8.246 Thread 0x000000012783aa00 Thread exited: 0x000000012783aa00
Event: 8.246 Protecting memory [0x0000000172c30000,0x0000000172c3c000] with protection modes 0
Event: 8.246 Thread 0x000000012783aa00 Thread added: 0x000000012783aa00
Event: 8.246 Protecting memory [0x0000000172c30000,0x0000000172c3c000] with protection modes 3
Event: 8.246 Thread 0x000000012783aa00 Thread exited: 0x000000012783aa00
Event: 8.967 Executing  VM operation: Cleanup
Event: 8.967 Executing  VM operation: Cleanup done


Dynamic libraries:
0x0000000100884000 	/Library/Java/JavaVirtualMachines/liberica-jdk-16-full.jdk/Contents/Home/lib/libjli.dylib
0x00000001d331e000 	/usr/lib/libz.1.dylib
0x00000001d33ce000 	/usr/lib/libSystem.B.dylib
0x00000001d33c8000 	/usr/lib/system/libcache.dylib
0x00000001d3386000 	/usr/lib/system/libcommonCrypto.dylib
0x00000001d33af000 	/usr/lib/system/libcompiler_rt.dylib
0x00000001d33a6000 	/usr/lib/system/libcopyfile.dylib
0x00000001c86d2000 	/usr/lib/system/libcorecrypto.dylib
0x00000001c8777000 	/usr/lib/system/libdispatch.dylib
0x00000001c893f000 	/usr/lib/system/libdyld.dylib
0x00000001d33be000 	/usr/lib/system/libkeymgr.dylib
0x00000001d3368000 	/usr/lib/system/libmacho.dylib
0x00000001d2a74000 	/usr/lib/system/libquarantine.dylib
0x00000001d33bb000 	/usr/lib/system/libremovefile.dylib
0x00000001cdac1000 	/usr/lib/system/libsystem_asl.dylib
0x00000001c867c000 	/usr/lib/system/libsystem_blocks.dylib
0x00000001c87fd000 	/usr/lib/system/libsystem_c.dylib
0x00000001d33b3000 	/usr/lib/system/libsystem_collections.dylib
0x00000001d1ed1000 	/usr/lib/system/libsystem_configuration.dylib
0x00000001d1157000 	/usr/lib/system/libsystem_containermanager.dylib
0x00000001d30d2000 	/usr/lib/system/libsystem_coreservices.dylib
0x00000001cb064000 	/usr/lib/system/libsystem_darwin.dylib
0x00000001d33bf000 	/usr/lib/system/libsystem_dnssd.dylib
0x00000001c87fa000 	/usr/lib/system/libsystem_featureflags.dylib
0x00000001c8954000 	/usr/lib/system/libsystem_info.dylib
0x00000001d3330000 	/usr/lib/system/libsystem_m.dylib
0x00000001c874c000 	/usr/lib/system/libsystem_malloc.dylib
0x00000001cda52000 	/usr/lib/system/libsystem_networkextension.dylib
0x00000001cb4b7000 	/usr/lib/system/libsystem_notify.dylib
0x00000001d959b000 	/usr/lib/system/libsystem_product_info_filter.dylib
0x00000001d1ed6000 	/usr/lib/system/libsystem_sandbox.dylib
0x00000001d33b8000 	/usr/lib/system/libsystem_secinit.dylib
0x00000001c88fc000 	/usr/lib/system/libsystem_kernel.dylib
0x00000001c894c000 	/usr/lib/system/libsystem_platform.dylib
0x00000001c8932000 	/usr/lib/system/libsystem_pthread.dylib
0x00000001cf1f7000 	/usr/lib/system/libsystem_symptoms.dylib
0x00000001c86b8000 	/usr/lib/system/libsystem_trace.dylib
0x00000001d3393000 	/usr/lib/system/libunwind.dylib
0x00000001c867e000 	/usr/lib/system/libxpc.dylib
0x00000001c88e2000 	/usr/lib/libc++abi.dylib
0x00000001c87be000 	/usr/lib/libobjc.A.dylib
0x00000001d339e000 	/usr/lib/liboah.dylib
0x00000001c887e000 	/usr/lib/libc++.1.dylib
0x00000001def78000 	/System/Library/Frameworks/Cocoa.framework/Versions/A/Cocoa
0x00000001cb516000 	/System/Library/Frameworks/AppKit.framework/Versions/C/AppKit
0x00000001cea38000 	/System/Library/Frameworks/CoreData.framework/Versions/A/CoreData
0x00000001c9877000 	/System/Library/Frameworks/Foundation.framework/Versions/C/Foundation
0x00000001cc3c8000 	/System/Library/PrivateFrameworks/UIFoundation.framework/Versions/A/UIFoundation
0x00000001d9295000 	/System/Library/PrivateFrameworks/RemoteViewServices.framework/Versions/A/RemoteViewServices
0x00000001d1890000 	/System/Library/PrivateFrameworks/XCTTargetBootstrap.framework/Versions/A/XCTTargetBootstrap
0x00000001d50d0000 	/System/Library/PrivateFrameworks/InternationalSupport.framework/Versions/A/InternationalSupport
0x00000001d5159000 	/System/Library/PrivateFrameworks/UserActivity.framework/Versions/A/UserActivity
0x00000001d45fb000 	/usr/lib/libspindump.dylib
0x00000001cc638000 	/System/Library/Frameworks/UniformTypeIdentifiers.framework/Versions/A/UniformTypeIdentifiers
0x00000001cfe1e000 	/usr/lib/libapp_launch_measurement.dylib
0x00000001cf39b000 	/System/Library/PrivateFrameworks/CoreAnalytics.framework/Versions/A/CoreAnalytics
0x00000001cfe21000 	/System/Library/PrivateFrameworks/CoreAutoLayout.framework/Versions/A/CoreAutoLayout
0x00000001d1194000 	/System/Library/Frameworks/Metal.framework/Versions/A/Metal
0x00000001d1ee1000 	/usr/lib/liblangid.dylib
0x00000001d1894000 	/System/Library/PrivateFrameworks/CoreSVG.framework/Versions/A/CoreSVG
0x00000001cdaf5000 	/System/Library/PrivateFrameworks/SkyLight.framework/Versions/A/SkyLight
0x00000001cdebd000 	/System/Library/Frameworks/CoreGraphics.framework/Versions/A/CoreGraphics
0x00000001d990e000 	/System/Library/Frameworks/Accelerate.framework/Versions/A/Accelerate
0x00000001d4070000 	/System/Library/PrivateFrameworks/IconServices.framework/Versions/A/IconServices
0x00000001d1176000 	/System/Library/Frameworks/IOSurface.framework/Versions/A/IOSurface
0x00000001cf3cb000 	/usr/lib/libDiagnosticMessagesClient.dylib
0x00000001dcd46000 	/System/Library/Frameworks/ApplicationServices.framework/Versions/A/ApplicationServices
0x00000001d1878000 	/System/Library/PrivateFrameworks/DFRFoundation.framework/Versions/A/DFRFoundation
0x00000001cadb9000 	/usr/lib/libicucore.A.dylib
0x00000001d5ecd000 	/System/Library/Frameworks/AudioToolbox.framework/Versions/A/AudioToolbox
0x00000001d50dc000 	/System/Library/PrivateFrameworks/DataDetectorsCore.framework/Versions/A/DataDetectorsCore
0x00000001eb0f8000 	/System/Library/PrivateFrameworks/TextInput.framework/Versions/A/TextInput
0x00000001cda6c000 	/usr/lib/libMobileGestalt.dylib
0x00000001d1548000 	/System/Library/Frameworks/Carbon.framework/Versions/A/Frameworks/HIToolbox.framework/Versions/A/HIToolbox
0x00000001cf828000 	/System/Library/Frameworks/QuartzCore.framework/Versions/A/QuartzCore
0x00000001caa36000 	/System/Library/Frameworks/Security.framework/Versions/A/Security
0x00000001d92d5000 	/System/Library/Frameworks/Carbon.framework/Versions/A/Frameworks/SpeechRecognition.framework/Versions/A/SpeechRecognition
0x00000001cfb75000 	/System/Library/PrivateFrameworks/CoreUI.framework/Versions/A/CoreUI
0x00000001ca309000 	/System/Library/Frameworks/CoreAudio.framework/Versions/A/CoreAudio
0x00000001cf4bb000 	/System/Library/Frameworks/DiskArbitration.framework/Versions/A/DiskArbitration
0x00000001d49e3000 	/System/Library/PrivateFrameworks/MultitouchSupport.framework/Versions/A/MultitouchSupport
0x00000001cda6a000 	/usr/lib/libenergytrace.dylib
0x00000001cb3e2000 	/System/Library/Frameworks/IOKit.framework/Versions/A/IOKit
0x00000001d96bc000 	/System/Library/Frameworks/CoreServices.framework/Versions/A/CoreServices
0x00000001cfdae000 	/System/Library/PrivateFrameworks/PerformanceAnalysis.framework/Versions/A/PerformanceAnalysis
0x000000022991d000 	/System/Library/Frameworks/OpenGL.framework/Versions/A/OpenGL
0x00000001d2994000 	/System/Library/PrivateFrameworks/MobileKeyBag.framework/Versions/A/MobileKeyBag
0x00000001ce4cd000 	/System/Library/Frameworks/ColorSync.framework/Versions/A/ColorSync
0x00000001c8980000 	/System/Library/Frameworks/CoreFoundation.framework/Versions/A/CoreFoundation
0x00000001d1b15000 	/System/Library/Frameworks/CoreImage.framework/Versions/A/CoreImage
0x00000001ca12c000 	/System/Library/Frameworks/CoreText.framework/Versions/A/CoreText
0x00000001d18c4000 	/System/Library/Frameworks/ImageIO.framework/Versions/A/ImageIO
0x00000001d33d4000 	/System/Library/PrivateFrameworks/SoftLinking.framework/Versions/A/SoftLinking
0x00000001cfe6b000 	/usr/lib/libxml2.2.dylib
0x00000001d366c000 	/usr/lib/libcompression.dylib
0x00000001d5029000 	/System/Library/PrivateFrameworks/TextureIO.framework/Versions/A/TextureIO
0x00000001d3d8a000 	/usr/lib/libate.dylib
0x00000001d3c52000 	/usr/lib/liblzma.5.dylib
0x00000001c9568000 	/System/Library/Frameworks/SystemConfiguration.framework/Versions/A/SystemConfiguration
0x00000001d33d0000 	/usr/lib/libfakelink.dylib
0x00000001cd59a000 	/System/Library/Frameworks/CFNetwork.framework/Versions/A/CFNetwork
0x00000001d3517000 	/usr/lib/libarchive.2.dylib
0x00000001d1edd000 	/System/Library/PrivateFrameworks/AppleSystemInfo.framework/Versions/A/AppleSystemInfo
0x00000001d2a9e000 	/usr/lib/libbsm.0.dylib
0x00000001ccad7000 	/usr/lib/libnetwork.dylib
0x00000001d336e000 	/usr/lib/system/libkxld.dylib
0x00000001d26b6000 	/System/Library/PrivateFrameworks/IOMobileFramebuffer.framework/Versions/A/IOMobileFramebuffer
0x0000000245248000 	/usr/lib/libCoreEntitlements.dylib
0x00000001d30b4000 	/System/Library/PrivateFrameworks/AppleFSCompression.framework/Versions/A/AppleFSCompression
0x00000001d2a87000 	/usr/lib/libcoretls.dylib
0x00000001d3c6b000 	/usr/lib/libcoretls_cfhelpers.dylib
0x00000001d3667000 	/usr/lib/libpam.2.dylib
0x00000001cee1f000 	/usr/lib/libsqlite3.dylib
0x00000001d3cd3000 	/usr/lib/libxar.1.dylib
0x00000001d30c5000 	/usr/lib/libbz2.1.0.dylib
0x00000001d33d5000 	/usr/lib/libpcap.A.dylib
0x00000001cf1ee000 	/usr/lib/libdns_services.dylib
0x00000001d363a000 	/usr/lib/libapple_nghttp2.dylib
0x00000001d3412000 	/usr/lib/libiconv.2.dylib
0x00000001d3367000 	/usr/lib/libcharset.1.dylib
0x00000001cfdea000 	/System/Library/Frameworks/CoreServices.framework/Versions/A/Frameworks/FSEvents.framework/Versions/A/FSEvents
0x00000001cb06f000 	/System/Library/Frameworks/CoreServices.framework/Versions/A/Frameworks/CarbonCore.framework/Versions/A/CarbonCore
0x00000001cf41e000 	/System/Library/Frameworks/CoreServices.framework/Versions/A/Frameworks/Metadata.framework/Versions/A/Metadata
0x00000001d30d8000 	/System/Library/Frameworks/CoreServices.framework/Versions/A/Frameworks/OSServices.framework/Versions/A/OSServices
0x00000001d359c000 	/System/Library/Frameworks/CoreServices.framework/Versions/A/Frameworks/SearchKit.framework/Versions/A/SearchKit
0x00000001cf17c000 	/System/Library/Frameworks/CoreServices.framework/Versions/A/Frameworks/AE.framework/Versions/A/AE
0x00000001c8ec4000 	/System/Library/Frameworks/CoreServices.framework/Versions/A/Frameworks/LaunchServices.framework/Versions/A/LaunchServices
0x00000001d3bfb000 	/System/Library/Frameworks/CoreServices.framework/Versions/A/Frameworks/DictionaryServices.framework/Versions/A/DictionaryServices
0x00000001cfdf7000 	/System/Library/Frameworks/CoreServices.framework/Versions/A/Frameworks/SharedFileList.framework/Versions/A/SharedFileList
0x00000001d2a77000 	/usr/lib/libCheckFix.dylib
0x00000001cdad9000 	/System/Library/PrivateFrameworks/TCC.framework/Versions/A/TCC
0x00000001d1ee3000 	/System/Library/PrivateFrameworks/CoreNLP.framework/Versions/A/CoreNLP
0x00000001cf3ce000 	/System/Library/PrivateFrameworks/MetadataUtilities.framework/Versions/A/MetadataUtilities
0x00000001c9621000 	/usr/lib/libmecabra.dylib
0x00000001d2aaf000 	/usr/lib/libmecab.dylib
0x00000001c95ed000 	/usr/lib/libCRFSuite.dylib
0x00000001d2b0d000 	/usr/lib/libgermantok.dylib
0x00000001d3613000 	/usr/lib/libThaiTokenizer.dylib
0x00000001cf4c3000 	/System/Library/Frameworks/Accelerate.framework/Versions/A/Frameworks/vImage.framework/Versions/A/vImage
0x00000001d9693000 	/System/Library/Frameworks/Accelerate.framework/Versions/A/Frameworks/vecLib.framework/Versions/A/vecLib
0x00000001d3d17000 	/System/Library/Frameworks/Accelerate.framework/Versions/A/Frameworks/vecLib.framework/Versions/A/libvMisc.dylib
0x00000001d25c0000 	/System/Library/Frameworks/Accelerate.framework/Versions/A/Frameworks/vecLib.framework/Versions/A/libvDSP.dylib
0x00000001c9247000 	/System/Library/Frameworks/Accelerate.framework/Versions/A/Frameworks/vecLib.framework/Versions/A/libBLAS.dylib
0x00000001d373b000 	/System/Library/Frameworks/Accelerate.framework/Versions/A/Frameworks/vecLib.framework/Versions/A/libLAPACK.dylib
0x00000001d2b10000 	/System/Library/Frameworks/Accelerate.framework/Versions/A/Frameworks/vecLib.framework/Versions/A/libLinearAlgebra.dylib
0x00000001d3652000 	/System/Library/Frameworks/Accelerate.framework/Versions/A/Frameworks/vecLib.framework/Versions/A/libSparseBLAS.dylib
0x00000001d3736000 	/System/Library/Frameworks/Accelerate.framework/Versions/A/Frameworks/vecLib.framework/Versions/A/libQuadrature.dylib
0x00000001d1fda000 	/System/Library/Frameworks/Accelerate.framework/Versions/A/Frameworks/vecLib.framework/Versions/A/libBNNS.dylib
0x00000001c9505000 	/System/Library/Frameworks/Accelerate.framework/Versions/A/Frameworks/vecLib.framework/Versions/A/libSparse.dylib
0x00000001d1fd2000 	/System/Library/PrivateFrameworks/LinguisticData.framework/Versions/A/LinguisticData
0x00000001c94bb000 	/System/Library/PrivateFrameworks/Lexicon.framework/Versions/A/Lexicon
0x00000001d3d0f000 	/usr/lib/libChineseTokenizer.dylib
0x00000001c9c65000 	/System/Library/PrivateFrameworks/LanguageModeling.framework/Versions/A/LanguageModeling
0x00000001d3615000 	/System/Library/PrivateFrameworks/AppleSauce.framework/Versions/A/AppleSauce
0x00000001d26a3000 	/System/Library/PrivateFrameworks/CoreEmoji.framework/Versions/A/CoreEmoji
0x00000001d3505000 	/usr/lib/libcmph.dylib
0x00000001cfdca000 	/System/Library/Frameworks/OpenDirectory.framework/Versions/A/Frameworks/CFOpenDirectory.framework/Versions/A/CFOpenDirectory
0x00000001cfdba000 	/System/Library/Frameworks/OpenDirectory.framework/Versions/A/OpenDirectory
0x00000001d3c6d000 	/System/Library/PrivateFrameworks/APFS.framework/Versions/A/APFS
0x00000001d29cf000 	/System/Library/Frameworks/SecurityFoundation.framework/Versions/A/SecurityFoundation
0x00000001d3ce1000 	/usr/lib/libutil.dylib
0x00000001cb3a4000 	/System/Library/PrivateFrameworks/CoreServicesStore.framework/Versions/A/CoreServicesStore
0x00000001d3ce5000 	/usr/lib/libxslt.1.dylib
0x00000001d2a63000 	/System/Library/PrivateFrameworks/BackgroundTaskManagement.framework/Versions/A/BackgroundTaskManagement
0x00000001d4f4a000 	/System/Library/Frameworks/ImageIO.framework/Versions/A/Resources/libRadiance.dylib
0x00000001d4f53000 	/System/Library/Frameworks/ImageIO.framework/Versions/A/Resources/libJPEG.dylib
0x00000001d4ea5000 	/System/Library/Frameworks/ImageIO.framework/Versions/A/Resources/libPng.dylib
0x00000001d4ec7000 	/System/Library/Frameworks/ImageIO.framework/Versions/A/Resources/libTIFF.dylib
0x00000001d4fae000 	/System/Library/Frameworks/ImageIO.framework/Versions/A/Resources/libGIF.dylib
0x00000001d48f3000 	/System/Library/Frameworks/ImageIO.framework/Versions/A/Resources/libJP2.dylib
0x00000001d4036000 	/usr/lib/libexpat.1.dylib
0x00000001d48ae000 	/System/Library/PrivateFrameworks/AppleJPEG.framework/Versions/A/AppleJPEG
0x00000001d1407000 	/System/Library/PrivateFrameworks/FontServices.framework/libFontParser.dylib
0x00000001cf121000 	/System/Library/PrivateFrameworks/RunningBoardServices.framework/Versions/A/RunningBoardServices
0x00000001df5e3000 	/System/Library/PrivateFrameworks/IOSurfaceAccelerator.framework/Versions/A/IOSurfaceAccelerator
0x00000001d49df000 	/System/Library/PrivateFrameworks/WatchdogClient.framework/Versions/A/WatchdogClient
0x00000001c9d69000 	/System/Library/Frameworks/CoreDisplay.framework/Versions/A/CoreDisplay
0x00000001d12f6000 	/System/Library/Frameworks/CoreMedia.framework/Versions/A/CoreMedia
0x00000001d118a000 	/System/Library/PrivateFrameworks/IOAccelerator.framework/Versions/A/IOAccelerator
0x00000001cff58000 	/System/Library/Frameworks/CoreVideo.framework/Versions/A/CoreVideo
0x00000001d3665000 	/System/Library/Frameworks/MetalPerformanceShaders.framework/Versions/A/MetalPerformanceShaders
0x00000001d4a1c000 	/System/Library/Frameworks/VideoToolbox.framework/Versions/A/VideoToolbox
0x00000001cf065000 	/System/Library/PrivateFrameworks/BaseBoard.framework/Versions/A/BaseBoard
0x00000001cee04000 	/System/Library/PrivateFrameworks/ProtocolBuffer.framework/Versions/A/ProtocolBuffer
0x00000001d4f45000 	/System/Library/PrivateFrameworks/GPUWrangler.framework/Versions/A/GPUWrangler
0x00000001d4f24000 	/System/Library/PrivateFrameworks/IOPresentment.framework/Versions/A/IOPresentment
0x00000001d4f4d000 	/System/Library/PrivateFrameworks/DSExternalDisplay.framework/Versions/A/DSExternalDisplay
0x0000000229910000 	/System/Library/Frameworks/OpenGL.framework/Versions/A/Libraries/libCoreFSCache.dylib
0x000000023302a000 	/System/Library/PrivateFrameworks/GPUCompiler.framework/Versions/31001/Libraries/libGPUCompilerUtils.dylib
0x00000001d4fb3000 	/System/Library/PrivateFrameworks/CMCaptureCore.framework/Versions/A/CMCaptureCore
0x00000001d45e9000 	/System/Library/PrivateFrameworks/AppServerSupport.framework/Versions/A/AppServerSupport
0x00000001d6788000 	/System/Library/PrivateFrameworks/perfdata.framework/Versions/A/perfdata
0x00000001c9e89000 	/System/Library/PrivateFrameworks/AudioToolboxCore.framework/Versions/A/AudioToolboxCore
0x00000001d12ce000 	/System/Library/PrivateFrameworks/caulk.framework/Versions/A/caulk
0x00000001d607d000 	/usr/lib/libAudioStatistics.dylib
0x00000001e7896000 	/System/Library/PrivateFrameworks/SystemPolicy.framework/Versions/A/SystemPolicy
0x00000001d62dd000 	/usr/lib/libSMC.dylib
0x00000001dee5a000 	/System/Library/Frameworks/CoreMIDI.framework/Versions/A/CoreMIDI
0x00000001d4e73000 	/usr/lib/libAudioToolboxUtility.dylib
0x00000001e3d3c000 	/System/Library/PrivateFrameworks/OSAServicesClient.framework/Versions/A/OSAServicesClient
0x00000001d6795000 	/usr/lib/libperfcheck.dylib
0x00000001e8399000 	/usr/lib/libmis.dylib
0x0000000229971000 	/System/Library/Frameworks/OpenGL.framework/Versions/A/Libraries/libGLU.dylib
0x0000000229930000 	/System/Library/Frameworks/OpenGL.framework/Versions/A/Libraries/libGFXShared.dylib
0x0000000229b1a000 	/System/Library/Frameworks/OpenGL.framework/Versions/A/Libraries/libGL.dylib
0x0000000229939000 	/System/Library/Frameworks/OpenGL.framework/Versions/A/Libraries/libGLImage.dylib
0x000000022992d000 	/System/Library/Frameworks/OpenGL.framework/Versions/A/Libraries/libCVMSPluginSupport.dylib
0x0000000229917000 	/System/Library/Frameworks/OpenGL.framework/Versions/A/Libraries/libCoreVMClient.dylib
0x00000001d1e5f000 	/System/Library/Frameworks/MetalPerformanceShaders.framework/Versions/A/Frameworks/MPSCore.framework/Versions/A/MPSCore
0x00000001d3027000 	/System/Library/Frameworks/MetalPerformanceShaders.framework/Versions/A/Frameworks/MPSImage.framework/Versions/A/MPSImage
0x00000001d2b25000 	/System/Library/Frameworks/MetalPerformanceShaders.framework/Versions/A/Frameworks/MPSNeuralNetwork.framework/Versions/A/MPSNeuralNetwork
0x00000001d2f62000 	/System/Library/Frameworks/MetalPerformanceShaders.framework/Versions/A/Frameworks/MPSMatrix.framework/Versions/A/MPSMatrix
0x00000001d2d3d000 	/System/Library/Frameworks/MetalPerformanceShaders.framework/Versions/A/Frameworks/MPSRayIntersector.framework/Versions/A/MPSRayIntersector
0x00000001d2f93000 	/System/Library/Frameworks/MetalPerformanceShaders.framework/Versions/A/Frameworks/MPSNDArray.framework/Versions/A/MPSNDArray
0x000000022b62c000 	/System/Library/Frameworks/MetalPerformanceShaders.framework/Versions/A/Frameworks/MPSFunctions.framework/Versions/A/MPSFunctions
0x00000001c9125000 	/System/Library/PrivateFrameworks/MetalTools.framework/Versions/A/MetalTools
0x00000001d1edb000 	/System/Library/PrivateFrameworks/AggregateDictionary.framework/Versions/A/AggregateDictionary
0x00000001d3e1c000 	/usr/lib/libIOReport.dylib
0x00000001dde48000 	/System/Library/PrivateFrameworks/ASEProcessing.framework/Versions/A/ASEProcessing
0x00000001d418e000 	/System/Library/PrivateFrameworks/FaceCore.framework/Versions/A/FaceCore
0x00000001d4180000 	/System/Library/PrivateFrameworks/GraphVisualizer.framework/Versions/A/GraphVisualizer
0x0000000232f41000 	/System/Library/PrivateFrameworks/FontServices.framework/Versions/A/FontServices
0x00000001d45a3000 	/System/Library/PrivateFrameworks/OTSVG.framework/Versions/A/OTSVG
0x00000001cfb26000 	/System/Library/Frameworks/ApplicationServices.framework/Versions/A/Frameworks/ATS.framework/Versions/A/Resources/libFontRegistry.dylib
0x00000001d45f2000 	/System/Library/PrivateFrameworks/FontServices.framework/libhvf.dylib
0x0000000232f42000 	/System/Library/PrivateFrameworks/FontServices.framework/libXTFontStaticRegistryData.dylib
0x0000000229cbc000 	/System/Library/Frameworks/OpenCL.framework/Versions/A/OpenCL
0x00000001d3fea000 	/System/Library/PrivateFrameworks/AppleVA.framework/Versions/A/AppleVA
0x00000001d60a5000 	/System/Library/Frameworks/ApplicationServices.framework/Versions/A/Frameworks/ATS.framework/Versions/A/ATS
0x00000001ce5ca000 	/System/Library/Frameworks/ApplicationServices.framework/Versions/A/Frameworks/HIServices.framework/Versions/A/HIServices
0x00000001d4fbd000 	/System/Library/Frameworks/ApplicationServices.framework/Versions/A/Frameworks/PrintCore.framework/Versions/A/PrintCore
0x00000001d6430000 	/System/Library/Frameworks/ApplicationServices.framework/Versions/A/Frameworks/QD.framework/Versions/A/QD
0x00000001d6428000 	/System/Library/Frameworks/ApplicationServices.framework/Versions/A/Frameworks/ColorSyncLegacy.framework/Versions/A/ColorSyncLegacy
0x00000001d6091000 	/System/Library/Frameworks/ApplicationServices.framework/Versions/A/Frameworks/SpeechSynthesis.framework/Versions/A/SpeechSynthesis
0x00000001d4f7e000 	/System/Library/Frameworks/ApplicationServices.framework/Versions/A/Frameworks/ATSUI.framework/Versions/A/ATSUI
0x00000001d63bd000 	/usr/lib/libcups.2.dylib
0x00000001d67a3000 	/System/Library/Frameworks/Kerberos.framework/Versions/A/Kerberos
0x00000001d67b4000 	/System/Library/Frameworks/GSS.framework/Versions/A/GSS
0x00000001d6114000 	/usr/lib/libresolv.9.dylib
0x00000001d4600000 	/System/Library/PrivateFrameworks/Heimdal.framework/Versions/A/Heimdal
0x00000001dd0bc000 	/System/Library/Frameworks/Kerberos.framework/Versions/A/Libraries/libHeimdalProxy.dylib
0x00000001cf200000 	/System/Library/Frameworks/Network.framework/Versions/A/Network
0x00000001d4051000 	/usr/lib/libheimdal-asn1.dylib
0x00000001d67fa000 	/System/Library/PrivateFrameworks/CommonAuth.framework/Versions/A/CommonAuth
0x00000001d600b000 	/System/Library/PrivateFrameworks/AudioSession.framework/Versions/A/AudioSession
0x00000001d40e2000 	/System/Library/PrivateFrameworks/MediaExperience.framework/Versions/A/MediaExperience
0x00000001d5e93000 	/System/Library/PrivateFrameworks/AudioSession.framework/libSessionUtility.dylib
0x00000001d643c000 	/System/Library/PrivateFrameworks/AudioResourceArbitration.framework/Versions/A/AudioResourceArbitration
0x00000001d405a000 	/System/Library/PrivateFrameworks/IconFoundation.framework/Versions/A/IconFoundation
0x00000001d92c1000 	/System/Library/PrivateFrameworks/SpeechRecognitionCore.framework/Versions/A/SpeechRecognitionCore
0x0000000101898000 	/Library/Java/JavaVirtualMachines/liberica-jdk-16-full.jdk/Contents/Home/lib/server/libjvm.dylib
0x0000000100994000 	/Library/Java/JavaVirtualMachines/liberica-jdk-16-full.jdk/Contents/Home/lib/libjimage.dylib
0x00000001009c0000 	/Library/Java/JavaVirtualMachines/liberica-jdk-16-full.jdk/Contents/Home/lib/libinstrument.dylib
0x0000000100a0c000 	/Library/Java/JavaVirtualMachines/liberica-jdk-16-full.jdk/Contents/Home/lib/libjava.dylib
0x00000001009f4000 	/Library/Java/JavaVirtualMachines/liberica-jdk-16-full.jdk/Contents/Home/lib/libzip.dylib
0x00000001014e0000 	/Library/Java/JavaVirtualMachines/liberica-jdk-16-full.jdk/Contents/Home/lib/libnio.dylib
0x0000000101624000 	/Library/Java/JavaVirtualMachines/liberica-jdk-16-full.jdk/Contents/Home/lib/libnet.dylib
0x00000001014c0000 	/Library/Java/JavaVirtualMachines/liberica-jdk-16-full.jdk/Contents/Home/lib/libextnet.dylib
0x0000000101648000 	/Library/Java/JavaVirtualMachines/liberica-jdk-16-full.jdk/Contents/Home/lib/libprism_es2.dylib
0x00000001cb367000 	/System/Library/PrivateFrameworks/CoreServicesInternal.framework/Versions/A/CoreServicesInternal
0x0000000229b24000 	/System/Library/Frameworks/OpenGL.framework/Versions/A/Resources/GLEngine.bundle/GLEngine
0x00000002299ab000 	/System/Library/Frameworks/OpenGL.framework/Versions/A/Libraries/libGLProgrammability.dylib
0x000000012641c000 	/System/Library/Extensions/AppleMetalOpenGLRenderer.bundle/Contents/MacOS/AppleMetalOpenGLRenderer
0x0000000229c93000 	/System/Library/Frameworks/OpenGL.framework/Versions/A/Resources/GLRendererFloat.bundle/GLRendererFloat
0x0000000229d34000 	/System/Library/Extensions/AGXMetal13_3.bundle/Contents/MacOS/AGXMetal13_3
0x00000001e83b5000 	/System/Library/PrivateFrameworks/GPURawCounter.framework/Versions/A/GPURawCounter
0x00000001e2e8a000 	/System/Library/PrivateFrameworks/IOGPU.framework/Versions/A/IOGPU
0x0000000101804000 	/Library/Java/JavaVirtualMachines/liberica-jdk-16-full.jdk/Contents/Home/lib/libglass.dylib
0x00000001da761000 	/System/Library/Frameworks/FileProvider.framework/Versions/A/FileProvider
0x00000001cefcd000 	/System/Library/Frameworks/Accounts.framework/Versions/A/Accounts
0x00000001da8e1000 	/System/Library/PrivateFrameworks/GenerationalStorage.framework/Versions/A/GenerationalStorage
0x00000001db491000 	/System/Library/PrivateFrameworks/CoreSymbolication.framework/Versions/A/CoreSymbolication
0x00000001da501000 	/System/Library/PrivateFrameworks/SymptomDiagnosticReporter.framework/Versions/A/SymptomDiagnosticReporter
0x00000001cc64c000 	/System/Library/PrivateFrameworks/DesktopServicesPriv.framework/Versions/A/DesktopServicesPriv
0x00000001cb4c6000 	/usr/lib/libsandbox.1.dylib
0x00000001cffe4000 	/System/Library/PrivateFrameworks/UserManagement.framework/Versions/A/UserManagement
0x00000001db452000 	/System/Library/PrivateFrameworks/DebugSymbols.framework/Versions/A/DebugSymbols
0x00000001d641b000 	/System/Library/PrivateFrameworks/NetAuth.framework/Versions/A/NetAuth
0x00000001d7319000 	/System/Library/PrivateFrameworks/Sharing.framework/Versions/A/Sharing
0x00000001cffb4000 	/System/Library/PrivateFrameworks/login.framework/Versions/A/Frameworks/loginsupport.framework/Versions/A/loginsupport
0x00000001dc602000 	/System/Library/PrivateFrameworks/Apple80211.framework/Versions/A/Apple80211
0x00000001d310b000 	/System/Library/PrivateFrameworks/AuthKit.framework/Versions/A/AuthKit
0x00000001d27a2000 	/System/Library/PrivateFrameworks/CoreUtils.framework/Versions/A/CoreUtils
0x00000001d26c2000 	/System/Library/Frameworks/CoreWLAN.framework/Versions/A/CoreWLAN
0x00000001d7482000 	/System/Library/Frameworks/IOBluetooth.framework/Versions/A/IOBluetooth
0x00000001dc662000 	/System/Library/PrivateFrameworks/CoreWiFi.framework/Versions/A/CoreWiFi
0x00000001db039000 	/System/Library/PrivateFrameworks/FrontBoardServices.framework/Versions/A/FrontBoardServices
0x00000001db0d1000 	/System/Library/PrivateFrameworks/BoardServices.framework/Versions/A/BoardServices
0x00000001d29bd000 	/System/Library/PrivateFrameworks/AssertionServices.framework/Versions/A/AssertionServices
0x00000001dc7d0000 	/System/Library/PrivateFrameworks/BackBoardServices.framework/Versions/A/BackBoardServices
0x00000001d688d000 	/System/Library/PrivateFrameworks/CorePhoneNumbers.framework/Versions/A/CorePhoneNumbers
0x00000001da631000 	/System/Library/PrivateFrameworks/DiskManagement.framework/Versions/A/DiskManagement
0x00000001da534000 	/System/Library/PrivateFrameworks/AppleIDAuthSupport.framework/Versions/A/AppleIDAuthSupport
0x000000022d8c5000 	/System/Library/PrivateFrameworks/AAAFoundation.framework/Versions/A/AAAFoundation
0x00000001d686c000 	/System/Library/PrivateFrameworks/KeychainCircle.framework/Versions/A/KeychainCircle
0x00000001da5fd000 	/System/Library/PrivateFrameworks/MediaKit.framework/Versions/A/MediaKit
0x00000001da541000 	/System/Library/Frameworks/DiscRecording.framework/Versions/A/DiscRecording
0x00000001d3f66000 	/usr/lib/libCoreStorage.dylib
0x00000001dcaca000 	/usr/lib/libcsfde.dylib
0x00000001d7557000 	/System/Library/PrivateFrameworks/ProtectedCloudStorage.framework/Versions/A/ProtectedCloudStorage
0x00000001dcac2000 	/System/Library/PrivateFrameworks/EFILogin.framework/Versions/A/EFILogin
0x00000001da908000 	/System/Library/PrivateFrameworks/OctagonTrust.framework/Versions/A/OctagonTrust
0x00000002321ac000 	/System/Library/PrivateFrameworks/CoreUtilsExtras.framework/Versions/A/CoreUtilsExtras
0x00000001da473000 	/System/Library/Frameworks/CoreBluetooth.framework/Versions/A/CoreBluetooth
0x00000001dd141000 	/System/Library/Frameworks/AudioUnit.framework/Versions/A/AudioUnit
0x00000001d3f5e000 	/usr/lib/libMatch.1.dylib
0x00000001ec61c000 	/System/Library/Frameworks/Accelerate.framework/Versions/A/Frameworks/vImage.framework/Versions/A/Libraries/libCGInterfaces.dylib
0x00000001267cc000 	/usr/lib/libobjc-trampolines.dylib
0x00000001cfcb2000 	/System/Library/PrivateFrameworks/ViewBridge.framework/Versions/A/ViewBridge
0x00000001d46ae000 	/System/Library/PrivateFrameworks/login.framework/Versions/A/login
0x000000013783c000 	/Library/Java/JavaVirtualMachines/liberica-jdk-16-full.jdk/Contents/Home/lib/libglib-lite.dylib
0x0000000137b30000 	/Library/Java/JavaVirtualMachines/liberica-jdk-16-full.jdk/Contents/Home/lib/libgstreamer-lite.dylib
0x0000000137394000 	/Library/Java/JavaVirtualMachines/liberica-jdk-16-full.jdk/Contents/Home/lib/libjfxmedia.dylib
0x0000000135fdc000 	/Library/Java/JavaVirtualMachines/liberica-jdk-16-full.jdk/Contents/Home/lib/libjfxmedia_avf.dylib
0x00000001e76a2000 	/System/Library/Frameworks/AVFoundation.framework/Versions/A/AVFoundation
0x000000022a848000 	/System/Library/Frameworks/AVFAudio.framework/Versions/A/AVFAudio
0x00000001dae1c000 	/System/Library/PrivateFrameworks/AVFCore.framework/Versions/A/AVFCore
0x00000001e1cee000 	/System/Library/PrivateFrameworks/AVFCapture.framework/Versions/A/AVFCapture
0x00000001e642d000 	/System/Library/PrivateFrameworks/AirPlaySync.framework/Versions/A/AirPlaySync
0x00000001d51c7000 	/System/Library/Frameworks/MediaToolbox.framework/Versions/A/MediaToolbox
0x00000001da72d000 	/System/Library/PrivateFrameworks/CoreAVCHD.framework/Versions/A/CoreAVCHD
0x00000001d9959000 	/System/Library/Frameworks/MediaAccessibility.framework/Versions/A/MediaAccessibility
0x00000001da729000 	/System/Library/PrivateFrameworks/Mangrove.framework/Versions/A/Mangrove
0x00000001d9966000 	/System/Library/PrivateFrameworks/AlgosScoreFramework.framework/Versions/A/AlgosScoreFramework
0x000000022f4b4000 	/System/Library/PrivateFrameworks/CMPhoto.framework/Versions/A/CMPhoto
0x00000001da71d000 	/System/Library/PrivateFrameworks/CoreAUC.framework/Versions/A/CoreAUC
0x000000022f49a000 	/System/Library/PrivateFrameworks/CMImaging.framework/Versions/A/CMImaging
0x00000001e1e43000 	/System/Library/PrivateFrameworks/Quagga.framework/Versions/A/Quagga
0x00000001e1f09000 	/System/Library/PrivateFrameworks/CMCapture.framework/Versions/A/CMCapture
0x00000001d6205000 	/System/Library/Frameworks/CoreMediaIO.framework/Versions/A/CoreMediaIO
0x00000001dd281000 	/System/Library/PrivateFrameworks/Espresso.framework/Versions/A/Espresso
0x00000001dcb45000 	/System/Library/PrivateFrameworks/AppSupport.framework/Versions/A/AppSupport
0x000000020d692000 	/System/Library/PrivateFrameworks/ANECompiler.framework/Versions/A/ANECompiler
0x00000001dedda000 	/System/Library/PrivateFrameworks/AppleNeuralEngine.framework/Versions/A/AppleNeuralEngine
0x00000002359a2000 	/System/Library/PrivateFrameworks/MIL.framework/Versions/A/MIL
0x000000022b640000 	/System/Library/Frameworks/MetalPerformanceShadersGraph.framework/Versions/A/MetalPerformanceShadersGraph
0x00000001ddcc4000 	/System/Library/PrivateFrameworks/ANEServices.framework/Versions/A/ANEServices
0x00000001ec008000 	/usr/lib/libncurses.5.4.dylib
0x0000000137354000 	/Library/Java/JavaVirtualMachines/liberica-jdk-16-full.jdk/Contents/Home/lib/libfxplugins.dylib
0x000000022d04c000 	/System/Library/Frameworks/VideoDecodeAcceleration.framework/Versions/A/VideoDecodeAcceleration
0x00000002453c2000 	/usr/lib/libRosetta.dylib
0x0000000137978000 	/System/Library/Components/CoreAudio.component/Contents/MacOS/CoreAudio
0x0000000142c04000 	/System/Library/Components/AudioCodecs.component/Contents/MacOS/AudioCodecs
0x0000000137374000 	/Library/Java/JavaVirtualMachines/liberica-jdk-16-full.jdk/Contents/Home/lib/libjavafx_font.dylib
0x0000000137750000 	/Library/Java/JavaVirtualMachines/liberica-jdk-16-full.jdk/Contents/Home/lib/libjavafx_iio.dylib


VM Arguments:
jvm_args: -javaagent:/Applications/IntelliJ IDEA CE.app/Contents/lib/idea_rt.jar=49711:/Applications/IntelliJ IDEA CE.app/Contents/bin -Dfile.encoding=UTF-8 
java_command: sample.Main
java_class_path (initial): /Users/franzlleshaj/IdeaProjects/chess/out/production/chess
Launcher Type: SUN_STANDARD

[Global flags]
     intx CICompilerCount                          = 4                                         {product} {ergonomic}
     uint ConcGCThreads                            = 2                                         {product} {ergonomic}
     uint G1ConcRefinementThreads                  = 8                                         {product} {ergonomic}
   size_t G1HeapRegionSize                         = 2097152                                   {product} {ergonomic}
    uintx GCDrainStackTargetSize                   = 64                                        {product} {ergonomic}
   size_t InitialHeapSize                          = 268435456                                 {product} {ergonomic}
   size_t MarkStackSize                            = 4194304                                   {product} {ergonomic}
   size_t MaxHeapSize                              = 4294967296                                {product} {ergonomic}
   size_t MaxNewSize                               = 2575302656                                {product} {ergonomic}
   size_t MinHeapDeltaBytes                        = 2097152                                   {product} {ergonomic}
   size_t MinHeapSize                              = 8388608                                   {product} {ergonomic}
    uintx NonNMethodCodeHeapSize                   = 5839564                                {pd product} {ergonomic}
    uintx NonProfiledCodeHeapSize                  = 122909338                              {pd product} {ergonomic}
    uintx ProfiledCodeHeapSize                     = 122909338                              {pd product} {ergonomic}
    uintx ReservedCodeCacheSize                    = 251658240                              {pd product} {ergonomic}
     bool SegmentedCodeCache                       = true                                      {product} {ergonomic}
   size_t SoftMaxHeapSize                          = 4294967296                             {manageable} {ergonomic}
     bool UseCompressedClassPointers               = true                           {product lp64_product} {ergonomic}
     bool UseCompressedOops                        = true                           {product lp64_product} {ergonomic}
     bool UseG1GC                                  = true                                      {product} {ergonomic}
     bool UseNUMA                                  = false                                     {product} {ergonomic}
     bool UseNUMAInterleaving                      = false                                     {product} {ergonomic}

Logging:
Log output configuration:
 #0: stdout all=warning uptime,level,tags
 #1: stderr all=off uptime,level,tags

Environment Variables:
PATH=/Users/franzlleshaj/miniforge3/condabin:/opt/homebrew/bin:/opt/homebrew/sbin:/usr/local/bin:/usr/bin:/bin:/usr/sbin:/sbin:/Users/franzlleshaj/.local/bin
SHELL=/bin/zsh
LC_CTYPE=en_US.UTF-8

Signal Handlers:
SIGSEGV: [libjvm.dylib+0x9bfc08], sa_mask[0]=11100110000111110111111111111111, sa_flags=SA_ONSTACK|SA_RESTART|SA_SIGINFO
SIGBUS: [libjvm.dylib+0x9bfc08], sa_mask[0]=11100110000111110111111111111111, sa_flags=SA_RESTART|SA_SIGINFO
SIGFPE: [libjvm.dylib+0x9bfc08], sa_mask[0]=11100110000111110111111111111111, sa_flags=SA_RESTART|SA_SIGINFO
SIGPIPE: [libjvm.dylib+0x8a7170], sa_mask[0]=11100110000111110111111111111111, sa_flags=SA_RESTART|SA_SIGINFO
SIGXFSZ: [libjvm.dylib+0x8a7170], sa_mask[0]=11100110000111110111111111111111, sa_flags=SA_RESTART|SA_SIGINFO
SIGILL: [libjvm.dylib+0x9bfc08], sa_mask[0]=11100110000111110111111111111111, sa_flags=SA_RESTART|SA_SIGINFO
SIGUSR2: [libjvm.dylib+0x8a7ba8], sa_mask[0]=00100000000000000000000000000000, sa_flags=SA_RESTART|SA_SIGINFO
SIGHUP: [libjvm.dylib+0x8a6220], sa_mask[0]=11100110000111110111111111111111, sa_flags=SA_RESTART|SA_SIGINFO
SIGINT: [libjvm.dylib+0x8a6220], sa_mask[0]=11100110000111110111111111111111, sa_flags=SA_RESTART|SA_SIGINFO
SIGTERM: [libjvm.dylib+0x8a6220], sa_mask[0]=11100110000111110111111111111111, sa_flags=SA_RESTART|SA_SIGINFO
SIGQUIT: [libjvm.dylib+0x8a6220], sa_mask[0]=11100110000111110111111111111111, sa_flags=SA_RESTART|SA_SIGINFO
SIGTRAP: [libjvm.dylib+0x9bfc08], sa_mask[0]=11100110000111110111111111111111, sa_flags=SA_RESTART|SA_SIGINFO


---------------  S Y S T E M  ---------------

OS:uname: Darwin 21.1.0 Darwin Kernel Version 21.1.0: Wed Oct 13 17:33:24 PDT 2021; root:xnu-8019.41.5~1/RELEASE_ARM64_T8101 arm64
OS uptime: 1 days 6:10 hours
rlimit (soft/hard): STACK 8176k/65520k , CORE 0k/infinity , NPROC 2666/4000 , NOFILE 10240/infinity , AS infinity/infinity , CPU infinity/infinity , DATA infinity/infinity , FSIZE infinity/infinity , MEMLOCK infinity/infinity , RSS infinity/infinity
load average: 1.83 1.71 1.76

CPU: total 8 (initial active 8) 0x61:0x0:0x1b588bb3:0, simd, crc, lse

Memory: 16k page, physical 16777216k(100064k free), swap 1048576k(1028096k free)

vm_info: OpenJDK 64-Bit Server VM (16.0.2+7) for bsd-aarch64 JRE (16.0.2+7), built on Jul 22 2021 03:27:58 by "bellsoft" with clang Apple LLVM 12.0.0 (clang-1200.0.32.28)

END.
