#
# A fatal error has been detected by the Java Runtime Environment:
#
#  SIGBUS (0xa) at pc=0x00000001100014f0, pid=3449, tid=34571
#
# JRE version: OpenJDK Runtime Environment (16.0.2+7) (build 16.0.2+7)
# Java VM: OpenJDK 64-Bit Server VM (16.0.2+7, mixed mode, tiered, compressed oops, compressed class ptrs, g1 gc, bsd-aarch64)
# Problematic frame:
# v  ~StubRoutines::SafeFetchN
#
# No core dump will be written. Core dumps have been disabled. To enable core dumping, try "ulimit -c unlimited" before starting Java again
#
# If you would like to submit a bug report, please visit:
#   https://bell-sw.com/support
# The crash happened outside the Java Virtual Machine in native code.
# See problematic frame for where to report the bug.
#

---------------  S U M M A R Y ------------

Command Line: -javaagent:/Applications/IntelliJ IDEA CE.app/Contents/lib/idea_rt.jar=49681:/Applications/IntelliJ IDEA CE.app/Contents/bin -Dfile.encoding=UTF-8 sample.Main

Host: MacBookPro17,1 arm64 1 MHz, 8 cores, 16G, Darwin 21.1.0, macOS 12.0.1 (21A559)
Time: Tue Nov 30 19:16:49 2021 EST elapsed time: 1.438632 seconds (0d 0h 0m 1s)

---------------  T H R E A D  ---------------

Current thread (0x0000000137042400):  JavaThread "InvokeLaterDispatcher" daemon [_thread_in_native, id=34571, stack(0x000000016e5c8000,0x000000016e7cb000)]

Stack: [0x000000016e5c8000,0x000000016e7cb000],  sp=0x000000016e7ca7c0,  free space=2057k
Native frames: (J=compiled Java code, A=aot compiled Java code, j=interpreted, Vv=VM code, C=native code)
v  ~StubRoutines::SafeFetchN
V  [libjvm.dylib+0x789a7c]  _ZN10OopStorage7releaseEPKP7oopDesc+0x20
V  [libjvm.dylib+0x49b370]  jni_DeleteGlobalRef+0xf0
C  [libglass.dylib+0xa7f4]  -[GlassRunnable dealloc]+0x34
C  [Foundation+0x85e0c]  -[_NSThreadPerformInfo dealloc]+0x30
C  [Foundation+0x525e8]  -[NSObject(NSThreadPerformAdditions) performSelectorOnMainThread:withObject:waitUntilDone:]+0x88
C  0x9d2b800110009c6c
j  com.sun.glass.ui.mac.MacApplication.submitForLaterInvocation(Ljava/lang/Runnable;)V+2 javafx.graphics@16.0.2
j  com.sun.glass.ui.InvokeLaterDispatcher.run()V+82 javafx.graphics@16.0.2
v  ~StubRoutines::call_stub
V  [libjvm.dylib+0x442094]  _ZN9JavaCalls11call_helperEP9JavaValueRK12methodHandleP17JavaCallArgumentsP6Thread+0x3a8
V  [libjvm.dylib+0x441094]  _ZN9JavaCalls12call_virtualEP9JavaValueP5KlassP6SymbolS5_P17JavaCallArgumentsP6Thread+0x11c
V  [libjvm.dylib+0x441160]  _ZN9JavaCalls12call_virtualEP9JavaValue6HandleP5KlassP6SymbolS6_P6Thread+0x64
V  [libjvm.dylib+0x4fb03c]  _ZL12thread_entryP10JavaThreadP6Thread+0xc4
V  [libjvm.dylib+0x94d8d8]  _ZN10JavaThread17thread_main_innerEv+0xb0
V  [libjvm.dylib+0x94b45c]  _ZN6Thread8call_runEv+0x8c
V  [libjvm.dylib+0x790a6c]  _ZL19thread_native_entryP6Thread+0x16c
C  [libsystem_pthread.dylib+0x74ec]  _pthread_start+0x94

Java frames: (J=compiled Java code, j=interpreted, Vv=VM code)
j  com.sun.glass.ui.mac.MacApplication._submitForLaterInvocation(Ljava/lang/Runnable;)V+0 javafx.graphics@16.0.2
j  com.sun.glass.ui.mac.MacApplication.submitForLaterInvocation(Ljava/lang/Runnable;)V+2 javafx.graphics@16.0.2
j  com.sun.glass.ui.InvokeLaterDispatcher.run()V+82 javafx.graphics@16.0.2
v  ~StubRoutines::call_stub

siginfo: si_signo: 10 (SIGBUS), si_code: 1 (BUS_ADRALN), si_addr: 0x00000001100014f0

Register to memory mapping:

 x0=0x0000000132205248 is a global jni handle
 x1=0x0 is NULL
 x2=0x0 is NULL
 x3=0x0 is NULL
 x4=0x00000000000130a8 is an unknown value
 x5=0x0 is NULL
 x6=0x0 is NULL
 x7=0x0 is NULL
 x8=0x00000001100014ec is at begin+0 in a stub
StubRoutines::SafeFetchN [0x00000001100014ec, 0x00000001100014f8] (12 bytes)
 x9=0x0 is NULL
x10=0x2010000030300000 is an unknown value
x11=0x0000000000000007 is an unknown value
x12=0x0 is NULL
x13=0x000060000266b7f0 points into unknown readable memory: 0xd4730001c9881f1c | 1c 1f 88 c9 01 00 73 d4
x14=0x0000000000000001 is an unknown value
x15=0x0000000132c45f90: OBJC_CLASS_$_GlassRunnable+0 in /Library/Java/JavaVirtualMachines/liberica-jdk-16-full.jdk/Contents/Home/lib/libglass.dylib at 0x0000000132c00000
x16=0x00000001c8934340: pthread_getspecific+0 in /usr/lib/system/libsystem_pthread.dylib at 0x00000001c8932000
x17=0x000060000066a5b0 points into unknown readable memory: 0x0000000000000000 | 00 00 00 00 00 00 00 00
x18=0x0 is NULL
x19=0x0000600002359880 points into unknown readable memory: 0x0000600000a6fb30 | 30 fb a6 00 00 60 00 00
x20=0x0000000132205040 points into unknown readable memory: 0x00000010000002d8 | d8 02 00 00 10 00 00 00
x21=0x0000000132205248 is a global jni handle
x22=0x0000000137042400 is a thread
x23=0x0000000000000001 is an unknown value
x24=0x0000000132205200 is a global jni handle
x25=0x0000000106039938: _ZN12StubRoutines17_safefetchN_entryE+0 in /Library/Java/JavaVirtualMachines/liberica-jdk-16-full.jdk/Contents/Home/lib/server/libjvm.dylib at 0x000000010547c000
x26=0x0000000142030000 is pointing into metadata
x27=0x0 is NULL
x28=0x0000000137042400 is a thread


Registers:
 x0=0x0000000132205248  x1=0x0000000000000000  x2=0x0000000000000000  x3=0x0000000000000000
 x4=0x00000000000130a8  x5=0x0000000000000000  x6=0x0000000000000000  x7=0x0000000000000000
 x8=0x00000001100014ec  x9=0x0000000000000000 x10=0x2010000030300000 x11=0x0000000000000007
x12=0x0000000000000000 x13=0x000060000266b7f0 x14=0x0000000000000001 x15=0x0000000132c45f90
x16=0x00000001c8934340 x17=0x000060000066a5b0 x18=0x0000000000000000 x19=0x0000600002359880
x20=0x0000000132205040 x21=0x0000000132205248 x22=0x0000000137042400 x23=0x0000000000000001
x24=0x0000000132205200 x25=0x0000000106039938 x26=0x0000000142030000 x27=0x0000000000000000
x28=0x0000000137042400  fp=0x000000016e7ca800  lr=0x0000000105c04a24  sp=0x000000016e7ca7c0
pc=0x00000001100014f0 cpsr=0x0000000060001000
Top of Stack: (sp=0x000000016e7ca7c0)
0x000000016e7ca7c0:   0000000142030000 0000000000000001
0x000000016e7ca7d0:   000000016e7ca9c8 000000013704bc00
0x000000016e7ca7e0:   000000013704bf08 0000000132205238
0x000000016e7ca7f0:   0000000132205238 0000600002359880
0x000000016e7ca800:   000000016e7ca840 0000000105c05a7c
0x000000016e7ca810:   000000013704bc00 0000000132205238
0x000000016e7ca820:   000000013704bf08 0000000132205238
0x000000016e7ca830:   000000013704bc00 0000000000000001
0x000000016e7ca840:   000000016e7ca880 0000000105917370
0x000000016e7ca850:   000000016e7ca9c8 0000600000a1eed0
0x000000016e7ca860:   0000600000a1ed60 0000000212b619f4
0x000000016e7ca870:   0000000000000000 0000600000a1ed60
0x000000016e7ca880:   000000016e7ca8b0 0000000132c0a7f4
0x000000016e7ca890:   e4c7d997426d0018 0000000000000000
0x000000016e7ca8a0:   0000000000000000 0000600001df0400
0x000000016e7ca8b0:   000000016e7ca8f0 00000001c98fce0c
0x000000016e7ca8c0:   000000016e7ca9c8 0000600000a1eed0
0x000000016e7ca8d0:   0000600000a1ed60 e4c7d997426d0018
0x000000016e7ca8e0:   0000000000000000 0000000000000000
0x000000016e7ca8f0:   000000016e7ca930 b96d0001c98c95e8
0x000000016e7ca900:   000000016e7ca9c8 0000000110008a00
0x000000016e7ca910:   0000000000000000 0000000106041198
0x000000016e7ca920:   000000016e7ca940 0000000110007970
0x000000016e7ca930:   000000016e7ca9a0 9d2b800110009c6c
0x000000016e7ca940:   000000016e7ca940 000000013259a065
0x000000016e7ca950:   000000016e7ca950 0000000000000000
0x000000016e7ca960:   000000016e7ca9c8 0000000142030000
0x000000016e7ca970:   00000006c0a12958 0000000000000000
0x000000016e7ca980:   0000000000000000 0000000142003830
0x000000016e7ca990:   0000000000000000 000000016e7ca9a0
0x000000016e7ca9a0:   000000016e7caa20 0000000110005fc8
0x000000016e7ca9b0:   0000000000000000 0000000000000000 

Instructions: (pc=0x00000001100014f0)
0x00000001100013f0:   f2a0c009 f2c00029 6d425935 1e640886
0x0000000110001400:   0c402d31 1e6408c7 1f5654d0 1e6c1017
0x0000000110001410:   1f5050d0 1f504cd0 1f5048d0 1e650af6
0x0000000110001420:   1f50d8f6 1f5694d6 1f5158f6 1e762880
0x0000000110001430:   36000501 1e614000 14000026 2e251ca5
0x0000000110001440:   d28e3009 f2a0c009 f2c00029 6d425d36
0x0000000110001450:   1e600806 0c402d32 1f5758c7 1e6c101a
0x0000000110001460:   1f4754c7 1e650805 1f4750c7 d2866668
0x0000000110001470:   f2a7fa68 1f474cc7 1e6608c0 1f4748c7
0x0000000110001480:   1e6e1019 eb08007f 540000ac 1f479400
0x0000000110001490:   1f460340 1e603b20 1400000e d2a7fd29
0x00000001100014a0:   eb09007f 540000ac 51480069 d3607d29
0x00000001100014b0:   9e670121 14000002 1e6a5001 1f679417
0x00000001100014c0:   1f668742 1e613b23 1e773857 1e773860
0x00000001100014d0:   a8c17ff3 910003bf a8c17bfd d65f03c0
0x00000001100014e0:   b9400001 aa0103e0 d65f03c0 f9400001
0x00000001100014f0:   aa0103e0 d65f03c0 00000000 00000000
0x0000000110001500:   00000000 00000000 00000000 00000000
0x0000000110001510:   00000000 00000000 00000000 00000000
0x0000000110001520:   00000000 00000000 00000000 00000000
0x0000000110001530:   00000000 00000000 00000000 00000000
0x0000000110001540:   00000000 00000000 00000000 00000000
0x0000000110001550:   00000000 00000000 00000000 00000000
0x0000000110001560:   00000000 00000000 00000000 00000000
0x0000000110001570:   00000000 00000000 00000000 00000000
0x0000000110001580:   00000000 00000000 00000000 00000000
0x0000000110001590:   00000000 00000000 00000000 00000000
0x00000001100015a0:   00000000 00000000 00000000 00000000
0x00000001100015b0:   00000000 00000000 00000000 00000000
0x00000001100015c0:   00000000 00000000 00000000 00000000
0x00000001100015d0:   00000000 00000000 00000000 00000000
0x00000001100015e0:   00000000 00000000 00000000 00000000 


Stack slot to memory mapping:
stack at sp + 0 slots: 0x0000000142030000 is pointing into metadata
stack at sp + 1 slots: 0x0000000000000001 is an unknown value
stack at sp + 2 slots: 0x000000016e7ca9c8 is pointing into the stack for thread: 0x0000000137042400
stack at sp + 3 slots: 0x000000013704bc00 is a thread
stack at sp + 4 slots: 0x000000013704bf08 points into unknown readable memory: 0x0000000105ff5e00 | 00 5e ff 05 01 00 00 00
stack at sp + 5 slots: 0x0000000132205238 is a global jni handle
stack at sp + 6 slots: 0x0000000132205238 is a global jni handle
stack at sp + 7 slots: 0x0000600002359880 points into unknown readable memory: 0x0000600000a6fb30 | 30 fb a6 00 00 60 00 00

StubRoutines::SafeFetchN [0x00000001100014ec, 0x00000001100014f8] (12 bytes)
[MachCode]
  0x00000001100014ec: 0100 40f9 | e003 01aa | c003 5fd6 
[/MachCode]

---------------  P R O C E S S  ---------------

Threads class SMR info:
_java_thread_list=0x0000600000894f80, length=22, elements={
0x000000013580d000, 0x000000013591c400, 0x000000013591ec00, 0x000000013400ee00,
0x0000000134008200, 0x000000013400ba00, 0x000000013400c000, 0x000000013400c600,
0x0000000134010e00, 0x0000000134013c00, 0x000000013408a600, 0x000000013408ac00,
0x000000013408da00, 0x0000000137042400, 0x000000013704bc00, 0x00000001340c3200,
0x00000001369cfa00, 0x000000013456a200, 0x00000001369ca600, 0x00000001359cb600,
0x0000000134611800, 0x00000001369c7e00
}

Java Threads: ( => current thread )
  0x000000013580d000 JavaThread "main" [_thread_blocked, id=9987, stack(0x000000016bbc0000,0x000000016bdc3000)]
  0x000000013591c400 JavaThread "Reference Handler" daemon [_thread_blocked, id=17923, stack(0x000000016ca14000,0x000000016cc17000)]
  0x000000013591ec00 JavaThread "Finalizer" daemon [_thread_blocked, id=17667, stack(0x000000016cc20000,0x000000016ce23000)]
  0x000000013400ee00 JavaThread "Signal Dispatcher" daemon [_thread_blocked, id=22275, stack(0x000000016cf44000,0x000000016d147000)]
  0x0000000134008200 JavaThread "Service Thread" daemon [_thread_blocked, id=22531, stack(0x000000016d150000,0x000000016d353000)]
  0x000000013400ba00 JavaThread "Monitor Deflation Thread" daemon [_thread_blocked, id=23043, stack(0x000000016d35c000,0x000000016d55f000)]
  0x000000013400c000 JavaThread "C2 CompilerThread0" daemon [_thread_blocked, id=42243, stack(0x000000016d568000,0x000000016d76b000)]
  0x000000013400c600 JavaThread "C1 CompilerThread0" daemon [_thread_blocked, id=41731, stack(0x000000016d774000,0x000000016d977000)]
  0x0000000134010e00 JavaThread "Sweeper thread" daemon [_thread_blocked, id=41219, stack(0x000000016d980000,0x000000016db83000)]
  0x0000000134013c00 JavaThread "Common-Cleaner" daemon [_thread_blocked, id=40707, stack(0x000000016db8c000,0x000000016dd8f000)]
  0x000000013408a600 JavaThread "Monitor Ctrl-Break" daemon [_thread_in_native, id=23555, stack(0x000000016dd98000,0x000000016df9b000)]
  0x000000013408ac00 JavaThread "Notification Thread" daemon [_thread_blocked, id=24067, stack(0x000000016dfa4000,0x000000016e1a7000)]
  0x000000013408da00 JavaThread "QuantumRenderer-0" daemon [_thread_blocked, id=25091, stack(0x000000016e3bc000,0x000000016e5bf000)]
=>0x0000000137042400 JavaThread "InvokeLaterDispatcher" daemon [_thread_in_native, id=34571, stack(0x000000016e5c8000,0x000000016e7cb000)]
  0x000000013704bc00 JavaThread "JavaFX Application Thread" [_thread_in_vm, id=259, stack(0x000000016b338000,0x000000016bb34000)]
  0x00000001340c3200 JavaThread "JavaFX-Launcher" [_thread_blocked, id=76055, stack(0x000000016ea6c000,0x000000016ec6f000)]
  0x00000001369cfa00 JavaThread "JFXMedia Player EventQueueThread" daemon [_thread_blocked, id=75787, stack(0x000000016ec78000,0x000000016ee7b000)]
  0x000000013456a200 JavaThread "Prism Font Disposer" daemon [_thread_blocked, id=89499, stack(0x000000016f2c0000,0x000000016f4c3000)]
  0x00000001369ca600 JavaThread "Media Resource Disposer" daemon [_thread_blocked, id=96535, stack(0x0000000170a5c000,0x0000000170c5f000)]
  0x00000001359cb600 JavaThread "Timer-0" daemon [_thread_blocked, id=162311, stack(0x0000000170f00000,0x0000000171103000)]
  0x0000000134611800 JavaThread "Cleaner-0" daemon [_thread_blocked, id=99871, stack(0x000000017110c000,0x000000017130f000)]
  0x00000001369c7e00 JavaThread "Attach Listener" daemon [_thread_blocked, id=51207, stack(0x000000016f0b4000,0x000000016f2b7000)]

Other Threads:
  0x00000001356174a0 VMThread "VM Thread" [stack: 0x000000016c808000,0x000000016ca0b000] [id=18691]
  0x00000001323073a0 WatcherThread [stack: 0x000000016e1b0000,0x000000016e3b3000] [id=24579]
  0x0000000135607550 GCTaskThread "GC Thread#0" [stack: 0x000000016bdcc000,0x000000016bfcf000] [id=12547]
  0x000000013002fde0 GCTaskThread "GC Thread#1" [stack: 0x000000016f6d8000,0x000000016f8db000] [id=173059]
  0x00000001300302c0 GCTaskThread "GC Thread#2" [stack: 0x000000016f8e4000,0x000000016fae7000] [id=172547]
  0x00000001300307a0 GCTaskThread "GC Thread#3" [stack: 0x000000016faf0000,0x000000016fcf3000] [id=89859]
  0x0000000135767fc0 GCTaskThread "GC Thread#4" [stack: 0x000000016fcfc000,0x000000016feff000] [id=90371]
  0x00000001357682d0 GCTaskThread "GC Thread#5" [stack: 0x000000016ff08000,0x000000017010b000] [id=90883]
  0x00000001356421b0 GCTaskThread "GC Thread#6" [stack: 0x0000000170114000,0x0000000170317000] [id=91395]
  0x0000000135642690 GCTaskThread "GC Thread#7" [stack: 0x0000000170320000,0x0000000170523000] [id=91651]
  0x0000000135607c60 ConcurrentGCThread "G1 Main Marker" [stack: 0x000000016bfd8000,0x000000016c1db000] [id=19971]
  0x0000000135608540 ConcurrentGCThread "G1 Conc#0" [stack: 0x000000016c1e4000,0x000000016c3e7000] [id=13315]
  0x000000013224e520 ConcurrentGCThread "G1 Conc#1" [stack: 0x0000000170c68000,0x0000000170e6b000] [id=165387]
  0x00000001356132f0 ConcurrentGCThread "G1 Refine#0" [stack: 0x000000016c3f0000,0x000000016c5f3000] [id=13827]
  0x0000000130030c80 ConcurrentGCThread "G1 Refine#1" [stack: 0x000000017052c000,0x000000017072f000] [id=171523]
  0x00000001378065c0 ConcurrentGCThread "G1 Refine#2" [stack: 0x0000000170738000,0x000000017093b000] [id=92419]
  0x0000000135613bf0 ConcurrentGCThread "G1 Service" [stack: 0x000000016c5fc000,0x000000016c7ff000] [id=14339]

Threads with active compile tasks:

VM state: not at safepoint (normal execution)

VM Mutex/Monitor currently owned by a thread: None

Heap address: 0x00000006c0000000, size: 4096 MB, Compressed Oops mode: Zero based, Oop shift amount: 3

Compressed class space mapped at: 0x0000000300000000-0x0000000340000000, reserved size: 1073741824
Narrow klass base: 0x0000000000000000, Narrow klass shift: 3, Narrow klass range: 0x340000000

GC Precious Log:
 CPUs: 8 total, 8 available
 Memory: 16384M
 Large Page Support: Disabled
 NUMA Support: Disabled
 Compressed Oops: Enabled (Zero based)
 Heap Region Size: 2M
 Heap Min Capacity: 8M
 Heap Initial Capacity: 256M
 Heap Max Capacity: 4G
 Pre-touch: Disabled
 Parallel Workers: 8
 Concurrent Workers: 2
 Concurrent Refinement Workers: 8
 Periodic GC: Disabled

Heap:
 garbage-first heap   total 61440K, used 22899K [0x00000006c0000000, 0x00000007c0000000)
  region size 2048K, 5 young (10240K), 1 survivors (2048K)
 Metaspace       used 22157K, committed 22528K, reserved 1073152K
  class space    used 2529K, committed 2688K, reserved 1048576K

Heap Regions: E=young(eden), S=young(survivor), O=old, HS=humongous(starts), HC=humongous(continues), CS=collection set, F=free, OA=open archive, CA=closed archive, TAMS=top-at-mark-start (previous, next)
|   0|0x00000006c0000000, 0x00000006c0200000, 0x00000006c0200000|100%|HS|  |TAMS 0x00000006c0200000, 0x00000006c0000000| Complete 
|   1|0x00000006c0200000, 0x00000006c0400000, 0x00000006c0400000|100%|HC|  |TAMS 0x00000006c0400000, 0x00000006c0200000| Complete 
|   2|0x00000006c0400000, 0x00000006c0600000, 0x00000006c0600000|100%|HC|  |TAMS 0x00000006c0600000, 0x00000006c0400000| Complete 
|   3|0x00000006c0600000, 0x00000006c0800000, 0x00000006c0800000|100%|HC|  |TAMS 0x00000006c0800000, 0x00000006c0600000| Complete 
|   4|0x00000006c0800000, 0x00000006c0a00000, 0x00000006c0a00000|100%| O|  |TAMS 0x00000006c09a4c00, 0x00000006c0800000| Untracked 
|   5|0x00000006c0a00000, 0x00000006c0c00000, 0x00000006c0c00000|100%| O|  |TAMS 0x00000006c0a00000, 0x00000006c0a00000| Untracked 
|   6|0x00000006c0c00000, 0x00000006c0db1600, 0x00000006c0e00000| 84%| O|  |TAMS 0x00000006c0c00000, 0x00000006c0c00000| Untracked 
|   7|0x00000006c0e00000, 0x00000006c1000000, 0x00000006c1000000|100%|HS|  |TAMS 0x00000006c0e00000, 0x00000006c0e00000| Complete 
|   8|0x00000006c1000000, 0x00000006c1000000, 0x00000006c1200000|  0%| F|  |TAMS 0x00000006c1000000, 0x00000006c1000000| Untracked 
|   9|0x00000006c1200000, 0x00000006c1200000, 0x00000006c1400000|  0%| F|  |TAMS 0x00000006c1200000, 0x00000006c1200000| Untracked 
|  10|0x00000006c1400000, 0x00000006c1400000, 0x00000006c1600000|  0%| F|  |TAMS 0x00000006c1400000, 0x00000006c1400000| Untracked 
|  11|0x00000006c1600000, 0x00000006c1600000, 0x00000006c1800000|  0%| F|  |TAMS 0x00000006c1600000, 0x00000006c1600000| Untracked 
|  12|0x00000006c1800000, 0x00000006c1800000, 0x00000006c1a00000|  0%| F|  |TAMS 0x00000006c1800000, 0x00000006c1800000| Untracked 
|  13|0x00000006c1a00000, 0x00000006c1a00000, 0x00000006c1c00000|  0%| F|  |TAMS 0x00000006c1a00000, 0x00000006c1a00000| Untracked 
|  14|0x00000006c1c00000, 0x00000006c1c00000, 0x00000006c1e00000|  0%| F|  |TAMS 0x00000006c1c00000, 0x00000006c1c00000| Untracked 
|  15|0x00000006c1e00000, 0x00000006c1e00000, 0x00000006c2000000|  0%| F|  |TAMS 0x00000006c1e00000, 0x00000006c1e00000| Untracked 
|  16|0x00000006c2000000, 0x00000006c2000000, 0x00000006c2200000|  0%| F|  |TAMS 0x00000006c2000000, 0x00000006c2000000| Untracked 
|  17|0x00000006c2200000, 0x00000006c2200000, 0x00000006c2400000|  0%| F|  |TAMS 0x00000006c2200000, 0x00000006c2200000| Untracked 
|  18|0x00000006c2400000, 0x00000006c2400000, 0x00000006c2600000|  0%| F|  |TAMS 0x00000006c2400000, 0x00000006c2400000| Untracked 
|  19|0x00000006c2600000, 0x00000006c2600000, 0x00000006c2800000|  0%| F|  |TAMS 0x00000006c2600000, 0x00000006c2600000| Untracked 
|  20|0x00000006c2800000, 0x00000006c2800000, 0x00000006c2a00000|  0%| F|  |TAMS 0x00000006c2800000, 0x00000006c2800000| Untracked 
|  21|0x00000006c2a00000, 0x00000006c2a00000, 0x00000006c2c00000|  0%| F|  |TAMS 0x00000006c2a00000, 0x00000006c2a00000| Untracked 
|  22|0x00000006c2c00000, 0x00000006c2c00000, 0x00000006c2e00000|  0%| F|  |TAMS 0x00000006c2c00000, 0x00000006c2c00000| Untracked 
|  23|0x00000006c2e00000, 0x00000006c2e00000, 0x00000006c3000000|  0%| F|  |TAMS 0x00000006c2e00000, 0x00000006c2e00000| Untracked 
|  24|0x00000006c3000000, 0x00000006c3000000, 0x00000006c3200000|  0%| F|  |TAMS 0x00000006c3000000, 0x00000006c3000000| Untracked 
|  25|0x00000006c3200000, 0x00000006c3274328, 0x00000006c3400000| 22%| E|  |TAMS 0x00000006c3200000, 0x00000006c3200000| Complete 
|  26|0x00000006c3400000, 0x00000006c3600000, 0x00000006c3600000|100%| E|CS|TAMS 0x00000006c3400000, 0x00000006c3400000| Complete 
|  27|0x00000006c3600000, 0x00000006c3800000, 0x00000006c3800000|100%| E|CS|TAMS 0x00000006c3600000, 0x00000006c3600000| Complete 
| 126|0x00000006cfc00000, 0x00000006cfcab710, 0x00000006cfe00000| 33%| S|CS|TAMS 0x00000006cfc00000, 0x00000006cfc00000| Complete 
| 127|0x00000006cfe00000, 0x00000006d0000000, 0x00000006d0000000|100%| E|CS|TAMS 0x00000006cfe00000, 0x00000006cfe00000| Complete 

Card table byte_map: [0x000000011f000000,0x000000011f800000] _byte_map_base: 0x000000011ba00000

Marking Bits (Prev, Next): (CMBitMap*) 0x0000000135837050, (CMBitMap*) 0x0000000135837010
 Prev Bits: [0x0000000124000000, 0x0000000128000000)
 Next Bits: [0x0000000120000000, 0x0000000124000000)

Polling page: 0x0000000104450000

Metaspace:

Usage:
  Non-class:     19.17 MB used.
      Class:      2.47 MB used.
       Both:     21.64 MB used.

Virtual space:
  Non-class space:       24.00 MB reserved,      19.38 MB ( 81%) committed,  3 nodes.
      Class space:        1.00 GB reserved,       2.62 MB ( <1%) committed,  1 nodes.
              Both:        1.02 GB reserved,      22.00 MB (  2%) committed. 

Chunk freelists:
   Non-Class:  254.00 KB
       Class:  1.28 MB
        Both:  1.53 MB

MaxMetaspaceSize: 17179869184.00 GB
CompressedClassSpaceSize: 1.00 GB
 - commit_granule_bytes: 65536.
 - commit_granule_words: 8192.
 - virtual_space_node_default_size: 1048576.
 - enlarge_chunks_in_place: 1.
 - new_chunks_are_fully_committed: 0.
 - uncommit_free_chunks: 1.
 - use_allocation_guard: 0.
 - handle_deallocations: 1.


Internal statistics:

num_allocs_failed_limit: 3.
num_arena_births: 350.
num_arena_deaths: 0.
num_vsnodes_births: 4.
num_vsnodes_deaths: 0.
num_space_committed: 352.
num_space_uncommitted: 0.
num_chunks_returned_to_freelist: 3.
num_chunks_taken_from_freelist: 806.
num_chunk_merges: 3.
num_chunk_splits: 563.
num_chunks_enlarged: 423.
num_purges: 0.

CodeHeap 'non-profiled nmethods': size=120032Kb used=664Kb max_used=664Kb free=119367Kb
 bounds [0x0000000117ac8000, 0x0000000117d38000, 0x000000011f000000]
CodeHeap 'profiled nmethods': size=120016Kb used=2751Kb max_used=2751Kb free=117264Kb
 bounds [0x0000000110594000, 0x0000000110844000, 0x0000000117ac8000]
CodeHeap 'non-nmethods': size=5712Kb used=1356Kb max_used=1498Kb free=4355Kb
 bounds [0x0000000110000000, 0x0000000110270000, 0x0000000110594000]
 total_blobs=2231 nmethods=1487 adapters=661
 compilation: enabled
              stopped_count=0, restarted_count=0
 full_count=0

Compilation events (20 events):
Event: 1.140 Thread 0x000000013400c600 nmethod 1478 0x0000000110840a90 code [0x0000000110840c40, 0x0000000110840e28]
Event: 1.140 Thread 0x000000013400c600 1479       3       java.lang.invoke.Invokers::checkExactType (17 bytes)
Event: 1.140 Thread 0x000000013400c600 nmethod 1479 0x0000000110840f10 code [0x00000001108410c0, 0x0000000110841318]
Event: 1.140 Thread 0x000000013400c600 1480       3       java.lang.invoke.Invokers::checkCustomized (23 bytes)
Event: 1.140 Thread 0x000000013400c600 nmethod 1480 0x0000000110841410 code [0x00000001108415c0, 0x00000001108417d8]
Event: 1.140 Thread 0x000000013400c600 1485       3       java.util.Properties::getProperty (50 bytes)
Event: 1.140 Thread 0x000000013400c000 nmethod 1483 0x0000000117b6ca90 code [0x0000000117b6cc40, 0x0000000117b6d100]
Event: 1.140 Thread 0x000000013400c600 nmethod 1485 0x0000000110841910 code [0x0000000110841b00, 0x0000000110842088]
Event: 1.140 Thread 0x000000013400c000 1486       4       java.util.concurrent.ConcurrentHashMap::addCount (280 bytes)
Event: 1.140 Thread 0x000000013400c600 1481       3       java.lang.invoke.ConstantCallSite::<init> (17 bytes)
Event: 1.141 Thread 0x000000013400c600 nmethod 1481 0x0000000110842210 code [0x0000000110842440, 0x0000000110842ad8]
Event: 1.141 Thread 0x000000013400c600 1482       3       java.lang.invoke.CallSite::<init> (23 bytes)
Event: 1.141 Thread 0x000000013400c600 nmethod 1482 0x0000000110842d90 code [0x0000000110842f80, 0x0000000110843518]
Event: 1.141 Thread 0x000000013400c600 1484  s    3       java.util.Properties::put (10 bytes)
Event: 1.141 Thread 0x000000013400c600 nmethod 1484 0x0000000110843710 code [0x00000001108438c0, 0x0000000110843bd8]
Event: 1.141 Thread 0x000000013400c600 1487       1       java.util.concurrent.ConcurrentHashMap$MapEntry::getKey (5 bytes)
Event: 1.141 Thread 0x000000013400c600 nmethod 1487 0x0000000117b6d310 code [0x0000000117b6d480, 0x0000000117b6d568]
Event: 1.141 Thread 0x000000013400c600 1488       1       java.util.concurrent.ConcurrentHashMap$MapEntry::getValue (5 bytes)
Event: 1.141 Thread 0x000000013400c600 nmethod 1488 0x0000000117b6d610 code [0x0000000117b6d780, 0x0000000117b6d868]
Event: 1.142 Thread 0x000000013400c000 nmethod 1486 0x0000000117b6d910 code [0x0000000117b6db00, 0x0000000117b6de10]

GC Heap History (4 events):
Event: 0.553 GC heap before
{Heap before GC invocations=0 (full 0):
 garbage-first heap   total 262144K, used 30720K [0x00000006c0000000, 0x00000007c0000000)
  region size 2048K, 11 young (22528K), 0 survivors (0K)
 Metaspace       used 20339K, committed 20608K, reserved 1073152K
  class space    used 2321K, committed 2432K, reserved 1048576K
}
Event: 0.558 GC heap after
{Heap after GC invocations=1 (full 0):
 garbage-first heap   total 262144K, used 13971K [0x00000006c0000000, 0x00000007c0000000)
  region size 2048K, 2 young (4096K), 2 survivors (4096K)
 Metaspace       used 20339K, committed 20608K, reserved 1073152K
  class space    used 2321K, committed 2432K, reserved 1048576K
}
Event: 0.621 GC heap before
{Heap before GC invocations=1 (full 0):
 garbage-first heap   total 262144K, used 13971K [0x00000006c0000000, 0x00000007c0000000)
  region size 2048K, 3 young (6144K), 2 survivors (4096K)
 Metaspace       used 20967K, committed 21248K, reserved 1073152K
  class space    used 2404K, committed 2560K, reserved 1048576K
}
Event: 0.623 GC heap after
{Heap after GC invocations=2 (full 0):
 garbage-first heap   total 262144K, used 14707K [0x00000006c0000000, 0x00000007c0000000)
  region size 2048K, 1 young (2048K), 1 survivors (2048K)
 Metaspace       used 20967K, committed 21248K, reserved 1073152K
  class space    used 2404K, committed 2560K, reserved 1048576K
}

Deoptimization events (20 events):
Event: 0.630 Thread 0x000000013408da00 Uncommon trap: trap_request=0xffffffde fr.pc=0x0000000117b5fbb0 relative=0x00000000000000f0
Event: 0.630 Thread 0x000000013408da00 Uncommon trap: reason=class_check action=maybe_recompile pc=0x0000000117b5fbb0 method=jdk.internal.misc.Unsafe.allocateUninitializedArray(Ljava/lang/Class;I)Ljava/lang/Object; @ 51 c2
Event: 0.630 Thread 0x000000013408da00 DEOPT PACKING pc=0x0000000117b5fbb0 sp=0x000000016e5b9ea0
Event: 0.630 Thread 0x000000013408da00 DEOPT UNPACKING pc=0x0000000110039d9c sp=0x000000016e5b9e30 mode 2
Event: 0.630 Thread 0x000000013408da00 Uncommon trap: trap_request=0xffffffde fr.pc=0x0000000117b5fbb0 relative=0x00000000000000f0
Event: 0.630 Thread 0x000000013408da00 Uncommon trap: reason=class_check action=maybe_recompile pc=0x0000000117b5fbb0 method=jdk.internal.misc.Unsafe.allocateUninitializedArray(Ljava/lang/Class;I)Ljava/lang/Object; @ 51 c2
Event: 0.630 Thread 0x000000013408da00 DEOPT PACKING pc=0x0000000117b5fbb0 sp=0x000000016e5b9f30
Event: 0.630 Thread 0x000000013408da00 DEOPT UNPACKING pc=0x0000000110039d9c sp=0x000000016e5b9ec0 mode 2
Event: 0.630 Thread 0x000000013408da00 Uncommon trap: trap_request=0xffffffde fr.pc=0x0000000117b5fbb0 relative=0x00000000000000f0
Event: 0.630 Thread 0x000000013408da00 Uncommon trap: reason=class_check action=maybe_recompile pc=0x0000000117b5fbb0 method=jdk.internal.misc.Unsafe.allocateUninitializedArray(Ljava/lang/Class;I)Ljava/lang/Object; @ 51 c2
Event: 0.630 Thread 0x000000013408da00 DEOPT PACKING pc=0x0000000117b5fbb0 sp=0x000000016e5b9ef0
Event: 0.630 Thread 0x000000013408da00 DEOPT UNPACKING pc=0x0000000110039d9c sp=0x000000016e5b9e80 mode 2
Event: 0.630 Thread 0x000000013408da00 Uncommon trap: trap_request=0xffffffde fr.pc=0x0000000117b5fbb0 relative=0x00000000000000f0
Event: 0.630 Thread 0x000000013408da00 Uncommon trap: reason=class_check action=maybe_recompile pc=0x0000000117b5fbb0 method=jdk.internal.misc.Unsafe.allocateUninitializedArray(Ljava/lang/Class;I)Ljava/lang/Object; @ 51 c2
Event: 0.630 Thread 0x000000013408da00 DEOPT PACKING pc=0x0000000117b5fbb0 sp=0x000000016e5b9f80
Event: 0.630 Thread 0x000000013408da00 DEOPT UNPACKING pc=0x0000000110039d9c sp=0x000000016e5b9f10 mode 2
Event: 1.138 Thread 0x00000001369c7e00 Uncommon trap: trap_request=0xffffff45 fr.pc=0x0000000117b09168 relative=0x0000000000000de8
Event: 1.138 Thread 0x00000001369c7e00 Uncommon trap: reason=unstable_if action=reinterpret pc=0x0000000117b09168 method=java.util.concurrent.ConcurrentHashMap.putVal(Ljava/lang/Object;Ljava/lang/Object;Z)Ljava/lang/Object; @ 148 c2
Event: 1.138 Thread 0x00000001369c7e00 DEOPT PACKING pc=0x0000000117b09168 sp=0x000000016f2b5900
Event: 1.138 Thread 0x00000001369c7e00 DEOPT UNPACKING pc=0x0000000110039d9c sp=0x000000016f2b5810 mode 2

Classes unloaded (0 events):
No events

Classes redefined (0 events):
No events

Internal exceptions (20 events):
Event: 0.271 Thread 0x000000013704bc00 Implicit null exception at 0x0000000117af717c to 0x0000000117af7594
Event: 0.271 Thread 0x000000013704bc00 Implicit null exception at 0x0000000117aefe7c to 0x0000000117af028c
Event: 0.329 Thread 0x000000013704bc00 Exception <a 'java/lang/NoSuchMethodError'{0x00000006cf4de908}: 'java.lang.Object java.lang.invoke.DirectMethodHandle$Holder.invokeStatic(java.lang.Object, java.lang.Object, java.lang.Object, java.lang.Object, java.lang.Object, java.lang.Object, java.lang.Object, java.lang.Object, java.lang.Object, java.lang.Object, java.lang.Object)'> (0x00000006cf4de908) 
thrown [src/hotspot/share/interpreter/linkResolver.cpp, line 790]
Event: 0.330 Thread 0x000000013704bc00 Exception <a 'java/lang/NoSuchMethodError'{0x00000006cf2fbf50}: 'java.lang.Object java.lang.invoke.DirectMethodHandle$Holder.invokeStatic(java.lang.Object, java.lang.Object, java.lang.Object, java.lang.Object, java.lang.Object, java.lang.Object, java.lang.Object, java.lang.Object, java.lang.Object, java.lang.Object, java.lang.Object, java.lang.Object)'> (0x00000006cf2fbf50) 
thrown [src/hotspot/share/interpreter/linkResolver.cpp, line 790]
Event: 0.345 Thread 0x000000013704bc00 Exception <a 'java/lang/NoSuchMethodError'{0x00000006cf3f2218}: 'java.lang.Object java.lang.invoke.DirectMethodHandle$Holder.invokeStaticInit(java.lang.Object, java.lang.Object, java.lang.Object, java.lang.Object)'> (0x00000006cf3f2218) 
thrown [src/hotspot/share/interpreter/linkResolver.cpp, line 790]
Event: 0.345 Thread 0x000000013704bc00 Exception <a 'java/lang/NullPointerException'{0x00000006cf3fb1c8}> (0x00000006cf3fb1c8) 
thrown [src/hotspot/share/interpreter/linkResolver.cpp, line 1385]
Event: 0.346 Thread 0x000000013704bc00 Exception <a 'java/lang/NoSuchMethodError'{0x00000006cf009280}: 'void java.lang.invoke.DirectMethodHandle$Holder.invokeSpecial(java.lang.Object, java.lang.Object, java.lang.Object, java.lang.Object, java.lang.Object)'> (0x00000006cf009280) 
thrown [src/hotspot/share/interpreter/linkResolver.cpp, line 790]
Event: 0.373 Thread 0x000000013704bc00 Exception <a 'java/lang/NoSuchMethodError'{0x00000006ceee3be8}: 'void java.lang.invoke.DirectMethodHandle$Holder.invokeStaticInit(java.lang.Object, java.lang.Object)'> (0x00000006ceee3be8) 
thrown [src/hotspot/share/interpreter/linkResolver.cpp, line 790]
Event: 0.389 Thread 0x000000013704bc00 Exception <a 'java/lang/NoSuchMethodError'{0x00000006cec7fc20}: 'java.lang.Object java.lang.invoke.DirectMethodHandle$Holder.invokeSpecial(java.lang.Object, java.lang.Object, int, java.lang.Object)'> (0x00000006cec7fc20) 
thrown [src/hotspot/share/interpreter/linkResolver.cpp, line 790]
Event: 0.389 Thread 0x000000013704bc00 Exception <a 'java/lang/NoSuchMethodError'{0x00000006cec83700}: 'java.lang.Object java.lang.invoke.Invokers$Holder.linkToTargetMethod(int, java.lang.Object, java.lang.Object)'> (0x00000006cec83700) 
thrown [src/hotspot/share/interpreter/linkResolver.cpp, line 790]
Event: 0.412 Thread 0x000000013704bc00 Exception <a 'java/io/FileNotFoundException'{0x00000006ced6f9f0}> (0x00000006ced6f9f0) 
thrown [src/hotspot/share/prims/jni.cpp, line 579]
Event: 0.472 Thread 0x000000013704bc00 Exception <a 'java/io/FileNotFoundException'{0x00000006ceae0650}> (0x00000006ceae0650) 
thrown [src/hotspot/share/prims/jni.cpp, line 579]
Event: 0.546 Thread 0x000000013704bc00 Exception <a 'java/lang/NoSuchMethodError'{0x00000006ceb8c5f0}: 'java.lang.Object java.lang.invoke.Invokers$Holder.linkToTargetMethod(java.lang.Object, int, java.lang.Object)'> (0x00000006ceb8c5f0) 
thrown [src/hotspot/share/interpreter/linkResolver.cpp, line 790]
Event: 0.551 Thread 0x000000013704bc00 Exception <a 'java/lang/NoSuchMethodError'{0x00000006cebc4bb0}: 'java.lang.Object java.lang.invoke.DirectMethodHandle$Holder.invokeInterface(java.lang.Object, java.lang.Object, java.lang.Object)'> (0x00000006cebc4bb0) 
thrown [src/hotspot/share/interpreter/linkResolver.cpp, line 790]
Event: 0.551 Thread 0x000000013704bc00 Exception <a 'java/lang/IncompatibleClassChangeError'{0x00000006cebc8860}: Found class java.lang.Object, but interface was expected> (0x00000006cebc8860) 
thrown [src/hotspot/share/interpreter/linkResolver.cpp, line 857]
Event: 0.563 Thread 0x000000013704bc00 Exception <a 'java/lang/NoSuchMethodError'{0x00000006cfe437d0}: 'void java.lang.invoke.DirectMethodHandle$Holder.invokeVirtual(java.lang.Object, java.lang.Object, java.lang.Object)'> (0x00000006cfe437d0) 
thrown [src/hotspot/share/interpreter/linkResolver.cpp, line 790]
Event: 0.585 Thread 0x000000013704bc00 Exception <a 'java/lang/NoSuchMethodError'{0x00000006cff32080}: 'java.lang.Object java.lang.invoke.DirectMethodHandle$Holder.newInvokeSpecial(java.lang.Object, java.lang.Object, int)'> (0x00000006cff32080) 
thrown [src/hotspot/share/interpreter/linkResolver.cpp, line 790]
Event: 0.632 Thread 0x000000013408da00 Exception <a 'java/lang/NoSuchMethodError'{0x00000006c360f8f0}: 'int java.lang.invoke.DirectMethodHandle$Holder.invokeStaticInit(java.lang.Object, java.lang.Object)'> (0x00000006c360f8f0) 
thrown [src/hotspot/share/interpreter/linkResolver.cpp, line 790]
Event: 0.658 Thread 0x000000013408da00 Exception <a 'java/lang/NoSuchMethodError'{0x00000006c342e3f0}: 'java.lang.Object java.lang.invoke.DirectMethodHandle$Holder.invokeStatic(java.lang.Object, double)'> (0x00000006c342e3f0) 
thrown [src/hotspot/share/interpreter/linkResolver.cpp, line 790]
Event: 0.658 Thread 0x000000013408da00 Exception <a 'java/lang/NoSuchMethodError'{0x00000006c3432740}: 'java.lang.Object java.lang.invoke.DirectMethodHandle$Holder.invokeSpecial(java.lang.Object, java.lang.Object, double)'> (0x00000006c3432740) 
thrown [src/hotspot/share/interpreter/linkResolver.cpp, line 790]

Events (20 events):
Event: 1.136 loading class sun/util/locale/provider/TimeZoneNameUtility
Event: 1.136 loading class sun/util/locale/provider/TimeZoneNameUtility done
Event: 1.136 loading class sun/util/locale/provider/TimeZoneNameUtility$TimeZoneNameGetter
Event: 1.136 loading class sun/util/locale/provider/TimeZoneNameUtility$TimeZoneNameGetter done
Event: 1.137 loading class sun/util/cldr/CLDRTimeZoneNameProviderImpl
Event: 1.137 loading class sun/util/locale/provider/TimeZoneNameProviderImpl
Event: 1.137 loading class sun/util/locale/provider/TimeZoneNameProviderImpl done
Event: 1.137 loading class sun/util/cldr/CLDRTimeZoneNameProviderImpl done
Event: 1.138 loading class sun/util/locale/provider/BaseLocaleDataMetaInfo
Event: 1.138 loading class sun/util/locale/provider/BaseLocaleDataMetaInfo done
Event: 1.138 loading class sun/util/resources/cldr/TimeZoneNames
Event: 1.138 loading class sun/util/resources/TimeZoneNamesBundle
Event: 1.138 loading class sun/util/resources/OpenListResourceBundle
Event: 1.138 loading class sun/util/resources/OpenListResourceBundle done
Event: 1.138 loading class sun/util/resources/TimeZoneNamesBundle done
Event: 1.138 loading class sun/util/resources/cldr/TimeZoneNames done
Event: 1.138 loading class sun/util/resources/cldr/TimeZoneNames_en
Event: 1.139 loading class sun/util/resources/cldr/TimeZoneNames_en done
Event: 1.139 loading class sun/util/resources/cldr/TimeZoneNames_en_US
Event: 1.139 loading class sun/util/resources/cldr/TimeZoneNames_en_US done


Dynamic libraries:
0x0000000104400000 	/Library/Java/JavaVirtualMachines/liberica-jdk-16-full.jdk/Contents/Home/lib/libjli.dylib
0x00000001d331e000 	/usr/lib/libz.1.dylib
0x00000001d33ce000 	/usr/lib/libSystem.B.dylib
0x00000001d33c8000 	/usr/lib/system/libcache.dylib
0x00000001d3386000 	/usr/lib/system/libcommonCrypto.dylib
0x00000001d33af000 	/usr/lib/system/libcompiler_rt.dylib
0x00000001d33a6000 	/usr/lib/system/libcopyfile.dylib
0x00000001c86d2000 	/usr/lib/system/libcorecrypto.dylib
0x00000001c8777000 	/usr/lib/system/libdispatch.dylib
0x00000001c893f000 	/usr/lib/system/libdyld.dylib
0x00000001d33be000 	/usr/lib/system/libkeymgr.dylib
0x00000001d3368000 	/usr/lib/system/libmacho.dylib
0x00000001d2a74000 	/usr/lib/system/libquarantine.dylib
0x00000001d33bb000 	/usr/lib/system/libremovefile.dylib
0x00000001cdac1000 	/usr/lib/system/libsystem_asl.dylib
0x00000001c867c000 	/usr/lib/system/libsystem_blocks.dylib
0x00000001c87fd000 	/usr/lib/system/libsystem_c.dylib
0x00000001d33b3000 	/usr/lib/system/libsystem_collections.dylib
0x00000001d1ed1000 	/usr/lib/system/libsystem_configuration.dylib
0x00000001d1157000 	/usr/lib/system/libsystem_containermanager.dylib
0x00000001d30d2000 	/usr/lib/system/libsystem_coreservices.dylib
0x00000001cb064000 	/usr/lib/system/libsystem_darwin.dylib
0x00000001d33bf000 	/usr/lib/system/libsystem_dnssd.dylib
0x00000001c87fa000 	/usr/lib/system/libsystem_featureflags.dylib
0x00000001c8954000 	/usr/lib/system/libsystem_info.dylib
0x00000001d3330000 	/usr/lib/system/libsystem_m.dylib
0x00000001c874c000 	/usr/lib/system/libsystem_malloc.dylib
0x00000001cda52000 	/usr/lib/system/libsystem_networkextension.dylib
0x00000001cb4b7000 	/usr/lib/system/libsystem_notify.dylib
0x00000001d959b000 	/usr/lib/system/libsystem_product_info_filter.dylib
0x00000001d1ed6000 	/usr/lib/system/libsystem_sandbox.dylib
0x00000001d33b8000 	/usr/lib/system/libsystem_secinit.dylib
0x00000001c88fc000 	/usr/lib/system/libsystem_kernel.dylib
0x00000001c894c000 	/usr/lib/system/libsystem_platform.dylib
0x00000001c8932000 	/usr/lib/system/libsystem_pthread.dylib
0x00000001cf1f7000 	/usr/lib/system/libsystem_symptoms.dylib
0x00000001c86b8000 	/usr/lib/system/libsystem_trace.dylib
0x00000001d3393000 	/usr/lib/system/libunwind.dylib
0x00000001c867e000 	/usr/lib/system/libxpc.dylib
0x00000001c88e2000 	/usr/lib/libc++abi.dylib
0x00000001c87be000 	/usr/lib/libobjc.A.dylib
0x00000001d339e000 	/usr/lib/liboah.dylib
0x00000001c887e000 	/usr/lib/libc++.1.dylib
0x00000001def78000 	/System/Library/Frameworks/Cocoa.framework/Versions/A/Cocoa
0x00000001cb516000 	/System/Library/Frameworks/AppKit.framework/Versions/C/AppKit
0x00000001cea38000 	/System/Library/Frameworks/CoreData.framework/Versions/A/CoreData
0x00000001c9877000 	/System/Library/Frameworks/Foundation.framework/Versions/C/Foundation
0x00000001cc3c8000 	/System/Library/PrivateFrameworks/UIFoundation.framework/Versions/A/UIFoundation
0x00000001d9295000 	/System/Library/PrivateFrameworks/RemoteViewServices.framework/Versions/A/RemoteViewServices
0x00000001d1890000 	/System/Library/PrivateFrameworks/XCTTargetBootstrap.framework/Versions/A/XCTTargetBootstrap
0x00000001d50d0000 	/System/Library/PrivateFrameworks/InternationalSupport.framework/Versions/A/InternationalSupport
0x00000001d5159000 	/System/Library/PrivateFrameworks/UserActivity.framework/Versions/A/UserActivity
0x00000001d45fb000 	/usr/lib/libspindump.dylib
0x00000001cc638000 	/System/Library/Frameworks/UniformTypeIdentifiers.framework/Versions/A/UniformTypeIdentifiers
0x00000001cfe1e000 	/usr/lib/libapp_launch_measurement.dylib
0x00000001cf39b000 	/System/Library/PrivateFrameworks/CoreAnalytics.framework/Versions/A/CoreAnalytics
0x00000001cfe21000 	/System/Library/PrivateFrameworks/CoreAutoLayout.framework/Versions/A/CoreAutoLayout
0x00000001d1194000 	/System/Library/Frameworks/Metal.framework/Versions/A/Metal
0x00000001d1ee1000 	/usr/lib/liblangid.dylib
0x00000001d1894000 	/System/Library/PrivateFrameworks/CoreSVG.framework/Versions/A/CoreSVG
0x00000001cdaf5000 	/System/Library/PrivateFrameworks/SkyLight.framework/Versions/A/SkyLight
0x00000001cdebd000 	/System/Library/Frameworks/CoreGraphics.framework/Versions/A/CoreGraphics
0x00000001d990e000 	/System/Library/Frameworks/Accelerate.framework/Versions/A/Accelerate
0x00000001d4070000 	/System/Library/PrivateFrameworks/IconServices.framework/Versions/A/IconServices
0x00000001d1176000 	/System/Library/Frameworks/IOSurface.framework/Versions/A/IOSurface
0x00000001cf3cb000 	/usr/lib/libDiagnosticMessagesClient.dylib
0x00000001dcd46000 	/System/Library/Frameworks/ApplicationServices.framework/Versions/A/ApplicationServices
0x00000001d1878000 	/System/Library/PrivateFrameworks/DFRFoundation.framework/Versions/A/DFRFoundation
0x00000001cadb9000 	/usr/lib/libicucore.A.dylib
0x00000001d5ecd000 	/System/Library/Frameworks/AudioToolbox.framework/Versions/A/AudioToolbox
0x00000001d50dc000 	/System/Library/PrivateFrameworks/DataDetectorsCore.framework/Versions/A/DataDetectorsCore
0x00000001eb0f8000 	/System/Library/PrivateFrameworks/TextInput.framework/Versions/A/TextInput
0x00000001cda6c000 	/usr/lib/libMobileGestalt.dylib
0x00000001d1548000 	/System/Library/Frameworks/Carbon.framework/Versions/A/Frameworks/HIToolbox.framework/Versions/A/HIToolbox
0x00000001cf828000 	/System/Library/Frameworks/QuartzCore.framework/Versions/A/QuartzCore
0x00000001caa36000 	/System/Library/Frameworks/Security.framework/Versions/A/Security
0x00000001d92d5000 	/System/Library/Frameworks/Carbon.framework/Versions/A/Frameworks/SpeechRecognition.framework/Versions/A/SpeechRecognition
0x00000001cfb75000 	/System/Library/PrivateFrameworks/CoreUI.framework/Versions/A/CoreUI
0x00000001ca309000 	/System/Library/Frameworks/CoreAudio.framework/Versions/A/CoreAudio
0x00000001cf4bb000 	/System/Library/Frameworks/DiskArbitration.framework/Versions/A/DiskArbitration
0x00000001d49e3000 	/System/Library/PrivateFrameworks/MultitouchSupport.framework/Versions/A/MultitouchSupport
0x00000001cda6a000 	/usr/lib/libenergytrace.dylib
0x00000001cb3e2000 	/System/Library/Frameworks/IOKit.framework/Versions/A/IOKit
0x00000001d96bc000 	/System/Library/Frameworks/CoreServices.framework/Versions/A/CoreServices
0x00000001cfdae000 	/System/Library/PrivateFrameworks/PerformanceAnalysis.framework/Versions/A/PerformanceAnalysis
0x000000022991d000 	/System/Library/Frameworks/OpenGL.framework/Versions/A/OpenGL
0x00000001d2994000 	/System/Library/PrivateFrameworks/MobileKeyBag.framework/Versions/A/MobileKeyBag
0x00000001ce4cd000 	/System/Library/Frameworks/ColorSync.framework/Versions/A/ColorSync
0x00000001c8980000 	/System/Library/Frameworks/CoreFoundation.framework/Versions/A/CoreFoundation
0x00000001d1b15000 	/System/Library/Frameworks/CoreImage.framework/Versions/A/CoreImage
0x00000001ca12c000 	/System/Library/Frameworks/CoreText.framework/Versions/A/CoreText
0x00000001d18c4000 	/System/Library/Frameworks/ImageIO.framework/Versions/A/ImageIO
0x00000001d33d4000 	/System/Library/PrivateFrameworks/SoftLinking.framework/Versions/A/SoftLinking
0x00000001cfe6b000 	/usr/lib/libxml2.2.dylib
0x00000001d366c000 	/usr/lib/libcompression.dylib
0x00000001d5029000 	/System/Library/PrivateFrameworks/TextureIO.framework/Versions/A/TextureIO
0x00000001d3d8a000 	/usr/lib/libate.dylib
0x00000001d3c52000 	/usr/lib/liblzma.5.dylib
0x00000001c9568000 	/System/Library/Frameworks/SystemConfiguration.framework/Versions/A/SystemConfiguration
0x00000001d33d0000 	/usr/lib/libfakelink.dylib
0x00000001cd59a000 	/System/Library/Frameworks/CFNetwork.framework/Versions/A/CFNetwork
0x00000001d3517000 	/usr/lib/libarchive.2.dylib
0x00000001d1edd000 	/System/Library/PrivateFrameworks/AppleSystemInfo.framework/Versions/A/AppleSystemInfo
0x00000001d2a9e000 	/usr/lib/libbsm.0.dylib
0x00000001ccad7000 	/usr/lib/libnetwork.dylib
0x00000001d336e000 	/usr/lib/system/libkxld.dylib
0x00000001d26b6000 	/System/Library/PrivateFrameworks/IOMobileFramebuffer.framework/Versions/A/IOMobileFramebuffer
0x0000000245248000 	/usr/lib/libCoreEntitlements.dylib
0x00000001d30b4000 	/System/Library/PrivateFrameworks/AppleFSCompression.framework/Versions/A/AppleFSCompression
0x00000001d2a87000 	/usr/lib/libcoretls.dylib
0x00000001d3c6b000 	/usr/lib/libcoretls_cfhelpers.dylib
0x00000001d3667000 	/usr/lib/libpam.2.dylib
0x00000001cee1f000 	/usr/lib/libsqlite3.dylib
0x00000001d3cd3000 	/usr/lib/libxar.1.dylib
0x00000001d30c5000 	/usr/lib/libbz2.1.0.dylib
0x00000001d33d5000 	/usr/lib/libpcap.A.dylib
0x00000001cf1ee000 	/usr/lib/libdns_services.dylib
0x00000001d363a000 	/usr/lib/libapple_nghttp2.dylib
0x00000001d3412000 	/usr/lib/libiconv.2.dylib
0x00000001d3367000 	/usr/lib/libcharset.1.dylib
0x00000001cfdea000 	/System/Library/Frameworks/CoreServices.framework/Versions/A/Frameworks/FSEvents.framework/Versions/A/FSEvents
0x00000001cb06f000 	/System/Library/Frameworks/CoreServices.framework/Versions/A/Frameworks/CarbonCore.framework/Versions/A/CarbonCore
0x00000001cf41e000 	/System/Library/Frameworks/CoreServices.framework/Versions/A/Frameworks/Metadata.framework/Versions/A/Metadata
0x00000001d30d8000 	/System/Library/Frameworks/CoreServices.framework/Versions/A/Frameworks/OSServices.framework/Versions/A/OSServices
0x00000001d359c000 	/System/Library/Frameworks/CoreServices.framework/Versions/A/Frameworks/SearchKit.framework/Versions/A/SearchKit
0x00000001cf17c000 	/System/Library/Frameworks/CoreServices.framework/Versions/A/Frameworks/AE.framework/Versions/A/AE
0x00000001c8ec4000 	/System/Library/Frameworks/CoreServices.framework/Versions/A/Frameworks/LaunchServices.framework/Versions/A/LaunchServices
0x00000001d3bfb000 	/System/Library/Frameworks/CoreServices.framework/Versions/A/Frameworks/DictionaryServices.framework/Versions/A/DictionaryServices
0x00000001cfdf7000 	/System/Library/Frameworks/CoreServices.framework/Versions/A/Frameworks/SharedFileList.framework/Versions/A/SharedFileList
0x00000001d2a77000 	/usr/lib/libCheckFix.dylib
0x00000001cdad9000 	/System/Library/PrivateFrameworks/TCC.framework/Versions/A/TCC
0x00000001d1ee3000 	/System/Library/PrivateFrameworks/CoreNLP.framework/Versions/A/CoreNLP
0x00000001cf3ce000 	/System/Library/PrivateFrameworks/MetadataUtilities.framework/Versions/A/MetadataUtilities
0x00000001c9621000 	/usr/lib/libmecabra.dylib
0x00000001d2aaf000 	/usr/lib/libmecab.dylib
0x00000001c95ed000 	/usr/lib/libCRFSuite.dylib
0x00000001d2b0d000 	/usr/lib/libgermantok.dylib
0x00000001d3613000 	/usr/lib/libThaiTokenizer.dylib
0x00000001cf4c3000 	/System/Library/Frameworks/Accelerate.framework/Versions/A/Frameworks/vImage.framework/Versions/A/vImage
0x00000001d9693000 	/System/Library/Frameworks/Accelerate.framework/Versions/A/Frameworks/vecLib.framework/Versions/A/vecLib
0x00000001d3d17000 	/System/Library/Frameworks/Accelerate.framework/Versions/A/Frameworks/vecLib.framework/Versions/A/libvMisc.dylib
0x00000001d25c0000 	/System/Library/Frameworks/Accelerate.framework/Versions/A/Frameworks/vecLib.framework/Versions/A/libvDSP.dylib
0x00000001c9247000 	/System/Library/Frameworks/Accelerate.framework/Versions/A/Frameworks/vecLib.framework/Versions/A/libBLAS.dylib
0x00000001d373b000 	/System/Library/Frameworks/Accelerate.framework/Versions/A/Frameworks/vecLib.framework/Versions/A/libLAPACK.dylib
0x00000001d2b10000 	/System/Library/Frameworks/Accelerate.framework/Versions/A/Frameworks/vecLib.framework/Versions/A/libLinearAlgebra.dylib
0x00000001d3652000 	/System/Library/Frameworks/Accelerate.framework/Versions/A/Frameworks/vecLib.framework/Versions/A/libSparseBLAS.dylib
0x00000001d3736000 	/System/Library/Frameworks/Accelerate.framework/Versions/A/Frameworks/vecLib.framework/Versions/A/libQuadrature.dylib
0x00000001d1fda000 	/System/Library/Frameworks/Accelerate.framework/Versions/A/Frameworks/vecLib.framework/Versions/A/libBNNS.dylib
0x00000001c9505000 	/System/Library/Frameworks/Accelerate.framework/Versions/A/Frameworks/vecLib.framework/Versions/A/libSparse.dylib
0x00000001d1fd2000 	/System/Library/PrivateFrameworks/LinguisticData.framework/Versions/A/LinguisticData
0x00000001c94bb000 	/System/Library/PrivateFrameworks/Lexicon.framework/Versions/A/Lexicon
0x00000001d3d0f000 	/usr/lib/libChineseTokenizer.dylib
0x00000001c9c65000 	/System/Library/PrivateFrameworks/LanguageModeling.framework/Versions/A/LanguageModeling
0x00000001d3615000 	/System/Library/PrivateFrameworks/AppleSauce.framework/Versions/A/AppleSauce
0x00000001d26a3000 	/System/Library/PrivateFrameworks/CoreEmoji.framework/Versions/A/CoreEmoji
0x00000001d3505000 	/usr/lib/libcmph.dylib
0x00000001cfdca000 	/System/Library/Frameworks/OpenDirectory.framework/Versions/A/Frameworks/CFOpenDirectory.framework/Versions/A/CFOpenDirectory
0x00000001cfdba000 	/System/Library/Frameworks/OpenDirectory.framework/Versions/A/OpenDirectory
0x00000001d3c6d000 	/System/Library/PrivateFrameworks/APFS.framework/Versions/A/APFS
0x00000001d29cf000 	/System/Library/Frameworks/SecurityFoundation.framework/Versions/A/SecurityFoundation
0x00000001d3ce1000 	/usr/lib/libutil.dylib
0x00000001cb3a4000 	/System/Library/PrivateFrameworks/CoreServicesStore.framework/Versions/A/CoreServicesStore
0x00000001d3ce5000 	/usr/lib/libxslt.1.dylib
0x00000001d2a63000 	/System/Library/PrivateFrameworks/BackgroundTaskManagement.framework/Versions/A/BackgroundTaskManagement
0x00000001d4f4a000 	/System/Library/Frameworks/ImageIO.framework/Versions/A/Resources/libRadiance.dylib
0x00000001d4f53000 	/System/Library/Frameworks/ImageIO.framework/Versions/A/Resources/libJPEG.dylib
0x00000001d4ea5000 	/System/Library/Frameworks/ImageIO.framework/Versions/A/Resources/libPng.dylib
0x00000001d4ec7000 	/System/Library/Frameworks/ImageIO.framework/Versions/A/Resources/libTIFF.dylib
0x00000001d4fae000 	/System/Library/Frameworks/ImageIO.framework/Versions/A/Resources/libGIF.dylib
0x00000001d48f3000 	/System/Library/Frameworks/ImageIO.framework/Versions/A/Resources/libJP2.dylib
0x00000001d4036000 	/usr/lib/libexpat.1.dylib
0x00000001d48ae000 	/System/Library/PrivateFrameworks/AppleJPEG.framework/Versions/A/AppleJPEG
0x00000001d1407000 	/System/Library/PrivateFrameworks/FontServices.framework/libFontParser.dylib
0x00000001cf121000 	/System/Library/PrivateFrameworks/RunningBoardServices.framework/Versions/A/RunningBoardServices
0x00000001df5e3000 	/System/Library/PrivateFrameworks/IOSurfaceAccelerator.framework/Versions/A/IOSurfaceAccelerator
0x00000001d49df000 	/System/Library/PrivateFrameworks/WatchdogClient.framework/Versions/A/WatchdogClient
0x00000001c9d69000 	/System/Library/Frameworks/CoreDisplay.framework/Versions/A/CoreDisplay
0x00000001d12f6000 	/System/Library/Frameworks/CoreMedia.framework/Versions/A/CoreMedia
0x00000001d118a000 	/System/Library/PrivateFrameworks/IOAccelerator.framework/Versions/A/IOAccelerator
0x00000001cff58000 	/System/Library/Frameworks/CoreVideo.framework/Versions/A/CoreVideo
0x00000001d3665000 	/System/Library/Frameworks/MetalPerformanceShaders.framework/Versions/A/MetalPerformanceShaders
0x00000001d4a1c000 	/System/Library/Frameworks/VideoToolbox.framework/Versions/A/VideoToolbox
0x00000001cf065000 	/System/Library/PrivateFrameworks/BaseBoard.framework/Versions/A/BaseBoard
0x00000001cee04000 	/System/Library/PrivateFrameworks/ProtocolBuffer.framework/Versions/A/ProtocolBuffer
0x00000001d4f45000 	/System/Library/PrivateFrameworks/GPUWrangler.framework/Versions/A/GPUWrangler
0x00000001d4f24000 	/System/Library/PrivateFrameworks/IOPresentment.framework/Versions/A/IOPresentment
0x00000001d4f4d000 	/System/Library/PrivateFrameworks/DSExternalDisplay.framework/Versions/A/DSExternalDisplay
0x0000000229910000 	/System/Library/Frameworks/OpenGL.framework/Versions/A/Libraries/libCoreFSCache.dylib
0x000000023302a000 	/System/Library/PrivateFrameworks/GPUCompiler.framework/Versions/31001/Libraries/libGPUCompilerUtils.dylib
0x00000001d4fb3000 	/System/Library/PrivateFrameworks/CMCaptureCore.framework/Versions/A/CMCaptureCore
0x00000001d45e9000 	/System/Library/PrivateFrameworks/AppServerSupport.framework/Versions/A/AppServerSupport
0x00000001d6788000 	/System/Library/PrivateFrameworks/perfdata.framework/Versions/A/perfdata
0x00000001c9e89000 	/System/Library/PrivateFrameworks/AudioToolboxCore.framework/Versions/A/AudioToolboxCore
0x00000001d12ce000 	/System/Library/PrivateFrameworks/caulk.framework/Versions/A/caulk
0x00000001d607d000 	/usr/lib/libAudioStatistics.dylib
0x00000001e7896000 	/System/Library/PrivateFrameworks/SystemPolicy.framework/Versions/A/SystemPolicy
0x00000001d62dd000 	/usr/lib/libSMC.dylib
0x00000001dee5a000 	/System/Library/Frameworks/CoreMIDI.framework/Versions/A/CoreMIDI
0x00000001d4e73000 	/usr/lib/libAudioToolboxUtility.dylib
0x00000001e3d3c000 	/System/Library/PrivateFrameworks/OSAServicesClient.framework/Versions/A/OSAServicesClient
0x00000001d6795000 	/usr/lib/libperfcheck.dylib
0x00000001e8399000 	/usr/lib/libmis.dylib
0x0000000229971000 	/System/Library/Frameworks/OpenGL.framework/Versions/A/Libraries/libGLU.dylib
0x0000000229930000 	/System/Library/Frameworks/OpenGL.framework/Versions/A/Libraries/libGFXShared.dylib
0x0000000229b1a000 	/System/Library/Frameworks/OpenGL.framework/Versions/A/Libraries/libGL.dylib
0x0000000229939000 	/System/Library/Frameworks/OpenGL.framework/Versions/A/Libraries/libGLImage.dylib
0x000000022992d000 	/System/Library/Frameworks/OpenGL.framework/Versions/A/Libraries/libCVMSPluginSupport.dylib
0x0000000229917000 	/System/Library/Frameworks/OpenGL.framework/Versions/A/Libraries/libCoreVMClient.dylib
0x00000001d1e5f000 	/System/Library/Frameworks/MetalPerformanceShaders.framework/Versions/A/Frameworks/MPSCore.framework/Versions/A/MPSCore
0x00000001d3027000 	/System/Library/Frameworks/MetalPerformanceShaders.framework/Versions/A/Frameworks/MPSImage.framework/Versions/A/MPSImage
0x00000001d2b25000 	/System/Library/Frameworks/MetalPerformanceShaders.framework/Versions/A/Frameworks/MPSNeuralNetwork.framework/Versions/A/MPSNeuralNetwork
0x00000001d2f62000 	/System/Library/Frameworks/MetalPerformanceShaders.framework/Versions/A/Frameworks/MPSMatrix.framework/Versions/A/MPSMatrix
0x00000001d2d3d000 	/System/Library/Frameworks/MetalPerformanceShaders.framework/Versions/A/Frameworks/MPSRayIntersector.framework/Versions/A/MPSRayIntersector
0x00000001d2f93000 	/System/Library/Frameworks/MetalPerformanceShaders.framework/Versions/A/Frameworks/MPSNDArray.framework/Versions/A/MPSNDArray
0x000000022b62c000 	/System/Library/Frameworks/MetalPerformanceShaders.framework/Versions/A/Frameworks/MPSFunctions.framework/Versions/A/MPSFunctions
0x00000001c9125000 	/System/Library/PrivateFrameworks/MetalTools.framework/Versions/A/MetalTools
0x00000001d1edb000 	/System/Library/PrivateFrameworks/AggregateDictionary.framework/Versions/A/AggregateDictionary
0x00000001d3e1c000 	/usr/lib/libIOReport.dylib
0x00000001dde48000 	/System/Library/PrivateFrameworks/ASEProcessing.framework/Versions/A/ASEProcessing
0x00000001d418e000 	/System/Library/PrivateFrameworks/FaceCore.framework/Versions/A/FaceCore
0x00000001d4180000 	/System/Library/PrivateFrameworks/GraphVisualizer.framework/Versions/A/GraphVisualizer
0x0000000232f41000 	/System/Library/PrivateFrameworks/FontServices.framework/Versions/A/FontServices
0x00000001d45a3000 	/System/Library/PrivateFrameworks/OTSVG.framework/Versions/A/OTSVG
0x00000001cfb26000 	/System/Library/Frameworks/ApplicationServices.framework/Versions/A/Frameworks/ATS.framework/Versions/A/Resources/libFontRegistry.dylib
0x00000001d45f2000 	/System/Library/PrivateFrameworks/FontServices.framework/libhvf.dylib
0x0000000232f42000 	/System/Library/PrivateFrameworks/FontServices.framework/libXTFontStaticRegistryData.dylib
0x0000000229cbc000 	/System/Library/Frameworks/OpenCL.framework/Versions/A/OpenCL
0x00000001d3fea000 	/System/Library/PrivateFrameworks/AppleVA.framework/Versions/A/AppleVA
0x00000001d60a5000 	/System/Library/Frameworks/ApplicationServices.framework/Versions/A/Frameworks/ATS.framework/Versions/A/ATS
0x00000001ce5ca000 	/System/Library/Frameworks/ApplicationServices.framework/Versions/A/Frameworks/HIServices.framework/Versions/A/HIServices
0x00000001d4fbd000 	/System/Library/Frameworks/ApplicationServices.framework/Versions/A/Frameworks/PrintCore.framework/Versions/A/PrintCore
0x00000001d6430000 	/System/Library/Frameworks/ApplicationServices.framework/Versions/A/Frameworks/QD.framework/Versions/A/QD
0x00000001d6428000 	/System/Library/Frameworks/ApplicationServices.framework/Versions/A/Frameworks/ColorSyncLegacy.framework/Versions/A/ColorSyncLegacy
0x00000001d6091000 	/System/Library/Frameworks/ApplicationServices.framework/Versions/A/Frameworks/SpeechSynthesis.framework/Versions/A/SpeechSynthesis
0x00000001d4f7e000 	/System/Library/Frameworks/ApplicationServices.framework/Versions/A/Frameworks/ATSUI.framework/Versions/A/ATSUI
0x00000001d63bd000 	/usr/lib/libcups.2.dylib
0x00000001d67a3000 	/System/Library/Frameworks/Kerberos.framework/Versions/A/Kerberos
0x00000001d67b4000 	/System/Library/Frameworks/GSS.framework/Versions/A/GSS
0x00000001d6114000 	/usr/lib/libresolv.9.dylib
0x00000001d4600000 	/System/Library/PrivateFrameworks/Heimdal.framework/Versions/A/Heimdal
0x00000001dd0bc000 	/System/Library/Frameworks/Kerberos.framework/Versions/A/Libraries/libHeimdalProxy.dylib
0x00000001cf200000 	/System/Library/Frameworks/Network.framework/Versions/A/Network
0x00000001d4051000 	/usr/lib/libheimdal-asn1.dylib
0x00000001d67fa000 	/System/Library/PrivateFrameworks/CommonAuth.framework/Versions/A/CommonAuth
0x00000001d600b000 	/System/Library/PrivateFrameworks/AudioSession.framework/Versions/A/AudioSession
0x00000001d40e2000 	/System/Library/PrivateFrameworks/MediaExperience.framework/Versions/A/MediaExperience
0x00000001d5e93000 	/System/Library/PrivateFrameworks/AudioSession.framework/libSessionUtility.dylib
0x00000001d643c000 	/System/Library/PrivateFrameworks/AudioResourceArbitration.framework/Versions/A/AudioResourceArbitration
0x00000001d405a000 	/System/Library/PrivateFrameworks/IconFoundation.framework/Versions/A/IconFoundation
0x00000001d92c1000 	/System/Library/PrivateFrameworks/SpeechRecognitionCore.framework/Versions/A/SpeechRecognitionCore
0x000000010547c000 	/Library/Java/JavaVirtualMachines/liberica-jdk-16-full.jdk/Contents/Home/lib/server/libjvm.dylib
0x0000000104464000 	/Library/Java/JavaVirtualMachines/liberica-jdk-16-full.jdk/Contents/Home/lib/libjimage.dylib
0x0000000104490000 	/Library/Java/JavaVirtualMachines/liberica-jdk-16-full.jdk/Contents/Home/lib/libinstrument.dylib
0x0000000104598000 	/Library/Java/JavaVirtualMachines/liberica-jdk-16-full.jdk/Contents/Home/lib/libjava.dylib
0x000000010457c000 	/Library/Java/JavaVirtualMachines/liberica-jdk-16-full.jdk/Contents/Home/lib/libzip.dylib
0x000000010506c000 	/Library/Java/JavaVirtualMachines/liberica-jdk-16-full.jdk/Contents/Home/lib/libnio.dylib
0x00000001050b0000 	/Library/Java/JavaVirtualMachines/liberica-jdk-16-full.jdk/Contents/Home/lib/libnet.dylib
0x000000010504c000 	/Library/Java/JavaVirtualMachines/liberica-jdk-16-full.jdk/Contents/Home/lib/libextnet.dylib
0x00000001050d4000 	/Library/Java/JavaVirtualMachines/liberica-jdk-16-full.jdk/Contents/Home/lib/libprism_es2.dylib
0x00000001cb367000 	/System/Library/PrivateFrameworks/CoreServicesInternal.framework/Versions/A/CoreServicesInternal
0x0000000229b24000 	/System/Library/Frameworks/OpenGL.framework/Versions/A/Resources/GLEngine.bundle/GLEngine
0x00000002299ab000 	/System/Library/Frameworks/OpenGL.framework/Versions/A/Libraries/libGLProgrammability.dylib
0x00000001053b4000 	/System/Library/Extensions/AppleMetalOpenGLRenderer.bundle/Contents/MacOS/AppleMetalOpenGLRenderer
0x0000000229c93000 	/System/Library/Frameworks/OpenGL.framework/Versions/A/Resources/GLRendererFloat.bundle/GLRendererFloat
0x0000000229d34000 	/System/Library/Extensions/AGXMetal13_3.bundle/Contents/MacOS/AGXMetal13_3
0x00000001e83b5000 	/System/Library/PrivateFrameworks/GPURawCounter.framework/Versions/A/GPURawCounter
0x00000001e2e8a000 	/System/Library/PrivateFrameworks/IOGPU.framework/Versions/A/IOGPU
0x0000000132c00000 	/Library/Java/JavaVirtualMachines/liberica-jdk-16-full.jdk/Contents/Home/lib/libglass.dylib
0x00000001da761000 	/System/Library/Frameworks/FileProvider.framework/Versions/A/FileProvider
0x00000001cefcd000 	/System/Library/Frameworks/Accounts.framework/Versions/A/Accounts
0x00000001da8e1000 	/System/Library/PrivateFrameworks/GenerationalStorage.framework/Versions/A/GenerationalStorage
0x00000001db491000 	/System/Library/PrivateFrameworks/CoreSymbolication.framework/Versions/A/CoreSymbolication
0x00000001da501000 	/System/Library/PrivateFrameworks/SymptomDiagnosticReporter.framework/Versions/A/SymptomDiagnosticReporter
0x00000001cc64c000 	/System/Library/PrivateFrameworks/DesktopServicesPriv.framework/Versions/A/DesktopServicesPriv
0x00000001cb4c6000 	/usr/lib/libsandbox.1.dylib
0x00000001cffe4000 	/System/Library/PrivateFrameworks/UserManagement.framework/Versions/A/UserManagement
0x00000001db452000 	/System/Library/PrivateFrameworks/DebugSymbols.framework/Versions/A/DebugSymbols
0x00000001d641b000 	/System/Library/PrivateFrameworks/NetAuth.framework/Versions/A/NetAuth
0x00000001d7319000 	/System/Library/PrivateFrameworks/Sharing.framework/Versions/A/Sharing
0x00000001cffb4000 	/System/Library/PrivateFrameworks/login.framework/Versions/A/Frameworks/loginsupport.framework/Versions/A/loginsupport
0x00000001dc602000 	/System/Library/PrivateFrameworks/Apple80211.framework/Versions/A/Apple80211
0x00000001d310b000 	/System/Library/PrivateFrameworks/AuthKit.framework/Versions/A/AuthKit
0x00000001d27a2000 	/System/Library/PrivateFrameworks/CoreUtils.framework/Versions/A/CoreUtils
0x00000001d26c2000 	/System/Library/Frameworks/CoreWLAN.framework/Versions/A/CoreWLAN
0x00000001d7482000 	/System/Library/Frameworks/IOBluetooth.framework/Versions/A/IOBluetooth
0x00000001dc662000 	/System/Library/PrivateFrameworks/CoreWiFi.framework/Versions/A/CoreWiFi
0x00000001db039000 	/System/Library/PrivateFrameworks/FrontBoardServices.framework/Versions/A/FrontBoardServices
0x00000001db0d1000 	/System/Library/PrivateFrameworks/BoardServices.framework/Versions/A/BoardServices
0x00000001d29bd000 	/System/Library/PrivateFrameworks/AssertionServices.framework/Versions/A/AssertionServices
0x00000001dc7d0000 	/System/Library/PrivateFrameworks/BackBoardServices.framework/Versions/A/BackBoardServices
0x00000001d688d000 	/System/Library/PrivateFrameworks/CorePhoneNumbers.framework/Versions/A/CorePhoneNumbers
0x00000001da631000 	/System/Library/PrivateFrameworks/DiskManagement.framework/Versions/A/DiskManagement
0x00000001da534000 	/System/Library/PrivateFrameworks/AppleIDAuthSupport.framework/Versions/A/AppleIDAuthSupport
0x000000022d8c5000 	/System/Library/PrivateFrameworks/AAAFoundation.framework/Versions/A/AAAFoundation
0x00000001d686c000 	/System/Library/PrivateFrameworks/KeychainCircle.framework/Versions/A/KeychainCircle
0x00000001da5fd000 	/System/Library/PrivateFrameworks/MediaKit.framework/Versions/A/MediaKit
0x00000001da541000 	/System/Library/Frameworks/DiscRecording.framework/Versions/A/DiscRecording
0x00000001d3f66000 	/usr/lib/libCoreStorage.dylib
0x00000001dcaca000 	/usr/lib/libcsfde.dylib
0x00000001d7557000 	/System/Library/PrivateFrameworks/ProtectedCloudStorage.framework/Versions/A/ProtectedCloudStorage
0x00000001dcac2000 	/System/Library/PrivateFrameworks/EFILogin.framework/Versions/A/EFILogin
0x00000001da908000 	/System/Library/PrivateFrameworks/OctagonTrust.framework/Versions/A/OctagonTrust
0x00000002321ac000 	/System/Library/PrivateFrameworks/CoreUtilsExtras.framework/Versions/A/CoreUtilsExtras
0x00000001da473000 	/System/Library/Frameworks/CoreBluetooth.framework/Versions/A/CoreBluetooth
0x00000001dd141000 	/System/Library/Frameworks/AudioUnit.framework/Versions/A/AudioUnit
0x00000001d3f5e000 	/usr/lib/libMatch.1.dylib
0x00000001ec61c000 	/System/Library/Frameworks/Accelerate.framework/Versions/A/Frameworks/vImage.framework/Versions/A/Libraries/libCGInterfaces.dylib
0x00000001355ec000 	/usr/lib/libobjc-trampolines.dylib
0x00000001cfcb2000 	/System/Library/PrivateFrameworks/ViewBridge.framework/Versions/A/ViewBridge
0x00000001d46ae000 	/System/Library/PrivateFrameworks/login.framework/Versions/A/login
0x000000014563c000 	/Library/Java/JavaVirtualMachines/liberica-jdk-16-full.jdk/Contents/Home/lib/libglib-lite.dylib
0x0000000145930000 	/Library/Java/JavaVirtualMachines/liberica-jdk-16-full.jdk/Contents/Home/lib/libgstreamer-lite.dylib
0x0000000145500000 	/Library/Java/JavaVirtualMachines/liberica-jdk-16-full.jdk/Contents/Home/lib/libjfxmedia.dylib
0x0000000145290000 	/Library/Java/JavaVirtualMachines/liberica-jdk-16-full.jdk/Contents/Home/lib/libjfxmedia_avf.dylib
0x00000001e76a2000 	/System/Library/Frameworks/AVFoundation.framework/Versions/A/AVFoundation
0x000000022a848000 	/System/Library/Frameworks/AVFAudio.framework/Versions/A/AVFAudio
0x00000001dae1c000 	/System/Library/PrivateFrameworks/AVFCore.framework/Versions/A/AVFCore
0x00000001e1cee000 	/System/Library/PrivateFrameworks/AVFCapture.framework/Versions/A/AVFCapture
0x00000001e642d000 	/System/Library/PrivateFrameworks/AirPlaySync.framework/Versions/A/AirPlaySync
0x00000001d51c7000 	/System/Library/Frameworks/MediaToolbox.framework/Versions/A/MediaToolbox
0x00000001da72d000 	/System/Library/PrivateFrameworks/CoreAVCHD.framework/Versions/A/CoreAVCHD
0x00000001d9959000 	/System/Library/Frameworks/MediaAccessibility.framework/Versions/A/MediaAccessibility
0x00000001da729000 	/System/Library/PrivateFrameworks/Mangrove.framework/Versions/A/Mangrove
0x00000001d9966000 	/System/Library/PrivateFrameworks/AlgosScoreFramework.framework/Versions/A/AlgosScoreFramework
0x000000022f4b4000 	/System/Library/PrivateFrameworks/CMPhoto.framework/Versions/A/CMPhoto
0x00000001da71d000 	/System/Library/PrivateFrameworks/CoreAUC.framework/Versions/A/CoreAUC
0x000000022f49a000 	/System/Library/PrivateFrameworks/CMImaging.framework/Versions/A/CMImaging
0x00000001e1e43000 	/System/Library/PrivateFrameworks/Quagga.framework/Versions/A/Quagga
0x00000001e1f09000 	/System/Library/PrivateFrameworks/CMCapture.framework/Versions/A/CMCapture
0x00000001d6205000 	/System/Library/Frameworks/CoreMediaIO.framework/Versions/A/CoreMediaIO
0x00000001dd281000 	/System/Library/PrivateFrameworks/Espresso.framework/Versions/A/Espresso
0x00000001dcb45000 	/System/Library/PrivateFrameworks/AppSupport.framework/Versions/A/AppSupport
0x000000020d692000 	/System/Library/PrivateFrameworks/ANECompiler.framework/Versions/A/ANECompiler
0x00000001dedda000 	/System/Library/PrivateFrameworks/AppleNeuralEngine.framework/Versions/A/AppleNeuralEngine
0x00000002359a2000 	/System/Library/PrivateFrameworks/MIL.framework/Versions/A/MIL
0x000000022b640000 	/System/Library/Frameworks/MetalPerformanceShadersGraph.framework/Versions/A/MetalPerformanceShadersGraph
0x00000001ddcc4000 	/System/Library/PrivateFrameworks/ANEServices.framework/Versions/A/ANEServices
0x00000001ec008000 	/usr/lib/libncurses.5.4.dylib
0x00000001452b4000 	/Library/Java/JavaVirtualMachines/liberica-jdk-16-full.jdk/Contents/Home/lib/libfxplugins.dylib
0x000000022d04c000 	/System/Library/Frameworks/VideoDecodeAcceleration.framework/Versions/A/VideoDecodeAcceleration
0x0000000145778000 	/System/Library/Components/CoreAudio.component/Contents/MacOS/CoreAudio
0x00000001473f0000 	/System/Library/Components/AudioCodecs.component/Contents/MacOS/AudioCodecs
0x0000000145540000 	/Library/Java/JavaVirtualMachines/liberica-jdk-16-full.jdk/Contents/Home/lib/libjavafx_font.dylib
0x00000002453c2000 	/usr/lib/libRosetta.dylib
0x00000001455ac000 	/Library/Java/JavaVirtualMachines/liberica-jdk-16-full.jdk/Contents/Home/lib/libjavafx_iio.dylib


VM Arguments:
jvm_args: -javaagent:/Applications/IntelliJ IDEA CE.app/Contents/lib/idea_rt.jar=49681:/Applications/IntelliJ IDEA CE.app/Contents/bin -Dfile.encoding=UTF-8 
java_command: sample.Main
java_class_path (initial): /Users/franzlleshaj/IdeaProjects/chess/out/production/chess
Launcher Type: SUN_STANDARD

[Global flags]
     intx CICompilerCount                          = 4                                         {product} {ergonomic}
     uint ConcGCThreads                            = 2                                         {product} {ergonomic}
     uint G1ConcRefinementThreads                  = 8                                         {product} {ergonomic}
   size_t G1HeapRegionSize                         = 2097152                                   {product} {ergonomic}
    uintx GCDrainStackTargetSize                   = 64                                        {product} {ergonomic}
   size_t InitialHeapSize                          = 268435456                                 {product} {ergonomic}
   size_t MarkStackSize                            = 4194304                                   {product} {ergonomic}
   size_t MaxHeapSize                              = 4294967296                                {product} {ergonomic}
   size_t MaxNewSize                               = 2575302656                                {product} {ergonomic}
   size_t MinHeapDeltaBytes                        = 2097152                                   {product} {ergonomic}
   size_t MinHeapSize                              = 8388608                                   {product} {ergonomic}
    uintx NonNMethodCodeHeapSize                   = 5839564                                {pd product} {ergonomic}
    uintx NonProfiledCodeHeapSize                  = 122909338                              {pd product} {ergonomic}
    uintx ProfiledCodeHeapSize                     = 122909338                              {pd product} {ergonomic}
    uintx ReservedCodeCacheSize                    = 251658240                              {pd product} {ergonomic}
     bool SegmentedCodeCache                       = true                                      {product} {ergonomic}
   size_t SoftMaxHeapSize                          = 4294967296                             {manageable} {ergonomic}
     bool UseCompressedClassPointers               = true                           {product lp64_product} {ergonomic}
     bool UseCompressedOops                        = true                           {product lp64_product} {ergonomic}
     bool UseG1GC                                  = true                                      {product} {ergonomic}
     bool UseNUMA                                  = false                                     {product} {ergonomic}
     bool UseNUMAInterleaving                      = false                                     {product} {ergonomic}

Logging:
Log output configuration:
 #0: stdout all=warning uptime,level,tags
 #1: stderr all=off uptime,level,tags

Environment Variables:
PATH=/Users/franzlleshaj/miniforge3/condabin:/opt/homebrew/bin:/opt/homebrew/sbin:/usr/local/bin:/usr/bin:/bin:/usr/sbin:/sbin:/Users/franzlleshaj/.local/bin
SHELL=/bin/zsh
LC_CTYPE=en_US.UTF-8

Signal Handlers:
SIGSEGV: [libjvm.dylib+0x9bfc08], sa_mask[0]=11100110000111110111111111111111, sa_flags=SA_ONSTACK|SA_RESTART|SA_SIGINFO
SIGBUS: [libjvm.dylib+0x9bfc08], sa_mask[0]=11100110000111110111111111111111, sa_flags=SA_RESTART|SA_SIGINFO
SIGFPE: [libjvm.dylib+0x9bfc08], sa_mask[0]=11100110000111110111111111111111, sa_flags=SA_RESTART|SA_SIGINFO
SIGPIPE: [libjvm.dylib+0x8a7170], sa_mask[0]=11100110000111110111111111111111, sa_flags=SA_RESTART|SA_SIGINFO
SIGXFSZ: [libjvm.dylib+0x8a7170], sa_mask[0]=11100110000111110111111111111111, sa_flags=SA_RESTART|SA_SIGINFO
SIGILL: [libjvm.dylib+0x9bfc08], sa_mask[0]=11100110000111110111111111111111, sa_flags=SA_RESTART|SA_SIGINFO
SIGUSR2: [libjvm.dylib+0x8a7ba8], sa_mask[0]=00100000000000000000000000000000, sa_flags=SA_RESTART|SA_SIGINFO
SIGHUP: [libjvm.dylib+0x8a6220], sa_mask[0]=11100110000111110111111111111111, sa_flags=SA_RESTART|SA_SIGINFO
SIGINT: [libjvm.dylib+0x8a6220], sa_mask[0]=11100110000111110111111111111111, sa_flags=SA_RESTART|SA_SIGINFO
SIGTERM: [libjvm.dylib+0x8a6220], sa_mask[0]=11100110000111110111111111111111, sa_flags=SA_RESTART|SA_SIGINFO
SIGQUIT: [libjvm.dylib+0x8a6220], sa_mask[0]=11100110000111110111111111111111, sa_flags=SA_RESTART|SA_SIGINFO
SIGTRAP: [libjvm.dylib+0x9bfc08], sa_mask[0]=11100110000111110111111111111111, sa_flags=SA_RESTART|SA_SIGINFO


---------------  S Y S T E M  ---------------

OS:uname: Darwin 21.1.0 Darwin Kernel Version 21.1.0: Wed Oct 13 17:33:24 PDT 2021; root:xnu-8019.41.5~1/RELEASE_ARM64_T8101 arm64
OS uptime: 1 days 6:00 hours
rlimit (soft/hard): STACK 8176k/65520k , CORE 0k/infinity , NPROC 2666/4000 , NOFILE 10240/infinity , AS infinity/infinity , CPU infinity/infinity , DATA infinity/infinity , FSIZE infinity/infinity , MEMLOCK infinity/infinity , RSS infinity/infinity
load average: 1.89 1.86 1.83

CPU: total 8 (initial active 8) 0x61:0x0:0x1b588bb3:0, simd, crc, lse

Memory: 16k page, physical 16777216k(586624k free), swap 1048576k(1028096k free)

vm_info: OpenJDK 64-Bit Server VM (16.0.2+7) for bsd-aarch64 JRE (16.0.2+7), built on Jul 22 2021 03:27:58 by "bellsoft" with clang Apple LLVM 12.0.0 (clang-1200.0.32.28)

END.
